[ 2017-08-01T20:55:50+08:00 ] ::1 /mssd/1/
INFO: [ app_init ] --START--
INFO: Run Behavior\BuildLiteBehavior [ RunTime:0.000072s ]
INFO: [ app_init ] --END-- [ RunTime:0.001170s ]
INFO: [ app_begin ] --START--
INFO: Run Behavior\ReadHtmlCacheBehavior [ RunTime:0.001331s ]
INFO: [ app_begin ] --END-- [ RunTime:0.001686s ]
SQL: SHOW COLUMNS FROM `saya_system` [ RunTime:0.0406s ]
SQL: SELECT `sLoginTimeout` FROM `saya_system` WHERE ( sId=1 ) LIMIT 1   [ RunTime:0.0008s ]
INFO: [ view_parse ] --START--
INFO: [ template_filter ] --START--
INFO: Run Behavior\ContentReplaceBehavior [ RunTime:0.000191s ]
INFO: [ template_filter ] --END-- [ RunTime:0.000570s ]
INFO: Run Behavior\ParseTemplateBehavior [ RunTime:0.026796s ]
INFO: [ view_parse ] --END-- [ RunTime:0.027159s ]
INFO: [ view_filter ] --START--
INFO: Run Behavior\WriteHtmlCacheBehavior [ RunTime:0.000740s ]
INFO: [ view_filter ] --END-- [ RunTime:0.001062s ]

[ 2017-08-01T20:55:53+08:00 ] ::1 /mssd/1/login/index.html
INFO: [ app_init ] --START--
INFO: Run Behavior\BuildLiteBehavior [ RunTime:0.000143s ]
INFO: [ app_init ] --END-- [ RunTime:0.001570s ]
INFO: [ app_begin ] --START--
INFO: Run Behavior\ReadHtmlCacheBehavior [ RunTime:0.001210s ]
INFO: [ app_begin ] --END-- [ RunTime:0.001566s ]
SQL: SHOW COLUMNS FROM `saya_system` [ RunTime:0.0059s ]
SQL: SELECT `sLogo`,`sName`,`sCopyrightName`,`sCopyrightAuthor`,`sCheckCodeSwitch`,`sVersion`,`sCopyrightAuthorTel`,`sCopyrightAuthorQQ` FROM `saya_system` WHERE ( sId=1 ) LIMIT 1   [ RunTime:0.0007s ]
INFO: [ view_parse ] --START--
INFO: [ template_filter ] --START--
INFO: Run Behavior\ContentReplaceBehavior [ RunTime:0.000233s ]
INFO: [ template_filter ] --END-- [ RunTime:0.000633s ]
NOTIC: [8] Undefined index: sname E:\wampserver\www\mssd\1\Application\Runtime\Cache\Personnelsystem\a451a05b0825cb45a2701106fb08940a.php 第 9 行.
INFO: Run Behavior\ParseTemplateBehavior [ RunTime:0.035963s ]
INFO: [ view_parse ] --END-- [ RunTime:0.036308s ]
INFO: [ view_filter ] --START--
INFO: Run Behavior\WriteHtmlCacheBehavior [ RunTime:0.001040s ]
INFO: [ view_filter ] --END-- [ RunTime:0.001416s ]
INFO: [ app_end ] --START--
INFO: Run Behavior\ShowPageTraceBehavior [ RunTime:0.001404s ]
INFO: [ app_end ] --END-- [ RunTime:0.001737s ]

[ 2017-08-01T20:55:55+08:00 ] ::1 /mssd/1/Personnelsystem/Login/CheckLogin/
INFO: [ app_init ] --START--
INFO: Run Behavior\BuildLiteBehavior [ RunTime:0.000139s ]
INFO: [ app_init ] --END-- [ RunTime:0.002015s ]
INFO: [ app_begin ] --START--
INFO: Run Behavior\ReadHtmlCacheBehavior [ RunTime:0.001597s ]
INFO: [ app_begin ] --END-- [ RunTime:0.002240s ]
SQL: SHOW COLUMNS FROM `saya_system` [ RunTime:0.0074s ]
SQL: SELECT `sCheckCodeSwitch`,`sErrorPwdLockNum`,`sLoginTimeout` FROM `saya_system` WHERE ( sId=1 ) LIMIT 1   [ RunTime:0.0006s ]
SQL: SHOW COLUMNS FROM `saya_admin` [ RunTime:0.1035s ]
SQL: SELECT * FROM `saya_admin` WHERE ( aUser='system' OR aTel='system' ) LIMIT 1   [ RunTime:0.0010s ]
SQL: UPDATE `saya_admin` SET `aLoginNum`='31',`aErrorPwdNum`='0' WHERE ( aUser='system' OR aTel='system' ) [ RunTime:0.0008s ]
INFO: [ view_parse ] --START--
INFO: [ template_filter ] --START--
INFO: Run Behavior\ContentReplaceBehavior [ RunTime:0.000344s ]
INFO: [ template_filter ] --END-- [ RunTime:0.000945s ]
INFO: Run Behavior\ParseTemplateBehavior [ RunTime:0.016528s ]
INFO: [ view_parse ] --END-- [ RunTime:0.016886s ]
INFO: [ view_filter ] --START--
INFO: Run Behavior\WriteHtmlCacheBehavior [ RunTime:0.000709s ]
INFO: [ view_filter ] --END-- [ RunTime:0.001036s ]
INFO: [ app_end ] --START--
INFO: Run Behavior\ShowPageTraceBehavior [ RunTime:0.001382s ]
INFO: [ app_end ] --END-- [ RunTime:0.001736s ]

[ 2017-08-01T20:55:57+08:00 ] ::1 /mssd/1/Index.html
INFO: [ app_init ] --START--
INFO: Run Behavior\BuildLiteBehavior [ RunTime:0.000145s ]
INFO: [ app_init ] --END-- [ RunTime:0.001770s ]
INFO: [ app_begin ] --START--
INFO: Run Behavior\ReadHtmlCacheBehavior [ RunTime:0.001815s ]
INFO: [ app_begin ] --END-- [ RunTime:0.002545s ]
SQL: SHOW COLUMNS FROM `saya_system` [ RunTime:0.0063s ]
SQL: SELECT `sLoginTimeout` FROM `saya_system` WHERE ( sId=1 ) LIMIT 1   [ RunTime:0.0007s ]
SQL: SELECT `sLoginTimeout` FROM `saya_system` WHERE ( sId=1 ) LIMIT 1   [ RunTime:0.0006s ]
SQL: SELECT `sName`,`sDepartment`,`sCopyrightName`,`sCopyrightAuthor`,`sVersion`,`sCopyrightAuthorTel`,`sCopyrightAuthorQQ` FROM `saya_system` WHERE ( sId=1 ) LIMIT 1   [ RunTime:0.0007s ]
SQL: SHOW COLUMNS FROM `saya_admin_role` [ RunTime:0.0564s ]
NOTIC: [8] Undefined variable: morepowersValue E:\wampserver\www\mssd\1\Application\Personnelsystem\Controller\IndexController.class.php 第 30 行.
SQL: SHOW COLUMNS FROM `saya_department` [ RunTime:0.0263s ]
SQL: SELECT * FROM `saya_department` WHERE ( dId=0 ) LIMIT 1   [ RunTime:0.0006s ]
SQL: SELECT `sLoginTimeout` FROM `saya_system` WHERE ( sId=1 ) LIMIT 1   [ RunTime:0.0005s ]
SQL: SELECT `sLoginTimeout` FROM `saya_system` WHERE ( sId=1 ) LIMIT 1   [ RunTime:0.0006s ]
SQL: SHOW COLUMNS FROM `saya_staff` [ RunTime:0.0333s ]
SQL: SELECT COUNT(*) AS tp_count FROM `saya_staff` WHERE `stBirthdate` LIKE '%08-01%' AND `stBirthdateType` = 1 LIMIT 1   [ RunTime:0.0010s ]
SQL: SELECT COUNT(*) AS tp_count FROM `saya_staff` WHERE `stBirthdate` LIKE '%07-10%' AND `stBirthdateType` = 2 LIMIT 1   [ RunTime:0.0007s ]
SQL: SHOW COLUMNS FROM `saya_hdmenu` [ RunTime:0.0083s ]
SQL: SELECT * FROM `saya_hdmenu`  [ RunTime:0.0005s ]
INFO: [ view_parse ] --START--
INFO: [ template_filter ] --START--
INFO: Run Behavior\ContentReplaceBehavior [ RunTime:0.000580s ]
INFO: [ template_filter ] --END-- [ RunTime:0.000984s ]
NOTIC: [8] Undefined variable: rs_users E:\wampserver\www\mssd\1\Application\Runtime\Cache\Personnelsystem\893122f858811a5339e67690bf0a2103.php 第 32 行.
NOTIC: [8] Undefined variable: rs_admin E:\wampserver\www\mssd\1\Application\Runtime\Cache\Personnelsystem\893122f858811a5339e67690bf0a2103.php 第 32 行.
INFO: Run Behavior\ParseTemplateBehavior [ RunTime:0.055444s ]
INFO: [ view_parse ] --END-- [ RunTime:0.055957s ]
INFO: [ view_filter ] --START--
INFO: Run Behavior\WriteHtmlCacheBehavior [ RunTime:0.000721s ]
INFO: [ view_filter ] --END-- [ RunTime:0.001044s ]
INFO: [ app_end ] --START--
INFO: Run Behavior\ShowPageTraceBehavior [ RunTime:0.001702s ]
INFO: [ app_end ] --END-- [ RunTime:0.002089s ]

[ 2017-08-01T20:55:57+08:00 ] ::1 /mssd/1/Index/welcome
INFO: [ app_init ] --START--
INFO: Run Behavior\BuildLiteBehavior [ RunTime:0.000139s ]
INFO: [ app_init ] --END-- [ RunTime:0.001702s ]
INFO: [ app_begin ] --START--
INFO: Run Behavior\ReadHtmlCacheBehavior [ RunTime:0.001710s ]
INFO: [ app_begin ] --END-- [ RunTime:0.002376s ]
SQL: SHOW COLUMNS FROM `saya_system` [ RunTime:0.0086s ]
SQL: SELECT `sLoginTimeout` FROM `saya_system` WHERE ( sId=1 ) LIMIT 1   [ RunTime:0.0007s ]
SQL: SELECT `sLoginTimeout` FROM `saya_system` WHERE ( sId=1 ) LIMIT 1   [ RunTime:0.0008s ]
SQL: SHOW COLUMNS FROM `saya_admin` [ RunTime:0.0071s ]
SQL: SELECT `aLoginNum` FROM `saya_admin` WHERE ( aUser='system' ) LIMIT 1   [ RunTime:0.0007s ]
SQL: SHOW COLUMNS FROM `saya_admin_role` [ RunTime:0.0071s ]
NOTIC: [8] Undefined variable: morepowersValue E:\wampserver\www\mssd\1\Application\Personnelsystem\Controller\IndexController.class.php 第 76 行.
SQL: SHOW COLUMNS FROM `saya_hdmenu` [ RunTime:0.0075s ]
SQL: SELECT * FROM `saya_hdmenu`  [ RunTime:0.0007s ]
SQL: SELECT COUNT(*) AS tp_count FROM `saya_admin_role` LIMIT 1   [ RunTime:0.0007s ]
SQL: SELECT COUNT(*) AS tp_count FROM `saya_admin` LIMIT 1   [ RunTime:0.0006s ]
SQL: SHOW COLUMNS FROM `saya_department` [ RunTime:0.0071s ]
SQL: SELECT COUNT(*) AS tp_count FROM `saya_department` LIMIT 1   [ RunTime:0.0005s ]
SQL: SHOW COLUMNS FROM `saya_staff` [ RunTime:0.0085s ]
SQL: SELECT COUNT(*) AS tp_count FROM `saya_staff` WHERE ( stBlacklist=0 ) LIMIT 1   [ RunTime:0.0008s ]
SQL: SELECT COUNT(*) AS tp_count FROM `saya_staff` WHERE ( stJobState=1 AND stBlacklist=0 ) LIMIT 1   [ RunTime:0.0007s ]
SQL: SELECT COUNT(*) AS tp_count FROM `saya_staff` WHERE ( stJobState=0 AND stBlacklist=0 ) LIMIT 1   [ RunTime:0.0007s ]
SQL: SELECT COUNT(*) AS tp_count FROM `saya_staff` WHERE ( stBlacklist=1 ) LIMIT 1   [ RunTime:0.0008s ]
SQL: SELECT `sName`,`sCopyrightName`,`sCopyrightAuthor`,`sCopyrightAuthorTel`,`sCopyrightAuthorQQ` FROM `saya_system` WHERE ( sId=1 ) LIMIT 1   [ RunTime:0.0009s ]
INFO: [ view_parse ] --START--
INFO: [ template_filter ] --START--
INFO: Run Behavior\ContentReplaceBehavior [ RunTime:0.000563s ]
INFO: [ template_filter ] --END-- [ RunTime:0.001422s ]
INFO: Run Behavior\ParseTemplateBehavior [ RunTime:0.038967s ]
INFO: [ view_parse ] --END-- [ RunTime:0.039677s ]
INFO: [ view_filter ] --START--
INFO: Run Behavior\WriteHtmlCacheBehavior [ RunTime:0.001016s ]
INFO: [ view_filter ] --END-- [ RunTime:0.001642s ]
INFO: [ app_end ] --START--
INFO: Run Behavior\ShowPageTraceBehavior [ RunTime:0.002065s ]
INFO: [ app_end ] --END-- [ RunTime:0.002712s ]

[ 2017-08-01T20:55:57+08:00 ] ::1 /mssd/1/favicon.ico
INFO: [ app_init ] --START--
INFO: Run Behavior\BuildLiteBehavior [ RunTime:0.000126s ]
INFO: [ app_init ] --END-- [ RunTime:0.001413s ]

[ 2017-08-01T21:05:05+08:00 ] ::1 /mssd/1/Department/add
INFO: [ app_init ] --START--
INFO: Run Behavior\BuildLiteBehavior [ RunTime:0.000074s ]
INFO: [ app_init ] --END-- [ RunTime:0.001167s ]
INFO: [ app_begin ] --START--
INFO: Run Behavior\ReadHtmlCacheBehavior [ RunTime:0.001301s ]
INFO: [ app_begin ] --END-- [ RunTime:0.001654s ]
SQL: SHOW COLUMNS FROM `saya_system` [ RunTime:0.0063s ]
SQL: SELECT `sLoginTimeout` FROM `saya_system` WHERE ( sId=1 ) LIMIT 1   [ RunTime:0.0006s ]
SQL: SELECT `sLoginTimeout` FROM `saya_system` WHERE ( sId=1 ) LIMIT 1   [ RunTime:0.0006s ]
SQL: SELECT `sDepartment` FROM `saya_system` WHERE ( sId=1 ) LIMIT 1   [ RunTime:0.0006s ]
INFO: [ view_parse ] --START--
INFO: [ template_filter ] --START--
INFO: Run Behavior\ContentReplaceBehavior [ RunTime:0.000364s ]
INFO: [ template_filter ] --END-- [ RunTime:0.000749s ]
INFO: Run Behavior\ParseTemplateBehavior [ RunTime:0.040946s ]
INFO: [ view_parse ] --END-- [ RunTime:0.041366s ]
INFO: [ view_filter ] --START--
INFO: Run Behavior\WriteHtmlCacheBehavior [ RunTime:0.000926s ]
INFO: [ view_filter ] --END-- [ RunTime:0.001252s ]
INFO: [ app_end ] --START--
INFO: Run Behavior\ShowPageTraceBehavior [ RunTime:0.002133s ]
INFO: [ app_end ] --END-- [ RunTime:0.002699s ]

[ 2017-08-01T21:05:21+08:00 ] ::1 /mssd/1/Personnelsystem/Department/listsedit/status/0
INFO: [ app_init ] --START--
INFO: Run Behavior\BuildLiteBehavior [ RunTime:0.000072s ]
INFO: [ app_init ] --END-- [ RunTime:0.001030s ]
INFO: [ app_begin ] --START--
INFO: Run Behavior\ReadHtmlCacheBehavior [ RunTime:0.001196s ]
INFO: [ app_begin ] --END-- [ RunTime:0.001704s ]
SQL: SHOW COLUMNS FROM `saya_system` [ RunTime:0.0069s ]
SQL: SELECT `sLoginTimeout` FROM `saya_system` WHERE ( sId=1 ) LIMIT 1   [ RunTime:0.0007s ]
SQL: SELECT `sLoginTimeout` FROM `saya_system` WHERE ( sId=1 ) LIMIT 1   [ RunTime:0.0006s ]
SQL: SHOW COLUMNS FROM `saya_staff` [ RunTime:0.0066s ]
SQL: SHOW COLUMNS FROM `saya_order_info` [ RunTime:0.1237s ]
SQL: SELECT * FROM `saya_order_info` WHERE ( del_flag<>1 AND order_status=0 )  [ RunTime:0.0011s ]
SQL: SELECT * FROM `saya_staff` WHERE ( stJobState = 1 )  [ RunTime:0.0009s ]
INFO: [ view_parse ] --START--
INFO: [ template_filter ] --START--
INFO: Run Behavior\ContentReplaceBehavior [ RunTime:0.000511s ]
INFO: [ template_filter ] --END-- [ RunTime:0.000872s ]
INFO: Run Behavior\ParseTemplateBehavior [ RunTime:0.035653s ]
INFO: [ view_parse ] --END-- [ RunTime:0.036072s ]
INFO: [ view_filter ] --START--
INFO: Run Behavior\WriteHtmlCacheBehavior [ RunTime:0.001118s ]
INFO: [ view_filter ] --END-- [ RunTime:0.001702s ]
INFO: [ app_end ] --START--
INFO: Run Behavior\ShowPageTraceBehavior [ RunTime:0.001415s ]
INFO: [ app_end ] --END-- [ RunTime:0.001835s ]

[ 2017-08-01T21:05:23+08:00 ] ::1 /mssd/1/Personnelsystem/Department/add
INFO: [ app_init ] --START--
INFO: Run Behavior\BuildLiteBehavior [ RunTime:0.000072s ]
INFO: [ app_init ] --END-- [ RunTime:0.001030s ]
INFO: [ app_begin ] --START--
INFO: Run Behavior\ReadHtmlCacheBehavior [ RunTime:0.001046s ]
INFO: [ app_begin ] --END-- [ RunTime:0.001393s ]
SQL: SHOW COLUMNS FROM `saya_system` [ RunTime:0.0060s ]
SQL: SELECT `sLoginTimeout` FROM `saya_system` WHERE ( sId=1 ) LIMIT 1   [ RunTime:0.0006s ]
SQL: SELECT `sLoginTimeout` FROM `saya_system` WHERE ( sId=1 ) LIMIT 1   [ RunTime:0.0007s ]
SQL: SELECT `sDepartment` FROM `saya_system` WHERE ( sId=1 ) LIMIT 1   [ RunTime:0.0007s ]
INFO: [ view_parse ] --START--
INFO: [ template_filter ] --START--
INFO: Run Behavior\ContentReplaceBehavior [ RunTime:0.000371s ]
INFO: [ template_filter ] --END-- [ RunTime:0.000754s ]
INFO: Run Behavior\ParseTemplateBehavior [ RunTime:0.017961s ]
INFO: [ view_parse ] --END-- [ RunTime:0.018563s ]
INFO: [ view_filter ] --START--
INFO: Run Behavior\WriteHtmlCacheBehavior [ RunTime:0.000894s ]
INFO: [ view_filter ] --END-- [ RunTime:0.001311s ]
INFO: [ app_end ] --START--
INFO: Run Behavior\ShowPageTraceBehavior [ RunTime:0.001444s ]
INFO: [ app_end ] --END-- [ RunTime:0.001842s ]

[ 2017-08-01T21:05:35+08:00 ] ::1 /mssd/1/Personnelsystem/Department/AddAction
INFO: [ app_init ] --START--
INFO: Run Behavior\BuildLiteBehavior [ RunTime:0.000077s ]
INFO: [ app_init ] --END-- [ RunTime:0.001117s ]
INFO: [ app_begin ] --START--
INFO: Run Behavior\ReadHtmlCacheBehavior [ RunTime:0.001015s ]
INFO: [ app_begin ] --END-- [ RunTime:0.001367s ]
SQL: SHOW COLUMNS FROM `saya_system` [ RunTime:0.0068s ]
SQL: SELECT `sLoginTimeout` FROM `saya_system` WHERE ( sId=1 ) LIMIT 1   [ RunTime:0.0007s ]
SQL: SELECT `sLoginTimeout` FROM `saya_system` WHERE ( sId=1 ) LIMIT 1   [ RunTime:0.0006s ]
NOTIC: [8] Undefined index: img_url E:\wampserver\www\mssd\1\Application\Personnelsystem\Controller\DepartmentController.class.php 第 22 行.
SQL: SHOW COLUMNS FROM `saya_order_info` [ RunTime:0.0076s ]
SQL: INSERT INTO `saya_order_info` (`order_sn`,`order_type`,`mobile`,`outtime`,`add_time`,`order_status_name`) VALUES ('1234567o','2','18811346689','123','2017-08-01 21:05:35','未接单') [ RunTime:0.1278s ]
INFO: [ view_parse ] --START--
INFO: [ template_filter ] --START--
INFO: Run Behavior\ContentReplaceBehavior [ RunTime:0.000185s ]
INFO: [ template_filter ] --END-- [ RunTime:0.000539s ]
INFO: Run Behavior\ParseTemplateBehavior [ RunTime:0.014682s ]
INFO: [ view_parse ] --END-- [ RunTime:0.015078s ]
INFO: [ view_filter ] --START--
INFO: Run Behavior\WriteHtmlCacheBehavior [ RunTime:0.001106s ]
INFO: [ view_filter ] --END-- [ RunTime:0.001453s ]
INFO: [ app_end ] --START--
INFO: Run Behavior\ShowPageTraceBehavior [ RunTime:0.001381s ]
INFO: [ app_end ] --END-- [ RunTime:0.001710s ]

[ 2017-08-01T21:05:36+08:00 ] ::1 /mssd/1/Personnelsystem/Department/add
INFO: [ app_init ] --START--
INFO: Run Behavior\BuildLiteBehavior [ RunTime:0.000074s ]
INFO: [ app_init ] --END-- [ RunTime:0.001088s ]
INFO: [ app_begin ] --START--
INFO: Run Behavior\ReadHtmlCacheBehavior [ RunTime:0.001747s ]
INFO: [ app_begin ] --END-- [ RunTime:0.002442s ]
SQL: SHOW COLUMNS FROM `saya_system` [ RunTime:0.0065s ]
SQL: SELECT `sLoginTimeout` FROM `saya_system` WHERE ( sId=1 ) LIMIT 1   [ RunTime:0.0006s ]
SQL: SELECT `sLoginTimeout` FROM `saya_system` WHERE ( sId=1 ) LIMIT 1   [ RunTime:0.0005s ]
SQL: SELECT `sDepartment` FROM `saya_system` WHERE ( sId=1 ) LIMIT 1   [ RunTime:0.0006s ]
INFO: [ view_parse ] --START--
INFO: [ template_filter ] --START--
INFO: Run Behavior\ContentReplaceBehavior [ RunTime:0.000362s ]
INFO: [ template_filter ] --END-- [ RunTime:0.000758s ]
INFO: Run Behavior\ParseTemplateBehavior [ RunTime:0.016523s ]
INFO: [ view_parse ] --END-- [ RunTime:0.016904s ]
INFO: [ view_filter ] --START--
INFO: Run Behavior\WriteHtmlCacheBehavior [ RunTime:0.000861s ]
INFO: [ view_filter ] --END-- [ RunTime:0.001180s ]
INFO: [ app_end ] --START--
INFO: Run Behavior\ShowPageTraceBehavior [ RunTime:0.002127s ]
INFO: [ app_end ] --END-- [ RunTime:0.002565s ]

[ 2017-08-01T21:09:22+08:00 ] ::1 /mssd/1/Personnelsystem/Department/listsedit/status/0
INFO: [ app_init ] --START--
INFO: Run Behavior\BuildLiteBehavior [ RunTime:0.000076s ]
INFO: [ app_init ] --END-- [ RunTime:0.001247s ]
INFO: [ app_begin ] --START--
INFO: Run Behavior\ReadHtmlCacheBehavior [ RunTime:0.001307s ]
INFO: [ app_begin ] --END-- [ RunTime:0.001696s ]
SQL: SHOW COLUMNS FROM `saya_system` [ RunTime:0.0068s ]
SQL: SELECT `sLoginTimeout` FROM `saya_system` WHERE ( sId=1 ) LIMIT 1   [ RunTime:0.0007s ]
SQL: SELECT `sLoginTimeout` FROM `saya_system` WHERE ( sId=1 ) LIMIT 1   [ RunTime:0.0006s ]
SQL: SHOW COLUMNS FROM `saya_staff` [ RunTime:0.0066s ]
SQL: SHOW COLUMNS FROM `saya_order_info` [ RunTime:0.0071s ]
SQL: SELECT * FROM `saya_order_info` WHERE ( del_flag<>1 AND order_status=0 )  [ RunTime:0.0013s ]
SQL: SELECT * FROM `saya_staff` WHERE ( stJobState = 1 )  [ RunTime:0.0008s ]
INFO: [ view_parse ] --START--
INFO: [ template_filter ] --START--
INFO: Run Behavior\ContentReplaceBehavior [ RunTime:0.000400s ]
INFO: [ template_filter ] --END-- [ RunTime:0.000757s ]
NOTIC: [8] Undefined index: stName E:\wampserver\www\mssd\1\Application\Runtime\Cache\Personnelsystem\0047855372178aedb9f750800de692f7.php 第 73 行.
NOTIC: [8] Undefined index: stTel E:\wampserver\www\mssd\1\Application\Runtime\Cache\Personnelsystem\0047855372178aedb9f750800de692f7.php 第 74 行.
NOTIC: [8] Undefined index: status E:\wampserver\www\mssd\1\Application\Runtime\Cache\Personnelsystem\0047855372178aedb9f750800de692f7.php 第 81 行.
INFO: Run Behavior\ParseTemplateBehavior [ RunTime:0.037341s ]
INFO: [ view_parse ] --END-- [ RunTime:0.037745s ]
INFO: [ view_filter ] --START--
INFO: Run Behavior\WriteHtmlCacheBehavior [ RunTime:0.000919s ]
INFO: [ view_filter ] --END-- [ RunTime:0.001244s ]
INFO: [ app_end ] --START--
INFO: Run Behavior\ShowPageTraceBehavior [ RunTime:0.001402s ]
INFO: [ app_end ] --END-- [ RunTime:0.001832s ]

[ 2017-08-01T21:09:24+08:00 ] ::1 /mssd/1/Personnelsystem/Department/add
INFO: [ app_init ] --START--
INFO: Run Behavior\BuildLiteBehavior [ RunTime:0.000090s ]
INFO: [ app_init ] --END-- [ RunTime:0.001063s ]
INFO: [ app_begin ] --START--
INFO: Run Behavior\ReadHtmlCacheBehavior [ RunTime:0.001601s ]
INFO: [ app_begin ] --END-- [ RunTime:0.002239s ]
SQL: SHOW COLUMNS FROM `saya_system` [ RunTime:0.0061s ]
SQL: SELECT `sLoginTimeout` FROM `saya_system` WHERE ( sId=1 ) LIMIT 1   [ RunTime:0.0008s ]
SQL: SELECT `sLoginTimeout` FROM `saya_system` WHERE ( sId=1 ) LIMIT 1   [ RunTime:0.0005s ]
SQL: SELECT `sDepartment` FROM `saya_system` WHERE ( sId=1 ) LIMIT 1   [ RunTime:0.0004s ]
INFO: [ view_parse ] --START--
INFO: [ template_filter ] --START--
INFO: Run Behavior\ContentReplaceBehavior [ RunTime:0.000370s ]
INFO: [ template_filter ] --END-- [ RunTime:0.000784s ]
INFO: Run Behavior\ParseTemplateBehavior [ RunTime:0.017150s ]
INFO: [ view_parse ] --END-- [ RunTime:0.017541s ]
INFO: [ view_filter ] --START--
INFO: Run Behavior\WriteHtmlCacheBehavior [ RunTime:0.000890s ]
INFO: [ view_filter ] --END-- [ RunTime:0.001217s ]
INFO: [ app_end ] --START--
INFO: Run Behavior\ShowPageTraceBehavior [ RunTime:0.001838s ]
INFO: [ app_end ] --END-- [ RunTime:0.002469s ]

[ 2017-08-01T21:09:26+08:00 ] ::1 /mssd/1/Personnelsystem/Department/listsedit/status/0
INFO: [ app_init ] --START--
INFO: Run Behavior\BuildLiteBehavior [ RunTime:0.000073s ]
INFO: [ app_init ] --END-- [ RunTime:0.001023s ]
INFO: [ app_begin ] --START--
INFO: Run Behavior\ReadHtmlCacheBehavior [ RunTime:0.001222s ]
INFO: [ app_begin ] --END-- [ RunTime:0.001727s ]
SQL: SHOW COLUMNS FROM `saya_system` [ RunTime:0.0060s ]
SQL: SELECT `sLoginTimeout` FROM `saya_system` WHERE ( sId=1 ) LIMIT 1   [ RunTime:0.0006s ]
SQL: SELECT `sLoginTimeout` FROM `saya_system` WHERE ( sId=1 ) LIMIT 1   [ RunTime:0.0007s ]
SQL: SHOW COLUMNS FROM `saya_staff` [ RunTime:0.0065s ]
SQL: SHOW COLUMNS FROM `saya_order_info` [ RunTime:0.0078s ]
SQL: SELECT * FROM `saya_order_info` WHERE ( del_flag<>1 AND order_status=0 )  [ RunTime:0.0011s ]
SQL: SELECT * FROM `saya_staff` WHERE ( stJobState = 1 )  [ RunTime:0.0009s ]
INFO: [ view_parse ] --START--
INFO: [ template_filter ] --START--
INFO: Run Behavior\ContentReplaceBehavior [ RunTime:0.000398s ]
INFO: [ template_filter ] --END-- [ RunTime:0.000761s ]
NOTIC: [8] Undefined index: stName E:\wampserver\www\mssd\1\Application\Runtime\Cache\Personnelsystem\0047855372178aedb9f750800de692f7.php 第 73 行.
NOTIC: [8] Undefined index: stTel E:\wampserver\www\mssd\1\Application\Runtime\Cache\Personnelsystem\0047855372178aedb9f750800de692f7.php 第 74 行.
NOTIC: [8] Undefined index: status E:\wampserver\www\mssd\1\Application\Runtime\Cache\Personnelsystem\0047855372178aedb9f750800de692f7.php 第 81 行.
INFO: Run Behavior\ParseTemplateBehavior [ RunTime:0.049381s ]
INFO: [ view_parse ] --END-- [ RunTime:0.049747s ]
INFO: [ view_filter ] --START--
INFO: Run Behavior\WriteHtmlCacheBehavior [ RunTime:0.000914s ]
INFO: [ view_filter ] --END-- [ RunTime:0.001236s ]
INFO: [ app_end ] --START--
INFO: Run Behavior\ShowPageTraceBehavior [ RunTime:0.001635s ]
INFO: [ app_end ] --END-- [ RunTime:0.002255s ]

[ 2017-08-01T21:09:27+08:00 ] ::1 /mssd/1/Personnelsystem/Department/add
INFO: [ app_init ] --START--
INFO: Run Behavior\BuildLiteBehavior [ RunTime:0.000074s ]
INFO: [ app_init ] --END-- [ RunTime:0.001083s ]
INFO: [ app_begin ] --START--
INFO: Run Behavior\ReadHtmlCacheBehavior [ RunTime:0.001863s ]
INFO: [ app_begin ] --END-- [ RunTime:0.002397s ]
SQL: SHOW COLUMNS FROM `saya_system` [ RunTime:0.0091s ]
SQL: SELECT `sLoginTimeout` FROM `saya_system` WHERE ( sId=1 ) LIMIT 1   [ RunTime:0.0007s ]
SQL: SELECT `sLoginTimeout` FROM `saya_system` WHERE ( sId=1 ) LIMIT 1   [ RunTime:0.0006s ]
SQL: SELECT `sDepartment` FROM `saya_system` WHERE ( sId=1 ) LIMIT 1   [ RunTime:0.0006s ]
INFO: [ view_parse ] --START--
INFO: [ template_filter ] --START--
INFO: Run Behavior\ContentReplaceBehavior [ RunTime:0.000346s ]
INFO: [ template_filter ] --END-- [ RunTime:0.000729s ]
INFO: Run Behavior\ParseTemplateBehavior [ RunTime:0.017404s ]
INFO: [ view_parse ] --END-- [ RunTime:0.017804s ]
INFO: [ view_filter ] --START--
INFO: Run Behavior\WriteHtmlCacheBehavior [ RunTime:0.000900s ]
INFO: [ view_filter ] --END-- [ RunTime:0.001247s ]
INFO: [ app_end ] --START--
INFO: Run Behavior\ShowPageTraceBehavior [ RunTime:0.001700s ]
INFO: [ app_end ] --END-- [ RunTime:0.002335s ]

[ 2017-08-01T21:09:46+08:00 ] ::1 /mssd/1/Personnelsystem/Department/AddAction
INFO: [ app_init ] --START--
INFO: Run Behavior\BuildLiteBehavior [ RunTime:0.000077s ]
INFO: [ app_init ] --END-- [ RunTime:0.001162s ]
INFO: [ app_begin ] --START--
INFO: Run Behavior\ReadHtmlCacheBehavior [ RunTime:0.001000s ]
INFO: [ app_begin ] --END-- [ RunTime:0.001352s ]
SQL: SHOW COLUMNS FROM `saya_system` [ RunTime:0.0067s ]
SQL: SELECT `sLoginTimeout` FROM `saya_system` WHERE ( sId=1 ) LIMIT 1   [ RunTime:0.0007s ]
SQL: SELECT `sLoginTimeout` FROM `saya_system` WHERE ( sId=1 ) LIMIT 1   [ RunTime:0.0006s ]
NOTIC: [8] Undefined index: img_url E:\wampserver\www\mssd\1\Application\Personnelsystem\Controller\DepartmentController.class.php 第 22 行.
SQL: SHOW COLUMNS FROM `saya_order_info` [ RunTime:0.0078s ]
SQL: INSERT INTO `saya_order_info` (`order_sn`,`order_type`,`mobile`,`outtime`,`add_time`,`order_status_name`) VALUES ('p12345676543353','1','18811606684','134','2017-08-01 21:09:46','未接单') [ RunTime:0.1068s ]
INFO: [ app_end ] --START--
INFO: Run Behavior\ShowPageTraceBehavior [ RunTime:0.001593s ]
INFO: [ app_end ] --END-- [ RunTime:0.001946s ]

[ 2017-08-01T21:09:46+08:00 ] ::1 /mssd/1/Personnelsystem/Department/Department
INFO: [ app_init ] --START--
INFO: Run Behavior\BuildLiteBehavior [ RunTime:0.000093s ]
INFO: [ app_init ] --END-- [ RunTime:0.001051s ]
INFO: [ app_begin ] --START--
INFO: Run Behavior\ReadHtmlCacheBehavior [ RunTime:0.001064s ]
INFO: [ app_begin ] --END-- [ RunTime:0.001419s ]
SQL: SHOW COLUMNS FROM `saya_system` [ RunTime:0.0060s ]
SQL: SELECT `sLoginTimeout` FROM `saya_system` WHERE ( sId=1 ) LIMIT 1   [ RunTime:0.0007s ]
SQL: SELECT `sLoginTimeout` FROM `saya_system` WHERE ( sId=1 ) LIMIT 1   [ RunTime:0.0006s ]
ERR: 非法操作:Department

[ 2017-08-01T21:11:00+08:00 ] ::1 /mssd/1/Personnelsystem/Index/
INFO: [ app_init ] --START--
INFO: Run Behavior\BuildLiteBehavior [ RunTime:0.000075s ]
INFO: [ app_init ] --END-- [ RunTime:0.001129s ]
INFO: [ app_begin ] --START--
INFO: Run Behavior\ReadHtmlCacheBehavior [ RunTime:0.001257s ]
INFO: [ app_begin ] --END-- [ RunTime:0.001614s ]
SQL: SHOW COLUMNS FROM `saya_system` [ RunTime:0.0062s ]
SQL: SELECT `sLoginTimeout` FROM `saya_system` WHERE ( sId=1 ) LIMIT 1   [ RunTime:0.0007s ]
SQL: SELECT `sLoginTimeout` FROM `saya_system` WHERE ( sId=1 ) LIMIT 1   [ RunTime:0.0006s ]
SQL: SELECT `sName`,`sDepartment`,`sCopyrightName`,`sCopyrightAuthor`,`sVersion`,`sCopyrightAuthorTel`,`sCopyrightAuthorQQ` FROM `saya_system` WHERE ( sId=1 ) LIMIT 1   [ RunTime:0.0007s ]
SQL: SHOW COLUMNS FROM `saya_admin_role` [ RunTime:0.0054s ]
NOTIC: [8] Undefined variable: morepowersValue E:\wampserver\www\mssd\1\Application\Personnelsystem\Controller\IndexController.class.php 第 30 行.
SQL: SHOW COLUMNS FROM `saya_department` [ RunTime:0.0054s ]
SQL: SELECT * FROM `saya_department` WHERE ( dId=0 ) LIMIT 1   [ RunTime:0.0006s ]
SQL: SELECT `sLoginTimeout` FROM `saya_system` WHERE ( sId=1 ) LIMIT 1   [ RunTime:0.0006s ]
SQL: SELECT `sLoginTimeout` FROM `saya_system` WHERE ( sId=1 ) LIMIT 1   [ RunTime:0.0006s ]
SQL: SHOW COLUMNS FROM `saya_staff` [ RunTime:0.0064s ]
SQL: SELECT COUNT(*) AS tp_count FROM `saya_staff` WHERE `stBirthdate` LIKE '%08-01%' AND `stBirthdateType` = 1 LIMIT 1   [ RunTime:0.0008s ]
SQL: SELECT COUNT(*) AS tp_count FROM `saya_staff` WHERE `stBirthdate` LIKE '%07-10%' AND `stBirthdateType` = 2 LIMIT 1   [ RunTime:0.0008s ]
SQL: SHOW COLUMNS FROM `saya_hdmenu` [ RunTime:0.0056s ]
SQL: SELECT * FROM `saya_hdmenu`  [ RunTime:0.0005s ]
INFO: [ view_parse ] --START--
INFO: [ template_filter ] --START--
INFO: Run Behavior\ContentReplaceBehavior [ RunTime:0.000551s ]
INFO: [ template_filter ] --END-- [ RunTime:0.000899s ]
NOTIC: [8] Undefined variable: rs_users E:\wampserver\www\mssd\1\Application\Runtime\Cache\Personnelsystem\893122f858811a5339e67690bf0a2103.php 第 32 行.
NOTIC: [8] Undefined variable: rs_admin E:\wampserver\www\mssd\1\Application\Runtime\Cache\Personnelsystem\893122f858811a5339e67690bf0a2103.php 第 32 行.
INFO: Run Behavior\ParseTemplateBehavior [ RunTime:0.044929s ]
INFO: [ view_parse ] --END-- [ RunTime:0.045305s ]
INFO: [ view_filter ] --START--
INFO: Run Behavior\WriteHtmlCacheBehavior [ RunTime:0.000732s ]
INFO: [ view_filter ] --END-- [ RunTime:0.001073s ]
INFO: [ app_end ] --START--
INFO: Run Behavior\ShowPageTraceBehavior [ RunTime:0.001417s ]
INFO: [ app_end ] --END-- [ RunTime:0.001763s ]

[ 2017-08-01T21:11:01+08:00 ] ::1 /mssd/1/Index/welcome
INFO: [ app_init ] --START--
INFO: Run Behavior\BuildLiteBehavior [ RunTime:0.000073s ]
INFO: [ app_init ] --END-- [ RunTime:0.001039s ]
INFO: [ app_begin ] --START--
INFO: Run Behavior\ReadHtmlCacheBehavior [ RunTime:0.001047s ]
INFO: [ app_begin ] --END-- [ RunTime:0.001408s ]
SQL: SHOW COLUMNS FROM `saya_system` [ RunTime:0.0061s ]
SQL: SELECT `sLoginTimeout` FROM `saya_system` WHERE ( sId=1 ) LIMIT 1   [ RunTime:0.0007s ]
SQL: SELECT `sLoginTimeout` FROM `saya_system` WHERE ( sId=1 ) LIMIT 1   [ RunTime:0.0005s ]
SQL: SHOW COLUMNS FROM `saya_admin` [ RunTime:0.0070s ]
SQL: SELECT `aLoginNum` FROM `saya_admin` WHERE ( aUser='system' ) LIMIT 1   [ RunTime:0.0006s ]
SQL: SHOW COLUMNS FROM `saya_admin_role` [ RunTime:0.0056s ]
NOTIC: [8] Undefined variable: morepowersValue E:\wampserver\www\mssd\1\Application\Personnelsystem\Controller\IndexController.class.php 第 76 行.
SQL: SHOW COLUMNS FROM `saya_hdmenu` [ RunTime:0.0058s ]
SQL: SELECT * FROM `saya_hdmenu`  [ RunTime:0.0005s ]
SQL: SELECT COUNT(*) AS tp_count FROM `saya_admin_role` LIMIT 1   [ RunTime:0.0006s ]
SQL: SELECT COUNT(*) AS tp_count FROM `saya_admin` LIMIT 1   [ RunTime:0.0005s ]
SQL: SHOW COLUMNS FROM `saya_department` [ RunTime:0.0070s ]
SQL: SELECT COUNT(*) AS tp_count FROM `saya_department` LIMIT 1   [ RunTime:0.0004s ]
SQL: SHOW COLUMNS FROM `saya_staff` [ RunTime:0.0064s ]
SQL: SELECT COUNT(*) AS tp_count FROM `saya_staff` WHERE ( stBlacklist=0 ) LIMIT 1   [ RunTime:0.0006s ]
SQL: SELECT COUNT(*) AS tp_count FROM `saya_staff` WHERE ( stJobState=1 AND stBlacklist=0 ) LIMIT 1   [ RunTime:0.0005s ]
SQL: SELECT COUNT(*) AS tp_count FROM `saya_staff` WHERE ( stJobState=0 AND stBlacklist=0 ) LIMIT 1   [ RunTime:0.0005s ]
SQL: SELECT COUNT(*) AS tp_count FROM `saya_staff` WHERE ( stBlacklist=1 ) LIMIT 1   [ RunTime:0.0005s ]
SQL: SELECT `sName`,`sCopyrightName`,`sCopyrightAuthor`,`sCopyrightAuthorTel`,`sCopyrightAuthorQQ` FROM `saya_system` WHERE ( sId=1 ) LIMIT 1   [ RunTime:0.0005s ]
INFO: [ view_parse ] --START--
INFO: [ template_filter ] --START--
INFO: Run Behavior\ContentReplaceBehavior [ RunTime:0.000380s ]
INFO: [ template_filter ] --END-- [ RunTime:0.000758s ]
INFO: Run Behavior\ParseTemplateBehavior [ RunTime:0.026459s ]
INFO: [ view_parse ] --END-- [ RunTime:0.026869s ]
INFO: [ view_filter ] --START--
INFO: Run Behavior\WriteHtmlCacheBehavior [ RunTime:0.000708s ]
INFO: [ view_filter ] --END-- [ RunTime:0.001047s ]
INFO: [ app_end ] --START--
INFO: Run Behavior\ShowPageTraceBehavior [ RunTime:0.001487s ]
INFO: [ app_end ] --END-- [ RunTime:0.001895s ]

[ 2017-08-01T21:11:01+08:00 ] ::1 /mssd/1/Personnelsystem/Index/favicon.ico
INFO: [ app_init ] --START--
INFO: Run Behavior\BuildLiteBehavior [ RunTime:0.000077s ]
INFO: [ app_init ] --END-- [ RunTime:0.001366s ]

[ 2017-08-01T21:11:19+08:00 ] ::1 /mssd/1/Department/add
INFO: [ app_init ] --START--
INFO: Run Behavior\BuildLiteBehavior [ RunTime:0.000074s ]
INFO: [ app_init ] --END-- [ RunTime:0.001029s ]
INFO: [ app_begin ] --START--
INFO: Run Behavior\ReadHtmlCacheBehavior [ RunTime:0.001042s ]
INFO: [ app_begin ] --END-- [ RunTime:0.001392s ]
SQL: SHOW COLUMNS FROM `saya_system` [ RunTime:0.0063s ]
SQL: SELECT `sLoginTimeout` FROM `saya_system` WHERE ( sId=1 ) LIMIT 1   [ RunTime:0.0007s ]
SQL: SELECT `sLoginTimeout` FROM `saya_system` WHERE ( sId=1 ) LIMIT 1   [ RunTime:0.0005s ]
SQL: SELECT `sDepartment` FROM `saya_system` WHERE ( sId=1 ) LIMIT 1   [ RunTime:0.0006s ]
INFO: [ view_parse ] --START--
INFO: [ template_filter ] --START--
INFO: Run Behavior\ContentReplaceBehavior [ RunTime:0.000359s ]
INFO: [ template_filter ] --END-- [ RunTime:0.000712s ]
INFO: Run Behavior\ParseTemplateBehavior [ RunTime:0.016901s ]
INFO: [ view_parse ] --END-- [ RunTime:0.017289s ]
INFO: [ view_filter ] --START--
INFO: Run Behavior\WriteHtmlCacheBehavior [ RunTime:0.000646s ]
INFO: [ view_filter ] --END-- [ RunTime:0.001001s ]
INFO: [ app_end ] --START--
INFO: Run Behavior\ShowPageTraceBehavior [ RunTime:0.001394s ]
INFO: [ app_end ] --END-- [ RunTime:0.001732s ]

[ 2017-08-01T21:11:36+08:00 ] ::1 /mssd/1/Personnelsystem/Department/AddAction
INFO: [ app_init ] --START--
INFO: Run Behavior\BuildLiteBehavior [ RunTime:0.000075s ]
INFO: [ app_init ] --END-- [ RunTime:0.001086s ]
INFO: [ app_begin ] --START--
INFO: Run Behavior\ReadHtmlCacheBehavior [ RunTime:0.001037s ]
INFO: [ app_begin ] --END-- [ RunTime:0.001388s ]
SQL: SHOW COLUMNS FROM `saya_system` [ RunTime:0.0059s ]
SQL: SELECT `sLoginTimeout` FROM `saya_system` WHERE ( sId=1 ) LIMIT 1   [ RunTime:0.0007s ]
SQL: SELECT `sLoginTimeout` FROM `saya_system` WHERE ( sId=1 ) LIMIT 1   [ RunTime:0.0006s ]
NOTIC: [8] Undefined index: img_url E:\wampserver\www\mssd\1\Application\Personnelsystem\Controller\DepartmentController.class.php 第 22 行.
SQL: SHOW COLUMNS FROM `saya_order_info` [ RunTime:0.0073s ]
SQL: INSERT INTO `saya_order_info` (`order_sn`,`order_type`,`mobile`,`outtime`,`add_time`,`order_status_name`) VALUES ('88','2','18811348780','98','2017-08-01 21:11:36','未接单') [ RunTime:0.0557s ]
INFO: [ app_end ] --START--
INFO: Run Behavior\ShowPageTraceBehavior [ RunTime:0.001616s ]
INFO: [ app_end ] --END-- [ RunTime:0.001968s ]

[ 2017-08-01T21:11:36+08:00 ] ::1 /mssd/1/Personnelsystem/Department/Department/add
INFO: [ app_init ] --START--
INFO: Run Behavior\BuildLiteBehavior [ RunTime:0.000135s ]
INFO: [ app_init ] --END-- [ RunTime:0.001692s ]
INFO: [ app_begin ] --START--
INFO: Run Behavior\ReadHtmlCacheBehavior [ RunTime:0.001580s ]
INFO: [ app_begin ] --END-- [ RunTime:0.001951s ]
SQL: SHOW COLUMNS FROM `saya_system` [ RunTime:0.0059s ]
SQL: SELECT `sLoginTimeout` FROM `saya_system` WHERE ( sId=1 ) LIMIT 1   [ RunTime:0.0006s ]
SQL: SELECT `sLoginTimeout` FROM `saya_system` WHERE ( sId=1 ) LIMIT 1   [ RunTime:0.0006s ]
ERR: 非法操作:Department

[ 2017-08-01T21:11:58+08:00 ] ::1 /mssd/1/Personnelsystem/Index/
INFO: [ app_init ] --START--
INFO: Run Behavior\BuildLiteBehavior [ RunTime:0.000075s ]
INFO: [ app_init ] --END-- [ RunTime:0.001143s ]
INFO: [ app_begin ] --START--
INFO: Run Behavior\ReadHtmlCacheBehavior [ RunTime:0.001032s ]
INFO: [ app_begin ] --END-- [ RunTime:0.001382s ]
SQL: SHOW COLUMNS FROM `saya_system` [ RunTime:0.0060s ]
SQL: SELECT `sLoginTimeout` FROM `saya_system` WHERE ( sId=1 ) LIMIT 1   [ RunTime:0.0006s ]
SQL: SELECT `sLoginTimeout` FROM `saya_system` WHERE ( sId=1 ) LIMIT 1   [ RunTime:0.0006s ]
SQL: SELECT `sName`,`sDepartment`,`sCopyrightName`,`sCopyrightAuthor`,`sVersion`,`sCopyrightAuthorTel`,`sCopyrightAuthorQQ` FROM `saya_system` WHERE ( sId=1 ) LIMIT 1   [ RunTime:0.0007s ]
SQL: SHOW COLUMNS FROM `saya_admin_role` [ RunTime:0.0058s ]
NOTIC: [8] Undefined variable: morepowersValue E:\wampserver\www\mssd\1\Application\Personnelsystem\Controller\IndexController.class.php 第 30 行.
SQL: SHOW COLUMNS FROM `saya_department` [ RunTime:0.0054s ]
SQL: SELECT * FROM `saya_department` WHERE ( dId=0 ) LIMIT 1   [ RunTime:0.0006s ]
SQL: SELECT `sLoginTimeout` FROM `saya_system` WHERE ( sId=1 ) LIMIT 1   [ RunTime:0.0006s ]
SQL: SELECT `sLoginTimeout` FROM `saya_system` WHERE ( sId=1 ) LIMIT 1   [ RunTime:0.0005s ]
SQL: SHOW COLUMNS FROM `saya_staff` [ RunTime:0.0065s ]
SQL: SELECT COUNT(*) AS tp_count FROM `saya_staff` WHERE `stBirthdate` LIKE '%08-01%' AND `stBirthdateType` = 1 LIMIT 1   [ RunTime:0.0007s ]
SQL: SELECT COUNT(*) AS tp_count FROM `saya_staff` WHERE `stBirthdate` LIKE '%07-10%' AND `stBirthdateType` = 2 LIMIT 1   [ RunTime:0.0006s ]
SQL: SHOW COLUMNS FROM `saya_hdmenu` [ RunTime:0.0055s ]
SQL: SELECT * FROM `saya_hdmenu`  [ RunTime:0.0005s ]
INFO: [ view_parse ] --START--
INFO: [ template_filter ] --START--
INFO: Run Behavior\ContentReplaceBehavior [ RunTime:0.000553s ]
INFO: [ template_filter ] --END-- [ RunTime:0.000910s ]
NOTIC: [8] Undefined variable: rs_users E:\wampserver\www\mssd\1\Application\Runtime\Cache\Personnelsystem\893122f858811a5339e67690bf0a2103.php 第 32 行.
NOTIC: [8] Undefined variable: rs_admin E:\wampserver\www\mssd\1\Application\Runtime\Cache\Personnelsystem\893122f858811a5339e67690bf0a2103.php 第 32 行.
INFO: Run Behavior\ParseTemplateBehavior [ RunTime:0.047585s ]
INFO: [ view_parse ] --END-- [ RunTime:0.047978s ]
INFO: [ view_filter ] --START--
INFO: Run Behavior\WriteHtmlCacheBehavior [ RunTime:0.000684s ]
INFO: [ view_filter ] --END-- [ RunTime:0.001042s ]
INFO: [ app_end ] --START--
INFO: Run Behavior\ShowPageTraceBehavior [ RunTime:0.002123s ]
INFO: [ app_end ] --END-- [ RunTime:0.002769s ]

[ 2017-08-01T21:11:59+08:00 ] ::1 /mssd/1/Index/welcome
INFO: [ app_init ] --START--
INFO: Run Behavior\BuildLiteBehavior [ RunTime:0.000130s ]
INFO: [ app_init ] --END-- [ RunTime:0.001238s ]
INFO: [ app_begin ] --START--
INFO: Run Behavior\ReadHtmlCacheBehavior [ RunTime:0.001070s ]
INFO: [ app_begin ] --END-- [ RunTime:0.001427s ]
SQL: SHOW COLUMNS FROM `saya_system` [ RunTime:0.0060s ]
SQL: SELECT `sLoginTimeout` FROM `saya_system` WHERE ( sId=1 ) LIMIT 1   [ RunTime:0.0006s ]
SQL: SELECT `sLoginTimeout` FROM `saya_system` WHERE ( sId=1 ) LIMIT 1   [ RunTime:0.0005s ]
SQL: SHOW COLUMNS FROM `saya_admin` [ RunTime:0.0065s ]
SQL: SELECT `aLoginNum` FROM `saya_admin` WHERE ( aUser='system' ) LIMIT 1   [ RunTime:0.0007s ]
SQL: SHOW COLUMNS FROM `saya_admin_role` [ RunTime:0.0069s ]
NOTIC: [8] Undefined variable: morepowersValue E:\wampserver\www\mssd\1\Application\Personnelsystem\Controller\IndexController.class.php 第 76 行.
SQL: SHOW COLUMNS FROM `saya_hdmenu` [ RunTime:0.0071s ]
SQL: SELECT * FROM `saya_hdmenu`  [ RunTime:0.0006s ]
SQL: SELECT COUNT(*) AS tp_count FROM `saya_admin_role` LIMIT 1   [ RunTime:0.0006s ]
SQL: SELECT COUNT(*) AS tp_count FROM `saya_admin` LIMIT 1   [ RunTime:0.0005s ]
SQL: SHOW COLUMNS FROM `saya_department` [ RunTime:0.0068s ]
SQL: SELECT COUNT(*) AS tp_count FROM `saya_department` LIMIT 1   [ RunTime:0.0005s ]
SQL: SHOW COLUMNS FROM `saya_staff` [ RunTime:0.0067s ]
SQL: SELECT COUNT(*) AS tp_count FROM `saya_staff` WHERE ( stBlacklist=0 ) LIMIT 1   [ RunTime:0.0007s ]
SQL: SELECT COUNT(*) AS tp_count FROM `saya_staff` WHERE ( stJobState=1 AND stBlacklist=0 ) LIMIT 1   [ RunTime:0.0007s ]
SQL: SELECT COUNT(*) AS tp_count FROM `saya_staff` WHERE ( stJobState=0 AND stBlacklist=0 ) LIMIT 1   [ RunTime:0.0007s ]
SQL: SELECT COUNT(*) AS tp_count FROM `saya_staff` WHERE ( stBlacklist=1 ) LIMIT 1   [ RunTime:0.0007s ]
SQL: SELECT `sName`,`sCopyrightName`,`sCopyrightAuthor`,`sCopyrightAuthorTel`,`sCopyrightAuthorQQ` FROM `saya_system` WHERE ( sId=1 ) LIMIT 1   [ RunTime:0.0007s ]
INFO: [ view_parse ] --START--
INFO: [ template_filter ] --START--
INFO: Run Behavior\ContentReplaceBehavior [ RunTime:0.000387s ]
INFO: [ template_filter ] --END-- [ RunTime:0.000821s ]
INFO: Run Behavior\ParseTemplateBehavior [ RunTime:0.026847s ]
INFO: [ view_parse ] --END-- [ RunTime:0.027271s ]
INFO: [ view_filter ] --START--
INFO: Run Behavior\WriteHtmlCacheBehavior [ RunTime:0.000698s ]
INFO: [ view_filter ] --END-- [ RunTime:0.001028s ]
INFO: [ app_end ] --START--
INFO: Run Behavior\ShowPageTraceBehavior [ RunTime:0.002326s ]
INFO: [ app_end ] --END-- [ RunTime:0.003062s ]

[ 2017-08-01T21:12:19+08:00 ] ::1 /mssd/1/Department/add
INFO: [ app_init ] --START--
INFO: Run Behavior\BuildLiteBehavior [ RunTime:0.000105s ]
INFO: [ app_init ] --END-- [ RunTime:0.001594s ]
INFO: [ app_begin ] --START--
INFO: Run Behavior\ReadHtmlCacheBehavior [ RunTime:0.001031s ]
INFO: [ app_begin ] --END-- [ RunTime:0.001380s ]
SQL: SHOW COLUMNS FROM `saya_system` [ RunTime:0.0062s ]
SQL: SELECT `sLoginTimeout` FROM `saya_system` WHERE ( sId=1 ) LIMIT 1   [ RunTime:0.0007s ]
SQL: SELECT `sLoginTimeout` FROM `saya_system` WHERE ( sId=1 ) LIMIT 1   [ RunTime:0.0006s ]
SQL: SELECT `sDepartment` FROM `saya_system` WHERE ( sId=1 ) LIMIT 1   [ RunTime:0.0006s ]
INFO: [ view_parse ] --START--
INFO: [ template_filter ] --START--
INFO: Run Behavior\ContentReplaceBehavior [ RunTime:0.000367s ]
INFO: [ template_filter ] --END-- [ RunTime:0.000757s ]
INFO: Run Behavior\ParseTemplateBehavior [ RunTime:0.017122s ]
INFO: [ view_parse ] --END-- [ RunTime:0.017534s ]
INFO: [ view_filter ] --START--
INFO: Run Behavior\WriteHtmlCacheBehavior [ RunTime:0.000667s ]
INFO: [ view_filter ] --END-- [ RunTime:0.000987s ]
INFO: [ app_end ] --START--
INFO: Run Behavior\ShowPageTraceBehavior [ RunTime:0.002138s ]
INFO: [ app_end ] --END-- [ RunTime:0.002724s ]

[ 2017-08-01T21:12:33+08:00 ] ::1 /mssd/1/Personnelsystem/Department/AddAction
INFO: [ app_init ] --START--
INFO: Run Behavior\BuildLiteBehavior [ RunTime:0.000089s ]
INFO: [ app_init ] --END-- [ RunTime:0.001190s ]
INFO: [ app_begin ] --START--
INFO: Run Behavior\ReadHtmlCacheBehavior [ RunTime:0.001292s ]
INFO: [ app_begin ] --END-- [ RunTime:0.001674s ]
SQL: SHOW COLUMNS FROM `saya_system` [ RunTime:0.0060s ]
SQL: SELECT `sLoginTimeout` FROM `saya_system` WHERE ( sId=1 ) LIMIT 1   [ RunTime:0.0007s ]
SQL: SELECT `sLoginTimeout` FROM `saya_system` WHERE ( sId=1 ) LIMIT 1   [ RunTime:0.0006s ]
NOTIC: [8] Undefined index: img_url E:\wampserver\www\mssd\1\Application\Personnelsystem\Controller\DepartmentController.class.php 第 22 行.
SQL: SHOW COLUMNS FROM `saya_order_info` [ RunTime:0.0073s ]
SQL: INSERT INTO `saya_order_info` (`order_sn`,`order_type`,`mobile`,`outtime`,`add_time`,`order_status_name`) VALUES ('99','3','18811606684','99','2017-08-01 21:12:33','未接单') [ RunTime:0.1248s ]
INFO: [ app_end ] --START--
INFO: Run Behavior\ShowPageTraceBehavior [ RunTime:0.001455s ]
INFO: [ app_end ] --END-- [ RunTime:0.001834s ]

[ 2017-08-01T21:14:40+08:00 ] ::1 /mssd/1/Personnelsystem/Index/
INFO: [ app_init ] --START--
INFO: Run Behavior\BuildLiteBehavior [ RunTime:0.000073s ]
INFO: [ app_init ] --END-- [ RunTime:0.001155s ]
INFO: [ app_begin ] --START--
INFO: Run Behavior\ReadHtmlCacheBehavior [ RunTime:0.001256s ]
INFO: [ app_begin ] --END-- [ RunTime:0.001605s ]
SQL: SHOW COLUMNS FROM `saya_system` [ RunTime:0.0064s ]
SQL: SELECT `sLoginTimeout` FROM `saya_system` WHERE ( sId=1 ) LIMIT 1   [ RunTime:0.0007s ]
SQL: SELECT `sLoginTimeout` FROM `saya_system` WHERE ( sId=1 ) LIMIT 1   [ RunTime:0.0006s ]
SQL: SELECT `sName`,`sDepartment`,`sCopyrightName`,`sCopyrightAuthor`,`sVersion`,`sCopyrightAuthorTel`,`sCopyrightAuthorQQ` FROM `saya_system` WHERE ( sId=1 ) LIMIT 1   [ RunTime:0.0006s ]
SQL: SHOW COLUMNS FROM `saya_admin_role` [ RunTime:0.0060s ]
NOTIC: [8] Undefined variable: morepowersValue E:\wampserver\www\mssd\1\Application\Personnelsystem\Controller\IndexController.class.php 第 30 行.
SQL: SHOW COLUMNS FROM `saya_department` [ RunTime:0.0054s ]
SQL: SELECT * FROM `saya_department` WHERE ( dId=0 ) LIMIT 1   [ RunTime:0.0006s ]
SQL: SELECT `sLoginTimeout` FROM `saya_system` WHERE ( sId=1 ) LIMIT 1   [ RunTime:0.0006s ]
SQL: SELECT `sLoginTimeout` FROM `saya_system` WHERE ( sId=1 ) LIMIT 1   [ RunTime:0.0006s ]
SQL: SHOW COLUMNS FROM `saya_staff` [ RunTime:0.0068s ]
SQL: SELECT COUNT(*) AS tp_count FROM `saya_staff` WHERE `stBirthdate` LIKE '%08-01%' AND `stBirthdateType` = 1 LIMIT 1   [ RunTime:0.0009s ]
SQL: SELECT COUNT(*) AS tp_count FROM `saya_staff` WHERE `stBirthdate` LIKE '%07-10%' AND `stBirthdateType` = 2 LIMIT 1   [ RunTime:0.0007s ]
SQL: SHOW COLUMNS FROM `saya_hdmenu` [ RunTime:0.0057s ]
SQL: SELECT * FROM `saya_hdmenu`  [ RunTime:0.0005s ]
INFO: [ view_parse ] --START--
INFO: [ template_filter ] --START--
INFO: Run Behavior\ContentReplaceBehavior [ RunTime:0.000573s ]
INFO: [ template_filter ] --END-- [ RunTime:0.000924s ]
NOTIC: [8] Undefined variable: rs_users E:\wampserver\www\mssd\1\Application\Runtime\Cache\Personnelsystem\893122f858811a5339e67690bf0a2103.php 第 32 行.
NOTIC: [8] Undefined variable: rs_admin E:\wampserver\www\mssd\1\Application\Runtime\Cache\Personnelsystem\893122f858811a5339e67690bf0a2103.php 第 32 行.
INFO: Run Behavior\ParseTemplateBehavior [ RunTime:0.045758s ]
INFO: [ view_parse ] --END-- [ RunTime:0.046149s ]
INFO: [ view_filter ] --START--
INFO: Run Behavior\WriteHtmlCacheBehavior [ RunTime:0.000913s ]
INFO: [ view_filter ] --END-- [ RunTime:0.001240s ]
INFO: [ app_end ] --START--
INFO: Run Behavior\ShowPageTraceBehavior [ RunTime:0.001283s ]
INFO: [ app_end ] --END-- [ RunTime:0.001648s ]

[ 2017-08-01T21:14:40+08:00 ] ::1 /mssd/1/Index/welcome
INFO: [ app_init ] --START--
INFO: Run Behavior\BuildLiteBehavior [ RunTime:0.000077s ]
INFO: [ app_init ] --END-- [ RunTime:0.001284s ]
INFO: [ app_begin ] --START--
INFO: Run Behavior\ReadHtmlCacheBehavior [ RunTime:0.001222s ]
INFO: [ app_begin ] --END-- [ RunTime:0.001579s ]
SQL: SHOW COLUMNS FROM `saya_system` [ RunTime:0.0071s ]
SQL: SELECT `sLoginTimeout` FROM `saya_system` WHERE ( sId=1 ) LIMIT 1   [ RunTime:0.0006s ]
SQL: SELECT `sLoginTimeout` FROM `saya_system` WHERE ( sId=1 ) LIMIT 1   [ RunTime:0.0005s ]
SQL: SHOW COLUMNS FROM `saya_admin` [ RunTime:0.0073s ]
SQL: SELECT `aLoginNum` FROM `saya_admin` WHERE ( aUser='system' ) LIMIT 1   [ RunTime:0.0007s ]
SQL: SHOW COLUMNS FROM `saya_admin_role` [ RunTime:0.0074s ]
NOTIC: [8] Undefined variable: morepowersValue E:\wampserver\www\mssd\1\Application\Personnelsystem\Controller\IndexController.class.php 第 76 行.
SQL: SHOW COLUMNS FROM `saya_hdmenu` [ RunTime:0.0077s ]
SQL: SELECT * FROM `saya_hdmenu`  [ RunTime:0.0005s ]
SQL: SELECT COUNT(*) AS tp_count FROM `saya_admin_role` LIMIT 1   [ RunTime:0.0004s ]
SQL: SELECT COUNT(*) AS tp_count FROM `saya_admin` LIMIT 1   [ RunTime:0.0004s ]
SQL: SHOW COLUMNS FROM `saya_department` [ RunTime:0.0058s ]
SQL: SELECT COUNT(*) AS tp_count FROM `saya_department` LIMIT 1   [ RunTime:0.0004s ]
SQL: SHOW COLUMNS FROM `saya_staff` [ RunTime:0.0073s ]
SQL: SELECT COUNT(*) AS tp_count FROM `saya_staff` WHERE ( stBlacklist=0 ) LIMIT 1   [ RunTime:0.0006s ]
SQL: SELECT COUNT(*) AS tp_count FROM `saya_staff` WHERE ( stJobState=1 AND stBlacklist=0 ) LIMIT 1   [ RunTime:0.0007s ]
SQL: SELECT COUNT(*) AS tp_count FROM `saya_staff` WHERE ( stJobState=0 AND stBlacklist=0 ) LIMIT 1   [ RunTime:0.0006s ]
SQL: SELECT COUNT(*) AS tp_count FROM `saya_staff` WHERE ( stBlacklist=1 ) LIMIT 1   [ RunTime:0.0006s ]
SQL: SELECT `sName`,`sCopyrightName`,`sCopyrightAuthor`,`sCopyrightAuthorTel`,`sCopyrightAuthorQQ` FROM `saya_system` WHERE ( sId=1 ) LIMIT 1   [ RunTime:0.0006s ]
INFO: [ view_parse ] --START--
INFO: [ template_filter ] --START--
INFO: Run Behavior\ContentReplaceBehavior [ RunTime:0.000600s ]
INFO: [ template_filter ] --END-- [ RunTime:0.001422s ]
INFO: Run Behavior\ParseTemplateBehavior [ RunTime:0.032176s ]
INFO: [ view_parse ] --END-- [ RunTime:0.032622s ]
INFO: [ view_filter ] --START--
INFO: Run Behavior\WriteHtmlCacheBehavior [ RunTime:0.000913s ]
INFO: [ view_filter ] --END-- [ RunTime:0.001244s ]
INFO: [ app_end ] --START--
INFO: Run Behavior\ShowPageTraceBehavior [ RunTime:0.001138s ]
INFO: [ app_end ] --END-- [ RunTime:0.001558s ]

[ 2017-08-01T21:14:42+08:00 ] ::1 /mssd/1/Department/add
INFO: [ app_init ] --START--
INFO: Run Behavior\BuildLiteBehavior [ RunTime:0.000073s ]
INFO: [ app_init ] --END-- [ RunTime:0.001168s ]
INFO: [ app_begin ] --START--
INFO: Run Behavior\ReadHtmlCacheBehavior [ RunTime:0.002002s ]
INFO: [ app_begin ] --END-- [ RunTime:0.002685s ]
SQL: SHOW COLUMNS FROM `saya_system` [ RunTime:0.0077s ]
SQL: SELECT `sLoginTimeout` FROM `saya_system` WHERE ( sId=1 ) LIMIT 1   [ RunTime:0.0006s ]
SQL: SELECT `sLoginTimeout` FROM `saya_system` WHERE ( sId=1 ) LIMIT 1   [ RunTime:0.0005s ]
SQL: SELECT `sDepartment` FROM `saya_system` WHERE ( sId=1 ) LIMIT 1   [ RunTime:0.0004s ]
INFO: [ view_parse ] --START--
INFO: [ template_filter ] --START--
INFO: Run Behavior\ContentReplaceBehavior [ RunTime:0.000560s ]
INFO: [ template_filter ] --END-- [ RunTime:0.001234s ]
INFO: Run Behavior\ParseTemplateBehavior [ RunTime:0.029283s ]
INFO: [ view_parse ] --END-- [ RunTime:0.029837s ]
INFO: [ view_filter ] --START--
INFO: Run Behavior\WriteHtmlCacheBehavior [ RunTime:0.001386s ]
INFO: [ view_filter ] --END-- [ RunTime:0.001887s ]
INFO: [ app_end ] --START--
INFO: Run Behavior\ShowPageTraceBehavior [ RunTime:0.001734s ]
INFO: [ app_end ] --END-- [ RunTime:0.002267s ]

[ 2017-08-01T21:14:52+08:00 ] ::1 /mssd/1/Personnelsystem/Department/AddAction
INFO: [ app_init ] --START--
INFO: Run Behavior\BuildLiteBehavior [ RunTime:0.000077s ]
INFO: [ app_init ] --END-- [ RunTime:0.001696s ]
INFO: [ app_begin ] --START--
INFO: Run Behavior\ReadHtmlCacheBehavior [ RunTime:0.001067s ]
INFO: [ app_begin ] --END-- [ RunTime:0.001416s ]
SQL: SHOW COLUMNS FROM `saya_system` [ RunTime:0.0065s ]
SQL: SELECT `sLoginTimeout` FROM `saya_system` WHERE ( sId=1 ) LIMIT 1   [ RunTime:0.0007s ]
SQL: SELECT `sLoginTimeout` FROM `saya_system` WHERE ( sId=1 ) LIMIT 1   [ RunTime:0.0006s ]
NOTIC: [8] Undefined index: img_url E:\wampserver\www\mssd\1\Application\Personnelsystem\Controller\DepartmentController.class.php 第 22 行.
SQL: SHOW COLUMNS FROM `saya_order_info` [ RunTime:0.0070s ]
SQL: INSERT INTO `saya_order_info` (`order_sn`,`order_type`,`mobile`,`outtime`,`add_time`,`order_status_name`) VALUES ('123456','3','18811348789','134','2017-08-01 21:14:51','未接单') [ RunTime:0.3220s ]
INFO: [ app_end ] --START--
INFO: Run Behavior\ShowPageTraceBehavior [ RunTime:0.001236s ]
INFO: [ app_end ] --END-- [ RunTime:0.001584s ]

[ 2017-08-01T21:14:52+08:00 ] ::1 /mssd/1/Department/add.html
INFO: [ app_init ] --START--
INFO: Run Behavior\BuildLiteBehavior [ RunTime:0.000073s ]
INFO: [ app_init ] --END-- [ RunTime:0.001031s ]
INFO: [ app_begin ] --START--
INFO: Run Behavior\ReadHtmlCacheBehavior [ RunTime:0.001034s ]
INFO: [ app_begin ] --END-- [ RunTime:0.001385s ]
SQL: SHOW COLUMNS FROM `saya_system` [ RunTime:0.0070s ]
SQL: SELECT `sLoginTimeout` FROM `saya_system` WHERE ( sId=1 ) LIMIT 1   [ RunTime:0.0007s ]
SQL: SELECT `sLoginTimeout` FROM `saya_system` WHERE ( sId=1 ) LIMIT 1   [ RunTime:0.0006s ]
SQL: SELECT `sDepartment` FROM `saya_system` WHERE ( sId=1 ) LIMIT 1   [ RunTime:0.0006s ]
INFO: [ view_parse ] --START--
INFO: [ template_filter ] --START--
INFO: Run Behavior\ContentReplaceBehavior [ RunTime:0.000344s ]
INFO: [ template_filter ] --END-- [ RunTime:0.000730s ]
INFO: Run Behavior\ParseTemplateBehavior [ RunTime:0.019046s ]
INFO: [ view_parse ] --END-- [ RunTime:0.019442s ]
INFO: [ view_filter ] --START--
INFO: Run Behavior\WriteHtmlCacheBehavior [ RunTime:0.000848s ]
INFO: [ view_filter ] --END-- [ RunTime:0.001172s ]
INFO: [ app_end ] --START--
INFO: Run Behavior\ShowPageTraceBehavior [ RunTime:0.001797s ]
INFO: [ app_end ] --END-- [ RunTime:0.002384s ]

[ 2017-08-01T21:14:54+08:00 ] ::1 /mssd/1/Personnelsystem/Department/listsedit/status/0
INFO: [ app_init ] --START--
INFO: Run Behavior\BuildLiteBehavior [ RunTime:0.000126s ]
INFO: [ app_init ] --END-- [ RunTime:0.001639s ]
INFO: [ app_begin ] --START--
INFO: Run Behavior\ReadHtmlCacheBehavior [ RunTime:0.001572s ]
INFO: [ app_begin ] --END-- [ RunTime:0.002180s ]
SQL: SHOW COLUMNS FROM `saya_system` [ RunTime:0.0076s ]
SQL: SELECT `sLoginTimeout` FROM `saya_system` WHERE ( sId=1 ) LIMIT 1   [ RunTime:0.0007s ]
SQL: SELECT `sLoginTimeout` FROM `saya_system` WHERE ( sId=1 ) LIMIT 1   [ RunTime:0.0007s ]
SQL: SHOW COLUMNS FROM `saya_staff` [ RunTime:0.0065s ]
SQL: SHOW COLUMNS FROM `saya_order_info` [ RunTime:0.0076s ]
SQL: SELECT * FROM `saya_order_info` WHERE ( del_flag<>1 AND order_status=0 )  [ RunTime:0.0015s ]
SQL: SELECT * FROM `saya_staff` WHERE ( stJobState = 1 )  [ RunTime:0.0008s ]
INFO: [ view_parse ] --START--
INFO: [ template_filter ] --START--
INFO: Run Behavior\ContentReplaceBehavior [ RunTime:0.000391s ]
INFO: [ template_filter ] --END-- [ RunTime:0.000747s ]
NOTIC: [8] Undefined index: stName E:\wampserver\www\mssd\1\Application\Runtime\Cache\Personnelsystem\0047855372178aedb9f750800de692f7.php 第 73 行.
NOTIC: [8] Undefined index: stTel E:\wampserver\www\mssd\1\Application\Runtime\Cache\Personnelsystem\0047855372178aedb9f750800de692f7.php 第 74 行.
NOTIC: [8] Undefined index: status E:\wampserver\www\mssd\1\Application\Runtime\Cache\Personnelsystem\0047855372178aedb9f750800de692f7.php 第 81 行.
NOTIC: [8] Undefined index: stName E:\wampserver\www\mssd\1\Application\Runtime\Cache\Personnelsystem\0047855372178aedb9f750800de692f7.php 第 73 行.
NOTIC: [8] Undefined index: stTel E:\wampserver\www\mssd\1\Application\Runtime\Cache\Personnelsystem\0047855372178aedb9f750800de692f7.php 第 74 行.
NOTIC: [8] Undefined index: status E:\wampserver\www\mssd\1\Application\Runtime\Cache\Personnelsystem\0047855372178aedb9f750800de692f7.php 第 81 行.
NOTIC: [8] Undefined index: stName E:\wampserver\www\mssd\1\Application\Runtime\Cache\Personnelsystem\0047855372178aedb9f750800de692f7.php 第 73 行.
NOTIC: [8] Undefined index: stTel E:\wampserver\www\mssd\1\Application\Runtime\Cache\Personnelsystem\0047855372178aedb9f750800de692f7.php 第 74 行.
NOTIC: [8] Undefined index: status E:\wampserver\www\mssd\1\Application\Runtime\Cache\Personnelsystem\0047855372178aedb9f750800de692f7.php 第 81 行.
NOTIC: [8] Undefined index: stName E:\wampserver\www\mssd\1\Application\Runtime\Cache\Personnelsystem\0047855372178aedb9f750800de692f7.php 第 73 行.
NOTIC: [8] Undefined index: stTel E:\wampserver\www\mssd\1\Application\Runtime\Cache\Personnelsystem\0047855372178aedb9f750800de692f7.php 第 74 行.
NOTIC: [8] Undefined index: status E:\wampserver\www\mssd\1\Application\Runtime\Cache\Personnelsystem\0047855372178aedb9f750800de692f7.php 第 81 行.
NOTIC: [8] Undefined index: stName E:\wampserver\www\mssd\1\Application\Runtime\Cache\Personnelsystem\0047855372178aedb9f750800de692f7.php 第 73 行.
NOTIC: [8] Undefined index: stTel E:\wampserver\www\mssd\1\Application\Runtime\Cache\Personnelsystem\0047855372178aedb9f750800de692f7.php 第 74 行.
NOTIC: [8] Undefined index: status E:\wampserver\www\mssd\1\Application\Runtime\Cache\Personnelsystem\0047855372178aedb9f750800de692f7.php 第 81 行.
INFO: Run Behavior\ParseTemplateBehavior [ RunTime:0.047954s ]
INFO: [ view_parse ] --END-- [ RunTime:0.048449s ]
INFO: [ view_filter ] --START--
INFO: Run Behavior\WriteHtmlCacheBehavior [ RunTime:0.000873s ]
INFO: [ view_filter ] --END-- [ RunTime:0.001192s ]
INFO: [ app_end ] --START--
INFO: Run Behavior\ShowPageTraceBehavior [ RunTime:0.001089s ]
INFO: [ app_end ] --END-- [ RunTime:0.001427s ]

[ 2017-08-01T21:14:59+08:00 ] ::1 /mssd/1/Personnelsystem/Department/add
INFO: [ app_init ] --START--
INFO: Run Behavior\BuildLiteBehavior [ RunTime:0.000142s ]
INFO: [ app_init ] --END-- [ RunTime:0.001732s ]
INFO: [ app_begin ] --START--
INFO: Run Behavior\ReadHtmlCacheBehavior [ RunTime:0.001051s ]
INFO: [ app_begin ] --END-- [ RunTime:0.001401s ]
SQL: SHOW COLUMNS FROM `saya_system` [ RunTime:0.0079s ]
SQL: SELECT `sLoginTimeout` FROM `saya_system` WHERE ( sId=1 ) LIMIT 1   [ RunTime:0.0007s ]
SQL: SELECT `sLoginTimeout` FROM `saya_system` WHERE ( sId=1 ) LIMIT 1   [ RunTime:0.0006s ]
SQL: SELECT `sDepartment` FROM `saya_system` WHERE ( sId=1 ) LIMIT 1   [ RunTime:0.0005s ]
INFO: [ view_parse ] --START--
INFO: [ template_filter ] --START--
INFO: Run Behavior\ContentReplaceBehavior [ RunTime:0.000369s ]
INFO: [ template_filter ] --END-- [ RunTime:0.000731s ]
INFO: Run Behavior\ParseTemplateBehavior [ RunTime:0.021410s ]
INFO: [ view_parse ] --END-- [ RunTime:0.021833s ]
INFO: [ view_filter ] --START--
INFO: Run Behavior\WriteHtmlCacheBehavior [ RunTime:0.000921s ]
INFO: [ view_filter ] --END-- [ RunTime:0.001345s ]
INFO: [ app_end ] --START--
INFO: Run Behavior\ShowPageTraceBehavior [ RunTime:0.001723s ]
INFO: [ app_end ] --END-- [ RunTime:0.002302s ]

[ 2017-08-01T21:15:27+08:00 ] ::1 /mssd/1/Personnelsystem/Department/AddAction
INFO: [ app_init ] --START--
INFO: Run Behavior\BuildLiteBehavior [ RunTime:0.000073s ]
INFO: [ app_init ] --END-- [ RunTime:0.001068s ]
INFO: [ app_begin ] --START--
INFO: Run Behavior\ReadHtmlCacheBehavior [ RunTime:0.001005s ]
INFO: [ app_begin ] --END-- [ RunTime:0.001372s ]
SQL: SHOW COLUMNS FROM `saya_system` [ RunTime:0.0059s ]
SQL: SELECT `sLoginTimeout` FROM `saya_system` WHERE ( sId=1 ) LIMIT 1   [ RunTime:0.0006s ]
SQL: SELECT `sLoginTimeout` FROM `saya_system` WHERE ( sId=1 ) LIMIT 1   [ RunTime:0.0006s ]
NOTIC: [8] Undefined index: img_url E:\wampserver\www\mssd\1\Application\Personnelsystem\Controller\DepartmentController.class.php 第 22 行.
SQL: SHOW COLUMNS FROM `saya_order_info` [ RunTime:0.0072s ]
SQL: INSERT INTO `saya_order_info` (`order_sn`,`order_type`,`mobile`,`outtime`,`add_time`,`order_status_name`) VALUES ('6','2','18811606684','123','2017-08-01 21:15:27','未接单') [ RunTime:0.0790s ]
INFO: [ app_end ] --START--
INFO: Run Behavior\ShowPageTraceBehavior [ RunTime:0.001208s ]
INFO: [ app_end ] --END-- [ RunTime:0.001556s ]

[ 2017-08-01T21:15:27+08:00 ] ::1 /mssd/1/Department/add.html
INFO: [ app_init ] --START--
INFO: Run Behavior\BuildLiteBehavior [ RunTime:0.000073s ]
INFO: [ app_init ] --END-- [ RunTime:0.001085s ]
INFO: [ app_begin ] --START--
INFO: Run Behavior\ReadHtmlCacheBehavior [ RunTime:0.001056s ]
INFO: [ app_begin ] --END-- [ RunTime:0.001432s ]
SQL: SHOW COLUMNS FROM `saya_system` [ RunTime:0.0061s ]
SQL: SELECT `sLoginTimeout` FROM `saya_system` WHERE ( sId=1 ) LIMIT 1   [ RunTime:0.0007s ]
SQL: SELECT `sLoginTimeout` FROM `saya_system` WHERE ( sId=1 ) LIMIT 1   [ RunTime:0.0006s ]
SQL: SELECT `sDepartment` FROM `saya_system` WHERE ( sId=1 ) LIMIT 1   [ RunTime:0.0005s ]
INFO: [ view_parse ] --START--
INFO: [ template_filter ] --START--
INFO: Run Behavior\ContentReplaceBehavior [ RunTime:0.000331s ]
INFO: [ template_filter ] --END-- [ RunTime:0.000695s ]
INFO: Run Behavior\ParseTemplateBehavior [ RunTime:0.019375s ]
INFO: [ view_parse ] --END-- [ RunTime:0.019769s ]
INFO: [ view_filter ] --START--
INFO: Run Behavior\WriteHtmlCacheBehavior [ RunTime:0.000861s ]
INFO: [ view_filter ] --END-- [ RunTime:0.001185s ]
INFO: [ app_end ] --START--
INFO: Run Behavior\ShowPageTraceBehavior [ RunTime:0.001685s ]
INFO: [ app_end ] --END-- [ RunTime:0.002247s ]

[ 2017-08-01T21:15:30+08:00 ] ::1 /mssd/1/Personnelsystem/Department/listsedit/status/0
INFO: [ app_init ] --START--
INFO: Run Behavior\BuildLiteBehavior [ RunTime:0.000074s ]
INFO: [ app_init ] --END-- [ RunTime:0.001041s ]
INFO: [ app_begin ] --START--
INFO: Run Behavior\ReadHtmlCacheBehavior [ RunTime:0.001697s ]
INFO: [ app_begin ] --END-- [ RunTime:0.002338s ]
SQL: SHOW COLUMNS FROM `saya_system` [ RunTime:0.0074s ]
SQL: SELECT `sLoginTimeout` FROM `saya_system` WHERE ( sId=1 ) LIMIT 1   [ RunTime:0.0006s ]
SQL: SELECT `sLoginTimeout` FROM `saya_system` WHERE ( sId=1 ) LIMIT 1   [ RunTime:0.0006s ]
SQL: SHOW COLUMNS FROM `saya_staff` [ RunTime:0.0078s ]
SQL: SHOW COLUMNS FROM `saya_order_info` [ RunTime:0.0086s ]
SQL: SELECT * FROM `saya_order_info` WHERE ( del_flag<>1 AND order_status=0 )  [ RunTime:0.0016s ]
SQL: SELECT * FROM `saya_staff` WHERE ( stJobState = 1 )  [ RunTime:0.0009s ]
INFO: [ view_parse ] --START--
INFO: [ template_filter ] --START--
INFO: Run Behavior\ContentReplaceBehavior [ RunTime:0.000564s ]
INFO: [ template_filter ] --END-- [ RunTime:0.001174s ]
NOTIC: [8] Undefined index: stName E:\wampserver\www\mssd\1\Application\Runtime\Cache\Personnelsystem\0047855372178aedb9f750800de692f7.php 第 73 行.
NOTIC: [8] Undefined index: stTel E:\wampserver\www\mssd\1\Application\Runtime\Cache\Personnelsystem\0047855372178aedb9f750800de692f7.php 第 74 行.
NOTIC: [8] Undefined index: status E:\wampserver\www\mssd\1\Application\Runtime\Cache\Personnelsystem\0047855372178aedb9f750800de692f7.php 第 81 行.
NOTIC: [8] Undefined index: stName E:\wampserver\www\mssd\1\Application\Runtime\Cache\Personnelsystem\0047855372178aedb9f750800de692f7.php 第 73 行.
NOTIC: [8] Undefined index: stTel E:\wampserver\www\mssd\1\Application\Runtime\Cache\Personnelsystem\0047855372178aedb9f750800de692f7.php 第 74 行.
NOTIC: [8] Undefined index: status E:\wampserver\www\mssd\1\Application\Runtime\Cache\Personnelsystem\0047855372178aedb9f750800de692f7.php 第 81 行.
NOTIC: [8] Undefined index: stName E:\wampserver\www\mssd\1\Application\Runtime\Cache\Personnelsystem\0047855372178aedb9f750800de692f7.php 第 73 行.
NOTIC: [8] Undefined index: stTel E:\wampserver\www\mssd\1\Application\Runtime\Cache\Personnelsystem\0047855372178aedb9f750800de692f7.php 第 74 行.
NOTIC: [8] Undefined index: status E:\wampserver\www\mssd\1\Application\Runtime\Cache\Personnelsystem\0047855372178aedb9f750800de692f7.php 第 81 行.
NOTIC: [8] Undefined index: stName E:\wampserver\www\mssd\1\Application\Runtime\Cache\Personnelsystem\0047855372178aedb9f750800de692f7.php 第 73 行.
NOTIC: [8] Undefined index: stTel E:\wampserver\www\mssd\1\Application\Runtime\Cache\Personnelsystem\0047855372178aedb9f750800de692f7.php 第 74 行.
NOTIC: [8] Undefined index: status E:\wampserver\www\mssd\1\Application\Runtime\Cache\Personnelsystem\0047855372178aedb9f750800de692f7.php 第 81 行.
NOTIC: [8] Undefined index: stName E:\wampserver\www\mssd\1\Application\Runtime\Cache\Personnelsystem\0047855372178aedb9f750800de692f7.php 第 73 行.
NOTIC: [8] Undefined index: stTel E:\wampserver\www\mssd\1\Application\Runtime\Cache\Personnelsystem\0047855372178aedb9f750800de692f7.php 第 74 行.
NOTIC: [8] Undefined index: status E:\wampserver\www\mssd\1\Application\Runtime\Cache\Personnelsystem\0047855372178aedb9f750800de692f7.php 第 81 行.
NOTIC: [8] Undefined index: stName E:\wampserver\www\mssd\1\Application\Runtime\Cache\Personnelsystem\0047855372178aedb9f750800de692f7.php 第 73 行.
NOTIC: [8] Undefined index: stTel E:\wampserver\www\mssd\1\Application\Runtime\Cache\Personnelsystem\0047855372178aedb9f750800de692f7.php 第 74 行.
NOTIC: [8] Undefined index: status E:\wampserver\www\mssd\1\Application\Runtime\Cache\Personnelsystem\0047855372178aedb9f750800de692f7.php 第 81 行.
INFO: Run Behavior\ParseTemplateBehavior [ RunTime:0.049628s ]
INFO: [ view_parse ] --END-- [ RunTime:0.050080s ]
INFO: [ view_filter ] --START--
INFO: Run Behavior\WriteHtmlCacheBehavior [ RunTime:0.000898s ]
INFO: [ view_filter ] --END-- [ RunTime:0.001452s ]
INFO: [ app_end ] --START--
INFO: Run Behavior\ShowPageTraceBehavior [ RunTime:0.001633s ]
INFO: [ app_end ] --END-- [ RunTime:0.002225s ]

