[ 2017-07-06T20:10:07+08:00 ] ::1 /plum/1/index.php
INFO: [ app_init ] --START--
INFO: Run Behavior\BuildLiteBehavior [ RunTime:0.000063s ]
INFO: [ app_init ] --END-- [ RunTime:0.001010s ]
INFO: [ app_begin ] --START--
INFO: Run Behavior\ReadHtmlCacheBehavior [ RunTime:0.001977s ]
INFO: [ app_begin ] --END-- [ RunTime:0.002602s ]
SQL: SHOW COLUMNS FROM `saya_system` [ RunTime:0.0065s ]
SQL: SELECT `sLoginTimeout` FROM `saya_system` WHERE ( sId=1 ) LIMIT 1   [ RunTime:0.0005s ]
INFO: [ view_parse ] --START--
INFO: [ template_filter ] --START--
INFO: Run Behavior\ContentReplaceBehavior [ RunTime:0.000167s ]
INFO: [ template_filter ] --END-- [ RunTime:0.000485s ]
INFO: Run Behavior\ParseTemplateBehavior [ RunTime:0.096943s ]
INFO: [ view_parse ] --END-- [ RunTime:0.097349s ]
INFO: [ view_filter ] --START--
INFO: Run Behavior\WriteHtmlCacheBehavior [ RunTime:0.005845s ]
INFO: [ view_filter ] --END-- [ RunTime:0.006144s ]

[ 2017-07-06T20:10:10+08:00 ] ::1 /plum/1/login/index.html
INFO: [ app_init ] --START--
INFO: Run Behavior\BuildLiteBehavior [ RunTime:0.000088s ]
INFO: [ app_init ] --END-- [ RunTime:0.001106s ]
INFO: [ app_begin ] --START--
INFO: Run Behavior\ReadHtmlCacheBehavior [ RunTime:0.001413s ]
INFO: [ app_begin ] --END-- [ RunTime:0.001759s ]
SQL: SHOW COLUMNS FROM `saya_system` [ RunTime:0.0064s ]
SQL: SELECT `sLogo`,`sName`,`sCopyrightName`,`sCopyrightAuthor`,`sCheckCodeSwitch`,`sVersion`,`sCopyrightAuthorTel`,`sCopyrightAuthorQQ` FROM `saya_system` WHERE ( sId=1 ) LIMIT 1   [ RunTime:0.0007s ]
INFO: [ view_parse ] --START--
INFO: [ template_filter ] --START--
INFO: Run Behavior\ContentReplaceBehavior [ RunTime:0.000333s ]
INFO: [ template_filter ] --END-- [ RunTime:0.000896s ]
NOTIC: [8] Undefined index: sname E:\wampserver\www\Plum\1\Application\Runtime\Cache\Personnelsystem\a451a05b0825cb45a2701106fb08940a.php 第 9 行.
INFO: Run Behavior\ParseTemplateBehavior [ RunTime:0.025081s ]
INFO: [ view_parse ] --END-- [ RunTime:0.025550s ]
INFO: [ view_filter ] --START--
INFO: Run Behavior\WriteHtmlCacheBehavior [ RunTime:0.001314s ]
INFO: [ view_filter ] --END-- [ RunTime:0.001857s ]
INFO: [ app_end ] --START--
INFO: Run Behavior\ShowPageTraceBehavior [ RunTime:0.037582s ]
INFO: [ app_end ] --END-- [ RunTime:0.038143s ]

[ 2017-07-06T20:10:11+08:00 ] ::1 /Plum/1/
INFO: [ app_init ] --START--
INFO: Run Behavior\BuildLiteBehavior [ RunTime:0.000121s ]
INFO: [ app_init ] --END-- [ RunTime:0.001732s ]
INFO: [ app_begin ] --START--
INFO: Run Behavior\ReadHtmlCacheBehavior [ RunTime:0.002416s ]
INFO: [ app_begin ] --END-- [ RunTime:0.003150s ]
SQL: SHOW COLUMNS FROM `saya_system` [ RunTime:0.0089s ]
SQL: SELECT `sLoginTimeout` FROM `saya_system` WHERE ( sId=1 ) LIMIT 1   [ RunTime:0.0006s ]
SQL: SELECT `sLoginTimeout` FROM `saya_system` WHERE ( sId=1 ) LIMIT 1   [ RunTime:0.0004s ]
SQL: SELECT `sName`,`sDepartment`,`sCopyrightName`,`sCopyrightAuthor`,`sVersion`,`sCopyrightAuthorTel`,`sCopyrightAuthorQQ` FROM `saya_system` WHERE ( sId=1 ) LIMIT 1   [ RunTime:0.0010s ]
SQL: SHOW COLUMNS FROM `saya_admin_role` [ RunTime:0.0083s ]
NOTIC: [8] Undefined variable: morepowersValue E:\wampserver\www\Plum\1\Application\Personnelsystem\Controller\IndexController.class.php 第 30 行.
SQL: SHOW COLUMNS FROM `saya_department` [ RunTime:0.0077s ]
ERR: SQLSTATE[42000]: Syntax error or access violation: 1064 You have an error in your SQL syntax; check the manual that corresponds to your MySQL server version for the right syntax to use near ') LIMIT 1' at line 1

[ 2017-07-06T20:58:37+08:00 ] ::1 /Plum/1/Personnelsystem/Login/CheckLogin/
INFO: [ app_init ] --START--
INFO: Run Behavior\BuildLiteBehavior [ RunTime:0.000128s ]
INFO: [ app_init ] --END-- [ RunTime:0.002345s ]
INFO: [ app_begin ] --START--
INFO: Run Behavior\ReadHtmlCacheBehavior [ RunTime:0.001880s ]
INFO: [ app_begin ] --END-- [ RunTime:0.002386s ]
SQL: SHOW COLUMNS FROM `saya_system` [ RunTime:0.0066s ]
SQL: SELECT `sCheckCodeSwitch`,`sErrorPwdLockNum`,`sLoginTimeout` FROM `saya_system` WHERE ( sId=1 ) LIMIT 1   [ RunTime:0.0008s ]
SQL: SHOW COLUMNS FROM `saya_admin` [ RunTime:0.0083s ]
SQL: SELECT * FROM `saya_admin` WHERE ( aUser='system' OR aTel='system' ) LIMIT 1   [ RunTime:0.0008s ]
SQL: UPDATE `saya_admin` SET `aLoginNum`='3',`aErrorPwdNum`='0' WHERE ( aUser='system' OR aTel='system' ) [ RunTime:0.0008s ]
INFO: [ view_parse ] --START--
INFO: [ template_filter ] --START--
INFO: Run Behavior\ContentReplaceBehavior [ RunTime:0.000270s ]
INFO: [ template_filter ] --END-- [ RunTime:0.000719s ]
INFO: Run Behavior\ParseTemplateBehavior [ RunTime:0.023631s ]
INFO: [ view_parse ] --END-- [ RunTime:0.024128s ]
INFO: [ view_filter ] --START--
INFO: Run Behavior\WriteHtmlCacheBehavior [ RunTime:0.001228s ]
INFO: [ view_filter ] --END-- [ RunTime:0.001745s ]
INFO: [ app_end ] --START--
INFO: Run Behavior\ShowPageTraceBehavior [ RunTime:0.001997s ]
INFO: [ app_end ] --END-- [ RunTime:0.002587s ]

[ 2017-07-06T20:58:38+08:00 ] ::1 /Plum/1/Index.html
INFO: [ app_init ] --START--
INFO: Run Behavior\BuildLiteBehavior [ RunTime:0.000075s ]
INFO: [ app_init ] --END-- [ RunTime:0.001161s ]
INFO: [ app_begin ] --START--
INFO: Run Behavior\ReadHtmlCacheBehavior [ RunTime:0.002225s ]
INFO: [ app_begin ] --END-- [ RunTime:0.003025s ]
SQL: SHOW COLUMNS FROM `saya_system` [ RunTime:0.0060s ]
SQL: SELECT `sLoginTimeout` FROM `saya_system` WHERE ( sId=1 ) LIMIT 1   [ RunTime:0.0006s ]
SQL: SELECT `sLoginTimeout` FROM `saya_system` WHERE ( sId=1 ) LIMIT 1   [ RunTime:0.0006s ]
SQL: SELECT `sName`,`sDepartment`,`sCopyrightName`,`sCopyrightAuthor`,`sVersion`,`sCopyrightAuthorTel`,`sCopyrightAuthorQQ` FROM `saya_system` WHERE ( sId=1 ) LIMIT 1   [ RunTime:0.0006s ]
SQL: SHOW COLUMNS FROM `saya_admin_role` [ RunTime:0.0063s ]
NOTIC: [8] Undefined variable: morepowersValue E:\wampserver\www\Plum\1\Application\Personnelsystem\Controller\IndexController.class.php 第 30 行.
SQL: SHOW COLUMNS FROM `saya_department` [ RunTime:0.0054s ]
SQL: SELECT * FROM `saya_department` WHERE ( dId=0 ) LIMIT 1   [ RunTime:0.0006s ]
SQL: SELECT `sLoginTimeout` FROM `saya_system` WHERE ( sId=1 ) LIMIT 1   [ RunTime:0.0006s ]
SQL: SELECT `sLoginTimeout` FROM `saya_system` WHERE ( sId=1 ) LIMIT 1   [ RunTime:0.0006s ]
SQL: SHOW COLUMNS FROM `saya_staff` [ RunTime:0.0064s ]
SQL: SELECT COUNT(*) AS tp_count FROM `saya_staff` WHERE `stBirthdate` LIKE '%07-06%' AND `stBirthdateType` = 1 LIMIT 1   [ RunTime:0.0007s ]
SQL: SELECT COUNT(*) AS tp_count FROM `saya_staff` WHERE `stBirthdate` LIKE '%06-13%' AND `stBirthdateType` = 2 LIMIT 1   [ RunTime:0.0005s ]
SQL: SHOW COLUMNS FROM `saya_hdmenu` [ RunTime:0.0067s ]
SQL: SELECT * FROM `saya_hdmenu`  [ RunTime:0.0005s ]
INFO: [ view_parse ] --START--
INFO: [ template_filter ] --START--
INFO: Run Behavior\ContentReplaceBehavior [ RunTime:0.000885s ]
INFO: [ template_filter ] --END-- [ RunTime:0.001604s ]
NOTIC: [8] Undefined variable: rs_users E:\wampserver\www\Plum\1\Application\Runtime\Cache\Personnelsystem\893122f858811a5339e67690bf0a2103.php 第 32 行.
NOTIC: [8] Undefined variable: rs_admin E:\wampserver\www\Plum\1\Application\Runtime\Cache\Personnelsystem\893122f858811a5339e67690bf0a2103.php 第 32 行.
INFO: Run Behavior\ParseTemplateBehavior [ RunTime:0.075688s ]
INFO: [ view_parse ] --END-- [ RunTime:0.076074s ]
INFO: [ view_filter ] --START--
INFO: Run Behavior\WriteHtmlCacheBehavior [ RunTime:0.001344s ]
INFO: [ view_filter ] --END-- [ RunTime:0.001885s ]
INFO: [ app_end ] --START--
INFO: Run Behavior\ShowPageTraceBehavior [ RunTime:0.002011s ]
INFO: [ app_end ] --END-- [ RunTime:0.002458s ]

[ 2017-07-06T20:58:39+08:00 ] ::1 /Plum/1/Index/welcome
INFO: [ app_init ] --START--
INFO: Run Behavior\BuildLiteBehavior [ RunTime:0.000073s ]
INFO: [ app_init ] --END-- [ RunTime:0.001066s ]
INFO: [ app_begin ] --START--
INFO: Run Behavior\ReadHtmlCacheBehavior [ RunTime:0.002167s ]
INFO: [ app_begin ] --END-- [ RunTime:0.002879s ]
SQL: SHOW COLUMNS FROM `saya_system` [ RunTime:0.0081s ]
SQL: SELECT `sLoginTimeout` FROM `saya_system` WHERE ( sId=1 ) LIMIT 1   [ RunTime:0.0006s ]
SQL: SELECT `sLoginTimeout` FROM `saya_system` WHERE ( sId=1 ) LIMIT 1   [ RunTime:0.0007s ]
SQL: SHOW COLUMNS FROM `saya_admin` [ RunTime:0.0084s ]
SQL: SELECT `aLoginNum` FROM `saya_admin` WHERE ( aUser='system' ) LIMIT 1   [ RunTime:0.0008s ]
SQL: SHOW COLUMNS FROM `saya_admin_role` [ RunTime:0.0084s ]
NOTIC: [8] Undefined variable: morepowersValue E:\wampserver\www\Plum\1\Application\Personnelsystem\Controller\IndexController.class.php 第 76 行.
SQL: SHOW COLUMNS FROM `saya_hdmenu` [ RunTime:0.0078s ]
SQL: SELECT * FROM `saya_hdmenu`  [ RunTime:0.0005s ]
SQL: SELECT COUNT(*) AS tp_count FROM `saya_admin_role` LIMIT 1   [ RunTime:0.0005s ]
SQL: SELECT COUNT(*) AS tp_count FROM `saya_admin` LIMIT 1   [ RunTime:0.0005s ]
SQL: SHOW COLUMNS FROM `saya_department` [ RunTime:0.0074s ]
SQL: SELECT COUNT(*) AS tp_count FROM `saya_department` LIMIT 1   [ RunTime:0.0005s ]
SQL: SHOW COLUMNS FROM `saya_staff` [ RunTime:0.0070s ]
SQL: SELECT COUNT(*) AS tp_count FROM `saya_staff` WHERE ( stBlacklist=0 ) LIMIT 1   [ RunTime:0.0005s ]
SQL: SELECT COUNT(*) AS tp_count FROM `saya_staff` WHERE ( stJobState=1 AND stBlacklist=0 ) LIMIT 1   [ RunTime:0.0006s ]
SQL: SELECT COUNT(*) AS tp_count FROM `saya_staff` WHERE ( stJobState=0 AND stBlacklist=0 ) LIMIT 1   [ RunTime:0.0006s ]
SQL: SELECT COUNT(*) AS tp_count FROM `saya_staff` WHERE ( stBlacklist=1 ) LIMIT 1   [ RunTime:0.0005s ]
SQL: SELECT `sName`,`sCopyrightName`,`sCopyrightAuthor`,`sCopyrightAuthorTel`,`sCopyrightAuthorQQ` FROM `saya_system` WHERE ( sId=1 ) LIMIT 1   [ RunTime:0.0007s ]
INFO: [ view_parse ] --START--
INFO: [ template_filter ] --START--
INFO: Run Behavior\ContentReplaceBehavior [ RunTime:0.000782s ]
INFO: [ template_filter ] --END-- [ RunTime:0.001631s ]
INFO: Run Behavior\ParseTemplateBehavior [ RunTime:0.092450s ]
INFO: [ view_parse ] --END-- [ RunTime:0.093033s ]
INFO: [ view_filter ] --START--
INFO: Run Behavior\WriteHtmlCacheBehavior [ RunTime:0.001398s ]
INFO: [ view_filter ] --END-- [ RunTime:0.002092s ]
INFO: [ app_end ] --START--
INFO: Run Behavior\ShowPageTraceBehavior [ RunTime:0.002161s ]
INFO: [ app_end ] --END-- [ RunTime:0.002944s ]

[ 2017-07-06T20:58:39+08:00 ] ::1 /Plum/1/favicon.ico
INFO: [ app_init ] --START--
INFO: Run Behavior\BuildLiteBehavior [ RunTime:0.000123s ]
INFO: [ app_init ] --END-- [ RunTime:0.002200s ]

[ 2017-07-06T21:00:06+08:00 ] ::1 /Plum/1/index.php
INFO: [ app_init ] --START--
INFO: Run Behavior\BuildLiteBehavior [ RunTime:0.000116s ]
INFO: [ app_init ] --END-- [ RunTime:0.001893s ]
INFO: [ app_begin ] --START--
INFO: Run Behavior\ReadHtmlCacheBehavior [ RunTime:0.001382s ]
INFO: [ app_begin ] --END-- [ RunTime:0.001744s ]
SQL: SHOW COLUMNS FROM `saya_system` [ RunTime:0.0065s ]
SQL: SELECT `sLoginTimeout` FROM `saya_system` WHERE ( sId=1 ) LIMIT 1   [ RunTime:0.0007s ]
SQL: SELECT `sLoginTimeout` FROM `saya_system` WHERE ( sId=1 ) LIMIT 1   [ RunTime:0.0006s ]
SQL: SELECT `sName`,`sDepartment`,`sCopyrightName`,`sCopyrightAuthor`,`sVersion`,`sCopyrightAuthorTel`,`sCopyrightAuthorQQ` FROM `saya_system` WHERE ( sId=1 ) LIMIT 1   [ RunTime:0.0006s ]
SQL: SHOW COLUMNS FROM `saya_admin_role` [ RunTime:0.0058s ]
NOTIC: [8] Undefined variable: morepowersValue E:\wampserver\www\Plum\1\Application\Personnelsystem\Controller\IndexController.class.php 第 30 行.
SQL: SHOW COLUMNS FROM `saya_department` [ RunTime:0.0057s ]
SQL: SELECT * FROM `saya_department` WHERE ( dId=0 ) LIMIT 1   [ RunTime:0.0006s ]
SQL: SELECT `sLoginTimeout` FROM `saya_system` WHERE ( sId=1 ) LIMIT 1   [ RunTime:0.0006s ]
SQL: SELECT `sLoginTimeout` FROM `saya_system` WHERE ( sId=1 ) LIMIT 1   [ RunTime:0.0007s ]
SQL: SHOW COLUMNS FROM `saya_staff` [ RunTime:0.0063s ]
SQL: SELECT COUNT(*) AS tp_count FROM `saya_staff` WHERE `stBirthdate` LIKE '%07-06%' AND `stBirthdateType` = 1 LIMIT 1   [ RunTime:0.0006s ]
SQL: SELECT COUNT(*) AS tp_count FROM `saya_staff` WHERE `stBirthdate` LIKE '%06-13%' AND `stBirthdateType` = 2 LIMIT 1   [ RunTime:0.0005s ]
SQL: SHOW COLUMNS FROM `saya_hdmenu` [ RunTime:0.0058s ]
SQL: SELECT * FROM `saya_hdmenu`  [ RunTime:0.0005s ]
INFO: [ view_parse ] --START--
INFO: [ template_filter ] --START--
INFO: Run Behavior\ContentReplaceBehavior [ RunTime:0.000570s ]
INFO: [ template_filter ] --END-- [ RunTime:0.000910s ]
NOTIC: [8] Undefined variable: rs_users E:\wampserver\www\Plum\1\Application\Runtime\Cache\Personnelsystem\893122f858811a5339e67690bf0a2103.php 第 32 行.
NOTIC: [8] Undefined variable: rs_admin E:\wampserver\www\Plum\1\Application\Runtime\Cache\Personnelsystem\893122f858811a5339e67690bf0a2103.php 第 32 行.
INFO: Run Behavior\ParseTemplateBehavior [ RunTime:0.047154s ]
INFO: [ view_parse ] --END-- [ RunTime:0.047526s ]
INFO: [ view_filter ] --START--
INFO: Run Behavior\WriteHtmlCacheBehavior [ RunTime:0.000914s ]
INFO: [ view_filter ] --END-- [ RunTime:0.001224s ]
INFO: [ app_end ] --START--
INFO: Run Behavior\ShowPageTraceBehavior [ RunTime:0.001441s ]
INFO: [ app_end ] --END-- [ RunTime:0.001793s ]

[ 2017-07-06T21:00:07+08:00 ] ::1 /Plum/1/Index/welcome
INFO: [ app_init ] --START--
INFO: Run Behavior\BuildLiteBehavior [ RunTime:0.000071s ]
INFO: [ app_init ] --END-- [ RunTime:0.001063s ]
INFO: [ app_begin ] --START--
INFO: Run Behavior\ReadHtmlCacheBehavior [ RunTime:0.001414s ]
INFO: [ app_begin ] --END-- [ RunTime:0.001839s ]
SQL: SHOW COLUMNS FROM `saya_system` [ RunTime:0.0061s ]
SQL: SELECT `sLoginTimeout` FROM `saya_system` WHERE ( sId=1 ) LIMIT 1   [ RunTime:0.0006s ]
SQL: SELECT `sLoginTimeout` FROM `saya_system` WHERE ( sId=1 ) LIMIT 1   [ RunTime:0.0005s ]
SQL: SHOW COLUMNS FROM `saya_admin` [ RunTime:0.0064s ]
SQL: SELECT `aLoginNum` FROM `saya_admin` WHERE ( aUser='system' ) LIMIT 1   [ RunTime:0.0006s ]
SQL: SHOW COLUMNS FROM `saya_admin_role` [ RunTime:0.0057s ]
NOTIC: [8] Undefined variable: morepowersValue E:\wampserver\www\Plum\1\Application\Personnelsystem\Controller\IndexController.class.php 第 76 行.
SQL: SHOW COLUMNS FROM `saya_hdmenu` [ RunTime:0.0110s ]
SQL: SELECT * FROM `saya_hdmenu`  [ RunTime:0.0008s ]
SQL: SELECT COUNT(*) AS tp_count FROM `saya_admin_role` LIMIT 1   [ RunTime:0.0006s ]
SQL: SELECT COUNT(*) AS tp_count FROM `saya_admin` LIMIT 1   [ RunTime:0.0005s ]
SQL: SHOW COLUMNS FROM `saya_department` [ RunTime:0.0081s ]
SQL: SELECT COUNT(*) AS tp_count FROM `saya_department` LIMIT 1   [ RunTime:0.0005s ]
SQL: SHOW COLUMNS FROM `saya_staff` [ RunTime:0.0092s ]
SQL: SELECT COUNT(*) AS tp_count FROM `saya_staff` WHERE ( stBlacklist=0 ) LIMIT 1   [ RunTime:0.0005s ]
SQL: SELECT COUNT(*) AS tp_count FROM `saya_staff` WHERE ( stJobState=1 AND stBlacklist=0 ) LIMIT 1   [ RunTime:0.0005s ]
SQL: SELECT COUNT(*) AS tp_count FROM `saya_staff` WHERE ( stJobState=0 AND stBlacklist=0 ) LIMIT 1   [ RunTime:0.0004s ]
SQL: SELECT COUNT(*) AS tp_count FROM `saya_staff` WHERE ( stBlacklist=1 ) LIMIT 1   [ RunTime:0.0004s ]
SQL: SELECT `sName`,`sCopyrightName`,`sCopyrightAuthor`,`sCopyrightAuthorTel`,`sCopyrightAuthorQQ` FROM `saya_system` WHERE ( sId=1 ) LIMIT 1   [ RunTime:0.0005s ]
INFO: [ view_parse ] --START--
INFO: [ template_filter ] --START--
INFO: Run Behavior\ContentReplaceBehavior [ RunTime:0.000410s ]
INFO: [ template_filter ] --END-- [ RunTime:0.000769s ]
INFO: Run Behavior\ParseTemplateBehavior [ RunTime:0.031497s ]
INFO: [ view_parse ] --END-- [ RunTime:0.031913s ]
INFO: [ view_filter ] --START--
INFO: Run Behavior\WriteHtmlCacheBehavior [ RunTime:0.000977s ]
INFO: [ view_filter ] --END-- [ RunTime:0.001343s ]
INFO: [ app_end ] --START--
INFO: Run Behavior\ShowPageTraceBehavior [ RunTime:0.001426s ]
INFO: [ app_end ] --END-- [ RunTime:0.001784s ]

[ 2017-07-06T21:00:17+08:00 ] ::1 /Plum/1/index.php/login
INFO: [ app_init ] --START--
INFO: Run Behavior\BuildLiteBehavior [ RunTime:0.000071s ]
INFO: [ app_init ] --END-- [ RunTime:0.001035s ]
INFO: [ app_begin ] --START--
INFO: Run Behavior\ReadHtmlCacheBehavior [ RunTime:0.001381s ]
INFO: [ app_begin ] --END-- [ RunTime:0.001753s ]
INFO: [ view_parse ] --START--
INFO: [ template_filter ] --START--
INFO: Run Behavior\ContentReplaceBehavior [ RunTime:0.000175s ]
INFO: [ template_filter ] --END-- [ RunTime:0.000521s ]
INFO: Run Behavior\ParseTemplateBehavior [ RunTime:0.015883s ]
INFO: [ view_parse ] --END-- [ RunTime:0.016280s ]
INFO: [ view_filter ] --START--
INFO: Run Behavior\WriteHtmlCacheBehavior [ RunTime:0.000913s ]
INFO: [ view_filter ] --END-- [ RunTime:0.001262s ]
INFO: [ app_end ] --START--
INFO: Run Behavior\ShowPageTraceBehavior [ RunTime:0.001390s ]
INFO: [ app_end ] --END-- [ RunTime:0.001712s ]

[ 2017-07-06T21:00:19+08:00 ] ::1 /Plum/1/Login/Index.html
INFO: [ app_init ] --START--
INFO: Run Behavior\BuildLiteBehavior [ RunTime:0.000177s ]
INFO: [ app_init ] --END-- [ RunTime:0.001838s ]
INFO: [ app_begin ] --START--
INFO: Run Behavior\ReadHtmlCacheBehavior [ RunTime:0.002218s ]
INFO: [ app_begin ] --END-- [ RunTime:0.002945s ]
INFO: [ view_parse ] --START--
INFO: [ template_filter ] --START--
INFO: Run Behavior\ContentReplaceBehavior [ RunTime:0.000314s ]
INFO: [ template_filter ] --END-- [ RunTime:0.000963s ]
INFO: Run Behavior\ParseTemplateBehavior [ RunTime:0.023369s ]
INFO: [ view_parse ] --END-- [ RunTime:0.024078s ]
INFO: [ view_filter ] --START--
INFO: Run Behavior\WriteHtmlCacheBehavior [ RunTime:0.001410s ]
INFO: [ view_filter ] --END-- [ RunTime:0.002085s ]
INFO: [ app_end ] --START--
INFO: Run Behavior\ShowPageTraceBehavior [ RunTime:0.001960s ]
INFO: [ app_end ] --END-- [ RunTime:0.002481s ]

[ 2017-07-06T21:00:20+08:00 ] ::1 /Plum/1/Login/Index.html
INFO: [ app_init ] --START--
INFO: Run Behavior\BuildLiteBehavior [ RunTime:0.000118s ]
INFO: [ app_init ] --END-- [ RunTime:0.001300s ]
INFO: [ app_begin ] --START--
INFO: Run Behavior\ReadHtmlCacheBehavior [ RunTime:0.001452s ]
INFO: [ app_begin ] --END-- [ RunTime:0.001809s ]
INFO: [ view_parse ] --START--
INFO: [ template_filter ] --START--
INFO: Run Behavior\ContentReplaceBehavior [ RunTime:0.000180s ]
INFO: [ template_filter ] --END-- [ RunTime:0.000528s ]
INFO: Run Behavior\ParseTemplateBehavior [ RunTime:0.023007s ]
INFO: [ view_parse ] --END-- [ RunTime:0.023558s ]
INFO: [ view_filter ] --START--
INFO: Run Behavior\WriteHtmlCacheBehavior [ RunTime:0.001385s ]
INFO: [ view_filter ] --END-- [ RunTime:0.002003s ]
INFO: [ app_end ] --START--
INFO: Run Behavior\ShowPageTraceBehavior [ RunTime:0.002083s ]
INFO: [ app_end ] --END-- [ RunTime:0.002857s ]

[ 2017-07-06T21:00:21+08:00 ] ::1 /Plum/1/Login/Index.html
INFO: [ app_init ] --START--
INFO: Run Behavior\BuildLiteBehavior [ RunTime:0.000147s ]
INFO: [ app_init ] --END-- [ RunTime:0.001859s ]
INFO: [ app_begin ] --START--
INFO: Run Behavior\ReadHtmlCacheBehavior [ RunTime:0.002207s ]
INFO: [ app_begin ] --END-- [ RunTime:0.002876s ]
INFO: [ view_parse ] --START--
INFO: [ template_filter ] --START--
INFO: Run Behavior\ContentReplaceBehavior [ RunTime:0.000182s ]
INFO: [ template_filter ] --END-- [ RunTime:0.000577s ]
INFO: Run Behavior\ParseTemplateBehavior [ RunTime:0.020965s ]
INFO: [ view_parse ] --END-- [ RunTime:0.021683s ]
INFO: [ view_filter ] --START--
INFO: Run Behavior\WriteHtmlCacheBehavior [ RunTime:0.001412s ]
INFO: [ view_filter ] --END-- [ RunTime:0.002059s ]
INFO: [ app_end ] --START--
INFO: Run Behavior\ShowPageTraceBehavior [ RunTime:0.002107s ]
INFO: [ app_end ] --END-- [ RunTime:0.002714s ]

[ 2017-07-06T21:00:22+08:00 ] ::1 /Plum/1/Login/Index.html
INFO: [ app_init ] --START--
INFO: Run Behavior\BuildLiteBehavior [ RunTime:0.000131s ]
INFO: [ app_init ] --END-- [ RunTime:0.002157s ]
INFO: [ app_begin ] --START--
INFO: Run Behavior\ReadHtmlCacheBehavior [ RunTime:0.001383s ]
INFO: [ app_begin ] --END-- [ RunTime:0.001750s ]
INFO: [ view_parse ] --START--
INFO: [ template_filter ] --START--
INFO: Run Behavior\ContentReplaceBehavior [ RunTime:0.000321s ]
INFO: [ template_filter ] --END-- [ RunTime:0.001023s ]
INFO: Run Behavior\ParseTemplateBehavior [ RunTime:0.024230s ]
INFO: [ view_parse ] --END-- [ RunTime:0.024658s ]
INFO: [ view_filter ] --START--
INFO: Run Behavior\WriteHtmlCacheBehavior [ RunTime:0.001266s ]
INFO: [ view_filter ] --END-- [ RunTime:0.001804s ]
INFO: [ app_end ] --START--
INFO: Run Behavior\ShowPageTraceBehavior [ RunTime:0.001687s ]
INFO: [ app_end ] --END-- [ RunTime:0.002123s ]

[ 2017-07-06T21:00:23+08:00 ] ::1 /Plum/1/Login/Index.html
INFO: [ app_init ] --START--
INFO: Run Behavior\BuildLiteBehavior [ RunTime:0.000070s ]
INFO: [ app_init ] --END-- [ RunTime:0.001167s ]
INFO: [ app_begin ] --START--
INFO: Run Behavior\ReadHtmlCacheBehavior [ RunTime:0.001611s ]
INFO: [ app_begin ] --END-- [ RunTime:0.001975s ]
INFO: [ view_parse ] --START--
INFO: [ template_filter ] --START--
INFO: Run Behavior\ContentReplaceBehavior [ RunTime:0.000337s ]
INFO: [ template_filter ] --END-- [ RunTime:0.001043s ]
INFO: Run Behavior\ParseTemplateBehavior [ RunTime:0.024915s ]
INFO: [ view_parse ] --END-- [ RunTime:0.025542s ]
INFO: [ view_filter ] --START--
INFO: Run Behavior\WriteHtmlCacheBehavior [ RunTime:0.001522s ]
INFO: [ view_filter ] --END-- [ RunTime:0.002042s ]
INFO: [ app_end ] --START--
INFO: Run Behavior\ShowPageTraceBehavior [ RunTime:0.001501s ]
INFO: [ app_end ] --END-- [ RunTime:0.001832s ]

[ 2017-07-06T21:00:25+08:00 ] ::1 /Plum/1/Login/Index.html
INFO: [ app_init ] --START--
INFO: Run Behavior\BuildLiteBehavior [ RunTime:0.000126s ]
INFO: [ app_init ] --END-- [ RunTime:0.001574s ]
INFO: [ app_begin ] --START--
INFO: Run Behavior\ReadHtmlCacheBehavior [ RunTime:0.002815s ]
INFO: [ app_begin ] --END-- [ RunTime:0.003621s ]
INFO: [ view_parse ] --START--
INFO: [ template_filter ] --START--
INFO: Run Behavior\ContentReplaceBehavior [ RunTime:0.000402s ]
INFO: [ template_filter ] --END-- [ RunTime:0.001216s ]
INFO: Run Behavior\ParseTemplateBehavior [ RunTime:0.026716s ]
INFO: [ view_parse ] --END-- [ RunTime:0.027486s ]
INFO: [ view_filter ] --START--
INFO: Run Behavior\WriteHtmlCacheBehavior [ RunTime:0.001539s ]
INFO: [ view_filter ] --END-- [ RunTime:0.002252s ]
INFO: [ app_end ] --START--
INFO: Run Behavior\ShowPageTraceBehavior [ RunTime:0.002264s ]
INFO: [ app_end ] --END-- [ RunTime:0.003167s ]

[ 2017-07-06T21:00:26+08:00 ] ::1 /Plum/1/Login/Index.html
INFO: [ app_init ] --START--
INFO: Run Behavior\BuildLiteBehavior [ RunTime:0.000071s ]
INFO: [ app_init ] --END-- [ RunTime:0.001086s ]
INFO: [ app_begin ] --START--
INFO: Run Behavior\ReadHtmlCacheBehavior [ RunTime:0.001448s ]
INFO: [ app_begin ] --END-- [ RunTime:0.001802s ]
INFO: [ view_parse ] --START--
INFO: [ template_filter ] --START--
INFO: Run Behavior\ContentReplaceBehavior [ RunTime:0.000183s ]
INFO: [ template_filter ] --END-- [ RunTime:0.000658s ]
INFO: Run Behavior\ParseTemplateBehavior [ RunTime:0.017595s ]
INFO: [ view_parse ] --END-- [ RunTime:0.018127s ]
INFO: [ view_filter ] --START--
INFO: Run Behavior\WriteHtmlCacheBehavior [ RunTime:0.000948s ]
INFO: [ view_filter ] --END-- [ RunTime:0.001307s ]
INFO: [ app_end ] --START--
INFO: Run Behavior\ShowPageTraceBehavior [ RunTime:0.001429s ]
INFO: [ app_end ] --END-- [ RunTime:0.001817s ]

[ 2017-07-06T21:00:27+08:00 ] ::1 /Plum/1/Login/Index.html
INFO: [ app_init ] --START--
INFO: Run Behavior\BuildLiteBehavior [ RunTime:0.000137s ]
INFO: [ app_init ] --END-- [ RunTime:0.001978s ]
INFO: [ app_begin ] --START--
INFO: Run Behavior\ReadHtmlCacheBehavior [ RunTime:0.001547s ]
INFO: [ app_begin ] --END-- [ RunTime:0.001914s ]
INFO: [ view_parse ] --START--
INFO: [ template_filter ] --START--
INFO: Run Behavior\ContentReplaceBehavior [ RunTime:0.000296s ]
INFO: [ template_filter ] --END-- [ RunTime:0.000858s ]
INFO: Run Behavior\ParseTemplateBehavior [ RunTime:0.028069s ]
INFO: [ view_parse ] --END-- [ RunTime:0.028900s ]
INFO: [ view_filter ] --START--
INFO: Run Behavior\WriteHtmlCacheBehavior [ RunTime:0.001443s ]
INFO: [ view_filter ] --END-- [ RunTime:0.002124s ]
INFO: [ app_end ] --START--
INFO: Run Behavior\ShowPageTraceBehavior [ RunTime:0.002150s ]
INFO: [ app_end ] --END-- [ RunTime:0.002782s ]

[ 2017-07-06T21:00:28+08:00 ] ::1 /Plum/1/Login/Index.html
INFO: [ app_init ] --START--
INFO: Run Behavior\BuildLiteBehavior [ RunTime:0.000072s ]
INFO: [ app_init ] --END-- [ RunTime:0.001077s ]
INFO: [ app_begin ] --START--
INFO: Run Behavior\ReadHtmlCacheBehavior [ RunTime:0.002370s ]
INFO: [ app_begin ] --END-- [ RunTime:0.003124s ]
INFO: [ view_parse ] --START--
INFO: [ template_filter ] --START--
INFO: Run Behavior\ContentReplaceBehavior [ RunTime:0.000175s ]
INFO: [ template_filter ] --END-- [ RunTime:0.000533s ]
INFO: Run Behavior\ParseTemplateBehavior [ RunTime:0.018270s ]
INFO: [ view_parse ] --END-- [ RunTime:0.018929s ]
INFO: [ view_filter ] --START--
INFO: Run Behavior\WriteHtmlCacheBehavior [ RunTime:0.000993s ]
INFO: [ view_filter ] --END-- [ RunTime:0.001439s ]
INFO: [ app_end ] --START--
INFO: Run Behavior\ShowPageTraceBehavior [ RunTime:0.001417s ]
INFO: [ app_end ] --END-- [ RunTime:0.001742s ]

[ 2017-07-06T21:00:29+08:00 ] ::1 /Plum/1/Login/Index.html
INFO: [ app_init ] --START--
INFO: Run Behavior\BuildLiteBehavior [ RunTime:0.000071s ]
INFO: [ app_init ] --END-- [ RunTime:0.001116s ]
INFO: [ app_begin ] --START--
INFO: Run Behavior\ReadHtmlCacheBehavior [ RunTime:0.001445s ]
INFO: [ app_begin ] --END-- [ RunTime:0.001797s ]
INFO: [ view_parse ] --START--
INFO: [ template_filter ] --START--
INFO: Run Behavior\ContentReplaceBehavior [ RunTime:0.000317s ]
INFO: [ template_filter ] --END-- [ RunTime:0.000973s ]
INFO: Run Behavior\ParseTemplateBehavior [ RunTime:0.027242s ]
INFO: [ view_parse ] --END-- [ RunTime:0.028002s ]
INFO: [ view_filter ] --START--
INFO: Run Behavior\WriteHtmlCacheBehavior [ RunTime:0.001440s ]
INFO: [ view_filter ] --END-- [ RunTime:0.002356s ]
INFO: [ app_end ] --START--
INFO: Run Behavior\ShowPageTraceBehavior [ RunTime:0.002270s ]
INFO: [ app_end ] --END-- [ RunTime:0.002684s ]

[ 2017-07-06T21:00:31+08:00 ] ::1 /Plum/1/Login/Index.html
INFO: [ app_init ] --START--
INFO: Run Behavior\BuildLiteBehavior [ RunTime:0.000143s ]
INFO: [ app_init ] --END-- [ RunTime:0.001731s ]
INFO: [ app_begin ] --START--
INFO: Run Behavior\ReadHtmlCacheBehavior [ RunTime:0.002424s ]
INFO: [ app_begin ] --END-- [ RunTime:0.003123s ]
INFO: [ view_parse ] --START--
INFO: [ template_filter ] --START--
INFO: Run Behavior\ContentReplaceBehavior [ RunTime:0.000335s ]
INFO: [ template_filter ] --END-- [ RunTime:0.000987s ]
INFO: Run Behavior\ParseTemplateBehavior [ RunTime:0.024600s ]
INFO: [ view_parse ] --END-- [ RunTime:0.025034s ]
INFO: [ view_filter ] --START--
INFO: Run Behavior\WriteHtmlCacheBehavior [ RunTime:0.000966s ]
INFO: [ view_filter ] --END-- [ RunTime:0.001319s ]
INFO: [ app_end ] --START--
INFO: Run Behavior\ShowPageTraceBehavior [ RunTime:0.001413s ]
INFO: [ app_end ] --END-- [ RunTime:0.001739s ]

[ 2017-07-06T21:00:32+08:00 ] ::1 /Plum/1/Login/Index.html
INFO: [ app_init ] --START--
INFO: Run Behavior\BuildLiteBehavior [ RunTime:0.000116s ]
INFO: [ app_init ] --END-- [ RunTime:0.001728s ]
INFO: [ app_begin ] --START--
INFO: Run Behavior\ReadHtmlCacheBehavior [ RunTime:0.002373s ]
INFO: [ app_begin ] --END-- [ RunTime:0.003104s ]
INFO: [ view_parse ] --START--
INFO: [ template_filter ] --START--
INFO: Run Behavior\ContentReplaceBehavior [ RunTime:0.000207s ]
INFO: [ template_filter ] --END-- [ RunTime:0.000564s ]
INFO: Run Behavior\ParseTemplateBehavior [ RunTime:0.020289s ]
INFO: [ view_parse ] --END-- [ RunTime:0.020745s ]
INFO: [ view_filter ] --START--
INFO: Run Behavior\WriteHtmlCacheBehavior [ RunTime:0.000952s ]
INFO: [ view_filter ] --END-- [ RunTime:0.001333s ]
INFO: [ app_end ] --START--
INFO: Run Behavior\ShowPageTraceBehavior [ RunTime:0.001406s ]
INFO: [ app_end ] --END-- [ RunTime:0.001732s ]

[ 2017-07-06T21:00:33+08:00 ] ::1 /Plum/1/Login/Index.html
INFO: [ app_init ] --START--
INFO: Run Behavior\BuildLiteBehavior [ RunTime:0.000142s ]
INFO: [ app_init ] --END-- [ RunTime:0.001883s ]
INFO: [ app_begin ] --START--
INFO: Run Behavior\ReadHtmlCacheBehavior [ RunTime:0.002319s ]
INFO: [ app_begin ] --END-- [ RunTime:0.003016s ]
INFO: [ view_parse ] --START--
INFO: [ template_filter ] --START--
INFO: Run Behavior\ContentReplaceBehavior [ RunTime:0.000320s ]
INFO: [ template_filter ] --END-- [ RunTime:0.000989s ]
INFO: Run Behavior\ParseTemplateBehavior [ RunTime:0.027195s ]
INFO: [ view_parse ] --END-- [ RunTime:0.028002s ]
INFO: [ view_filter ] --START--
INFO: Run Behavior\WriteHtmlCacheBehavior [ RunTime:0.001566s ]
INFO: [ view_filter ] --END-- [ RunTime:0.002269s ]
INFO: [ app_end ] --START--
INFO: Run Behavior\ShowPageTraceBehavior [ RunTime:0.002322s ]
INFO: [ app_end ] --END-- [ RunTime:0.003068s ]

[ 2017-07-06T21:00:34+08:00 ] ::1 /Plum/1/Login/Index.html
INFO: [ app_init ] --START--
INFO: Run Behavior\BuildLiteBehavior [ RunTime:0.000131s ]
INFO: [ app_init ] --END-- [ RunTime:0.001806s ]
INFO: [ app_begin ] --START--
INFO: Run Behavior\ReadHtmlCacheBehavior [ RunTime:0.001867s ]
INFO: [ app_begin ] --END-- [ RunTime:0.002595s ]
INFO: [ view_parse ] --START--
INFO: [ template_filter ] --START--
INFO: Run Behavior\ContentReplaceBehavior [ RunTime:0.000205s ]
INFO: [ template_filter ] --END-- [ RunTime:0.000686s ]
INFO: Run Behavior\ParseTemplateBehavior [ RunTime:0.022035s ]
INFO: [ view_parse ] --END-- [ RunTime:0.022562s ]
INFO: [ view_filter ] --START--
INFO: Run Behavior\WriteHtmlCacheBehavior [ RunTime:0.001300s ]
INFO: [ view_filter ] --END-- [ RunTime:0.001953s ]
INFO: [ app_end ] --START--
INFO: Run Behavior\ShowPageTraceBehavior [ RunTime:0.001591s ]
INFO: [ app_end ] --END-- [ RunTime:0.001969s ]

[ 2017-07-06T21:00:35+08:00 ] ::1 /Plum/1/Login/Index.html
INFO: [ app_init ] --START--
INFO: Run Behavior\BuildLiteBehavior [ RunTime:0.000074s ]
INFO: [ app_init ] --END-- [ RunTime:0.001283s ]
INFO: [ app_begin ] --START--
INFO: Run Behavior\ReadHtmlCacheBehavior [ RunTime:0.002777s ]
INFO: [ app_begin ] --END-- [ RunTime:0.003536s ]
INFO: [ view_parse ] --START--
INFO: [ template_filter ] --START--
INFO: Run Behavior\ContentReplaceBehavior [ RunTime:0.000203s ]
INFO: [ template_filter ] --END-- [ RunTime:0.000549s ]
INFO: Run Behavior\ParseTemplateBehavior [ RunTime:0.020934s ]
INFO: [ view_parse ] --END-- [ RunTime:0.021612s ]
INFO: [ view_filter ] --START--
INFO: Run Behavior\WriteHtmlCacheBehavior [ RunTime:0.001666s ]
INFO: [ view_filter ] --END-- [ RunTime:0.002327s ]
INFO: [ app_end ] --START--
INFO: Run Behavior\ShowPageTraceBehavior [ RunTime:0.001555s ]
INFO: [ app_end ] --END-- [ RunTime:0.001891s ]

[ 2017-07-06T21:00:36+08:00 ] ::1 /Plum/1/Login/Index.html
INFO: [ app_init ] --START--
INFO: Run Behavior\BuildLiteBehavior [ RunTime:0.000070s ]
INFO: [ app_init ] --END-- [ RunTime:0.001044s ]
INFO: [ app_begin ] --START--
INFO: Run Behavior\ReadHtmlCacheBehavior [ RunTime:0.002417s ]
INFO: [ app_begin ] --END-- [ RunTime:0.003145s ]
INFO: [ view_parse ] --START--
INFO: [ template_filter ] --START--
INFO: Run Behavior\ContentReplaceBehavior [ RunTime:0.000313s ]
INFO: [ template_filter ] --END-- [ RunTime:0.000986s ]
INFO: Run Behavior\ParseTemplateBehavior [ RunTime:0.022580s ]
INFO: [ view_parse ] --END-- [ RunTime:0.023180s ]
INFO: [ view_filter ] --START--
INFO: Run Behavior\WriteHtmlCacheBehavior [ RunTime:0.000942s ]
INFO: [ view_filter ] --END-- [ RunTime:0.001300s ]
INFO: [ app_end ] --START--
INFO: Run Behavior\ShowPageTraceBehavior [ RunTime:0.001442s ]
INFO: [ app_end ] --END-- [ RunTime:0.001767s ]

[ 2017-07-06T21:00:38+08:00 ] ::1 /Plum/1/Login/Index.html
INFO: [ app_init ] --START--
INFO: Run Behavior\BuildLiteBehavior [ RunTime:0.000074s ]
INFO: [ app_init ] --END-- [ RunTime:0.001105s ]
INFO: [ app_begin ] --START--
INFO: Run Behavior\ReadHtmlCacheBehavior [ RunTime:0.002415s ]
INFO: [ app_begin ] --END-- [ RunTime:0.003130s ]
INFO: [ view_parse ] --START--
INFO: [ template_filter ] --START--
INFO: Run Behavior\ContentReplaceBehavior [ RunTime:0.000177s ]
INFO: [ template_filter ] --END-- [ RunTime:0.000538s ]
INFO: Run Behavior\ParseTemplateBehavior [ RunTime:0.018094s ]
INFO: [ view_parse ] --END-- [ RunTime:0.018690s ]
INFO: [ view_filter ] --START--
INFO: Run Behavior\WriteHtmlCacheBehavior [ RunTime:0.001599s ]
INFO: [ view_filter ] --END-- [ RunTime:0.002320s ]
INFO: [ app_end ] --START--
INFO: Run Behavior\ShowPageTraceBehavior [ RunTime:0.002173s ]
INFO: [ app_end ] --END-- [ RunTime:0.002805s ]

[ 2017-07-06T21:00:39+08:00 ] ::1 /Plum/1/Login/Index.html
INFO: [ app_init ] --START--
INFO: Run Behavior\BuildLiteBehavior [ RunTime:0.000072s ]
INFO: [ app_init ] --END-- [ RunTime:0.001036s ]
INFO: [ app_begin ] --START--
INFO: Run Behavior\ReadHtmlCacheBehavior [ RunTime:0.002230s ]
INFO: [ app_begin ] --END-- [ RunTime:0.002746s ]
INFO: [ view_parse ] --START--
INFO: [ template_filter ] --START--
INFO: Run Behavior\ContentReplaceBehavior [ RunTime:0.000177s ]
INFO: [ template_filter ] --END-- [ RunTime:0.000583s ]
INFO: Run Behavior\ParseTemplateBehavior [ RunTime:0.020299s ]
INFO: [ view_parse ] --END-- [ RunTime:0.020879s ]
INFO: [ view_filter ] --START--
INFO: Run Behavior\WriteHtmlCacheBehavior [ RunTime:0.001364s ]
INFO: [ view_filter ] --END-- [ RunTime:0.002458s ]
INFO: [ app_end ] --START--
INFO: Run Behavior\ShowPageTraceBehavior [ RunTime:0.002050s ]
INFO: [ app_end ] --END-- [ RunTime:0.002657s ]

[ 2017-07-06T21:00:40+08:00 ] ::1 /Plum/1/Login/Index.html
INFO: [ app_init ] --START--
INFO: Run Behavior\BuildLiteBehavior [ RunTime:0.000144s ]
INFO: [ app_init ] --END-- [ RunTime:0.001777s ]
INFO: [ app_begin ] --START--
INFO: Run Behavior\ReadHtmlCacheBehavior [ RunTime:0.003467s ]
INFO: [ app_begin ] --END-- [ RunTime:0.004554s ]
INFO: [ view_parse ] --START--
INFO: [ template_filter ] --START--
INFO: Run Behavior\ContentReplaceBehavior [ RunTime:0.000494s ]
INFO: [ template_filter ] --END-- [ RunTime:0.001440s ]
INFO: Run Behavior\ParseTemplateBehavior [ RunTime:0.030597s ]
INFO: [ view_parse ] --END-- [ RunTime:0.031327s ]
INFO: [ view_filter ] --START--
INFO: Run Behavior\WriteHtmlCacheBehavior [ RunTime:0.001339s ]
INFO: [ view_filter ] --END-- [ RunTime:0.001952s ]
INFO: [ app_end ] --START--
INFO: Run Behavior\ShowPageTraceBehavior [ RunTime:0.002085s ]
INFO: [ app_end ] --END-- [ RunTime:0.002675s ]

[ 2017-07-06T21:00:41+08:00 ] ::1 /Plum/1/Login/Index.html
INFO: [ app_init ] --START--
INFO: Run Behavior\BuildLiteBehavior [ RunTime:0.000137s ]
INFO: [ app_init ] --END-- [ RunTime:0.001824s ]
INFO: [ app_begin ] --START--
INFO: Run Behavior\ReadHtmlCacheBehavior [ RunTime:0.002403s ]
INFO: [ app_begin ] --END-- [ RunTime:0.003156s ]
INFO: [ view_parse ] --START--
INFO: [ template_filter ] --START--
INFO: Run Behavior\ContentReplaceBehavior [ RunTime:0.000176s ]
INFO: [ template_filter ] --END-- [ RunTime:0.000521s ]
INFO: Run Behavior\ParseTemplateBehavior [ RunTime:0.018120s ]
INFO: [ view_parse ] --END-- [ RunTime:0.018666s ]
INFO: [ view_filter ] --START--
INFO: Run Behavior\WriteHtmlCacheBehavior [ RunTime:0.001310s ]
INFO: [ view_filter ] --END-- [ RunTime:0.001864s ]
INFO: [ app_end ] --START--
INFO: Run Behavior\ShowPageTraceBehavior [ RunTime:0.001552s ]
INFO: [ app_end ] --END-- [ RunTime:0.001911s ]

[ 2017-07-06T21:00:43+08:00 ] ::1 /Plum/1/Login/Index.html
INFO: [ app_init ] --START--
INFO: Run Behavior\BuildLiteBehavior [ RunTime:0.000134s ]
INFO: [ app_init ] --END-- [ RunTime:0.001617s ]
INFO: [ app_begin ] --START--
INFO: Run Behavior\ReadHtmlCacheBehavior [ RunTime:0.002311s ]
INFO: [ app_begin ] --END-- [ RunTime:0.003126s ]
INFO: [ view_parse ] --START--
INFO: [ template_filter ] --START--
INFO: Run Behavior\ContentReplaceBehavior [ RunTime:0.000174s ]
INFO: [ template_filter ] --END-- [ RunTime:0.000532s ]
INFO: Run Behavior\ParseTemplateBehavior [ RunTime:0.017315s ]
INFO: [ view_parse ] --END-- [ RunTime:0.017723s ]
INFO: [ view_filter ] --START--
INFO: Run Behavior\WriteHtmlCacheBehavior [ RunTime:0.000957s ]
INFO: [ view_filter ] --END-- [ RunTime:0.001306s ]
INFO: [ app_end ] --START--
INFO: Run Behavior\ShowPageTraceBehavior [ RunTime:0.001670s ]
INFO: [ app_end ] --END-- [ RunTime:0.002172s ]

[ 2017-07-06T21:00:44+08:00 ] ::1 /Plum/1/Login/Index.html
INFO: [ app_init ] --START--
INFO: Run Behavior\BuildLiteBehavior [ RunTime:0.000069s ]
INFO: [ app_init ] --END-- [ RunTime:0.001053s ]
INFO: [ app_begin ] --START--
INFO: Run Behavior\ReadHtmlCacheBehavior [ RunTime:0.002157s ]
INFO: [ app_begin ] --END-- [ RunTime:0.002783s ]
INFO: [ view_parse ] --START--
INFO: [ template_filter ] --START--
INFO: Run Behavior\ContentReplaceBehavior [ RunTime:0.000180s ]
INFO: [ template_filter ] --END-- [ RunTime:0.000535s ]
INFO: Run Behavior\ParseTemplateBehavior [ RunTime:0.021977s ]
INFO: [ view_parse ] --END-- [ RunTime:0.022792s ]
INFO: [ view_filter ] --START--
INFO: Run Behavior\WriteHtmlCacheBehavior [ RunTime:0.001385s ]
INFO: [ view_filter ] --END-- [ RunTime:0.002003s ]
INFO: [ app_end ] --START--
INFO: Run Behavior\ShowPageTraceBehavior [ RunTime:0.001462s ]
INFO: [ app_end ] --END-- [ RunTime:0.001823s ]

[ 2017-07-06T21:00:45+08:00 ] ::1 /Plum/1/Login/Index.html
INFO: [ app_init ] --START--
INFO: Run Behavior\BuildLiteBehavior [ RunTime:0.000122s ]
INFO: [ app_init ] --END-- [ RunTime:0.001413s ]
INFO: [ app_begin ] --START--
INFO: Run Behavior\ReadHtmlCacheBehavior [ RunTime:0.001450s ]
INFO: [ app_begin ] --END-- [ RunTime:0.001807s ]
INFO: [ view_parse ] --START--
INFO: [ template_filter ] --START--
INFO: Run Behavior\ContentReplaceBehavior [ RunTime:0.000180s ]
INFO: [ template_filter ] --END-- [ RunTime:0.000534s ]
INFO: Run Behavior\ParseTemplateBehavior [ RunTime:0.016627s ]
INFO: [ view_parse ] --END-- [ RunTime:0.017010s ]
INFO: [ view_filter ] --START--
INFO: Run Behavior\WriteHtmlCacheBehavior [ RunTime:0.000934s ]
INFO: [ view_filter ] --END-- [ RunTime:0.001286s ]
INFO: [ app_end ] --START--
INFO: Run Behavior\ShowPageTraceBehavior [ RunTime:0.001447s ]
INFO: [ app_end ] --END-- [ RunTime:0.001768s ]

[ 2017-07-06T21:00:46+08:00 ] ::1 /Plum/1/Login/Index.html
INFO: [ app_init ] --START--
INFO: Run Behavior\BuildLiteBehavior [ RunTime:0.000071s ]
INFO: [ app_init ] --END-- [ RunTime:0.001046s ]
INFO: [ app_begin ] --START--
INFO: Run Behavior\ReadHtmlCacheBehavior [ RunTime:0.002278s ]
INFO: [ app_begin ] --END-- [ RunTime:0.002661s ]
INFO: [ view_parse ] --START--
INFO: [ template_filter ] --START--
INFO: Run Behavior\ContentReplaceBehavior [ RunTime:0.000179s ]
INFO: [ template_filter ] --END-- [ RunTime:0.000528s ]
INFO: Run Behavior\ParseTemplateBehavior [ RunTime:0.017116s ]
INFO: [ view_parse ] --END-- [ RunTime:0.017498s ]
INFO: [ view_filter ] --START--
INFO: Run Behavior\WriteHtmlCacheBehavior [ RunTime:0.000923s ]
INFO: [ view_filter ] --END-- [ RunTime:0.001273s ]
INFO: [ app_end ] --START--
INFO: Run Behavior\ShowPageTraceBehavior [ RunTime:0.001358s ]
INFO: [ app_end ] --END-- [ RunTime:0.001679s ]

[ 2017-07-06T21:00:47+08:00 ] ::1 /Plum/1/Login/Index.html
INFO: [ app_init ] --START--
INFO: Run Behavior\BuildLiteBehavior [ RunTime:0.000072s ]
INFO: [ app_init ] --END-- [ RunTime:0.001423s ]
INFO: [ app_begin ] --START--
INFO: Run Behavior\ReadHtmlCacheBehavior [ RunTime:0.001805s ]
INFO: [ app_begin ] --END-- [ RunTime:0.002330s ]
INFO: [ view_parse ] --START--
INFO: [ template_filter ] --START--
INFO: Run Behavior\ContentReplaceBehavior [ RunTime:0.000193s ]
INFO: [ template_filter ] --END-- [ RunTime:0.000550s ]
INFO: Run Behavior\ParseTemplateBehavior [ RunTime:0.022315s ]
INFO: [ view_parse ] --END-- [ RunTime:0.023024s ]
INFO: [ view_filter ] --START--
INFO: Run Behavior\WriteHtmlCacheBehavior [ RunTime:0.001086s ]
INFO: [ view_filter ] --END-- [ RunTime:0.001587s ]
INFO: [ app_end ] --START--
INFO: Run Behavior\ShowPageTraceBehavior [ RunTime:0.001407s ]
INFO: [ app_end ] --END-- [ RunTime:0.001740s ]

[ 2017-07-06T21:00:48+08:00 ] ::1 /Plum/1/Login/Index.html
INFO: [ app_init ] --START--
INFO: Run Behavior\BuildLiteBehavior [ RunTime:0.000125s ]
INFO: [ app_init ] --END-- [ RunTime:0.001802s ]
INFO: [ app_begin ] --START--
INFO: Run Behavior\ReadHtmlCacheBehavior [ RunTime:0.001403s ]
INFO: [ app_begin ] --END-- [ RunTime:0.001773s ]
INFO: [ view_parse ] --START--
INFO: [ template_filter ] --START--
INFO: Run Behavior\ContentReplaceBehavior [ RunTime:0.000327s ]
INFO: [ template_filter ] --END-- [ RunTime:0.000989s ]
INFO: Run Behavior\ParseTemplateBehavior [ RunTime:0.017331s ]
INFO: [ view_parse ] --END-- [ RunTime:0.017768s ]
INFO: [ view_filter ] --START--
INFO: Run Behavior\WriteHtmlCacheBehavior [ RunTime:0.000940s ]
INFO: [ view_filter ] --END-- [ RunTime:0.001320s ]
INFO: [ app_end ] --START--
INFO: Run Behavior\ShowPageTraceBehavior [ RunTime:0.001451s ]
INFO: [ app_end ] --END-- [ RunTime:0.001777s ]

[ 2017-07-06T21:00:49+08:00 ] ::1 /Plum/1/Login/Index.html
INFO: [ app_init ] --START--
INFO: Run Behavior\BuildLiteBehavior [ RunTime:0.000071s ]
INFO: [ app_init ] --END-- [ RunTime:0.001048s ]
INFO: [ app_begin ] --START--
INFO: Run Behavior\ReadHtmlCacheBehavior [ RunTime:0.001771s ]
INFO: [ app_begin ] --END-- [ RunTime:0.002162s ]
INFO: [ view_parse ] --START--
INFO: [ template_filter ] --START--
INFO: Run Behavior\ContentReplaceBehavior [ RunTime:0.000323s ]
INFO: [ template_filter ] --END-- [ RunTime:0.000972s ]
INFO: Run Behavior\ParseTemplateBehavior [ RunTime:0.017900s ]
INFO: [ view_parse ] --END-- [ RunTime:0.018299s ]
INFO: [ view_filter ] --START--
INFO: Run Behavior\WriteHtmlCacheBehavior [ RunTime:0.000938s ]
INFO: [ view_filter ] --END-- [ RunTime:0.001286s ]
INFO: [ app_end ] --START--
INFO: Run Behavior\ShowPageTraceBehavior [ RunTime:0.001492s ]
INFO: [ app_end ] --END-- [ RunTime:0.001842s ]

[ 2017-07-06T21:00:51+08:00 ] ::1 /Plum/1/Login/Index.html
INFO: [ app_init ] --START--
INFO: Run Behavior\BuildLiteBehavior [ RunTime:0.000071s ]
INFO: [ app_init ] --END-- [ RunTime:0.001177s ]
INFO: [ app_begin ] --START--
INFO: Run Behavior\ReadHtmlCacheBehavior [ RunTime:0.002240s ]
INFO: [ app_begin ] --END-- [ RunTime:0.002783s ]
INFO: [ view_parse ] --START--
INFO: [ template_filter ] --START--
INFO: Run Behavior\ContentReplaceBehavior [ RunTime:0.000305s ]
INFO: [ template_filter ] --END-- [ RunTime:0.000930s ]
INFO: Run Behavior\ParseTemplateBehavior [ RunTime:0.021399s ]
INFO: [ view_parse ] --END-- [ RunTime:0.021991s ]
INFO: [ view_filter ] --START--
INFO: Run Behavior\WriteHtmlCacheBehavior [ RunTime:0.000987s ]
INFO: [ view_filter ] --END-- [ RunTime:0.001345s ]
INFO: [ app_end ] --START--
INFO: Run Behavior\ShowPageTraceBehavior [ RunTime:0.001455s ]
INFO: [ app_end ] --END-- [ RunTime:0.001788s ]

[ 2017-07-06T21:01:16+08:00 ] ::1 /Plum/1/login/login_app
INFO: [ app_init ] --START--
INFO: Run Behavior\BuildLiteBehavior [ RunTime:0.000074s ]
INFO: [ app_init ] --END-- [ RunTime:0.001273s ]
INFO: [ app_begin ] --START--
INFO: Run Behavior\ReadHtmlCacheBehavior [ RunTime:0.001386s ]
INFO: [ app_begin ] --END-- [ RunTime:0.001726s ]
ERR: 非法操作:login_app

[ 2017-07-06T21:01:30+08:00 ] ::1 /Plum/1/index.php/login/login_app
INFO: [ app_init ] --START--
INFO: Run Behavior\BuildLiteBehavior [ RunTime:0.000073s ]
INFO: [ app_init ] --END-- [ RunTime:0.001080s ]
INFO: [ app_begin ] --START--
INFO: Run Behavior\ReadHtmlCacheBehavior [ RunTime:0.001369s ]
INFO: [ app_begin ] --END-- [ RunTime:0.001695s ]
ERR: 非法操作:login_app

[ 2017-07-06T21:02:34+08:00 ] ::1 /Plum/1/index.php/login/
INFO: [ app_init ] --START--
INFO: Run Behavior\BuildLiteBehavior [ RunTime:0.000075s ]
INFO: [ app_init ] --END-- [ RunTime:0.001447s ]
INFO: [ app_begin ] --START--
INFO: Run Behavior\ReadHtmlCacheBehavior [ RunTime:0.001377s ]
INFO: [ app_begin ] --END-- [ RunTime:0.001730s ]
INFO: [ view_parse ] --START--
INFO: [ template_filter ] --START--
INFO: Run Behavior\ContentReplaceBehavior [ RunTime:0.000325s ]
INFO: [ template_filter ] --END-- [ RunTime:0.000973s ]
INFO: Run Behavior\ParseTemplateBehavior [ RunTime:0.023652s ]
INFO: [ view_parse ] --END-- [ RunTime:0.024182s ]
INFO: [ view_filter ] --START--
INFO: Run Behavior\WriteHtmlCacheBehavior [ RunTime:0.001449s ]
INFO: [ view_filter ] --END-- [ RunTime:0.002077s ]
INFO: [ app_end ] --START--
INFO: Run Behavior\ShowPageTraceBehavior [ RunTime:0.001437s ]
INFO: [ app_end ] --END-- [ RunTime:0.001759s ]

[ 2017-07-06T21:02:35+08:00 ] ::1 /Plum/1/Login/Index.html
INFO: [ app_init ] --START--
INFO: Run Behavior\BuildLiteBehavior [ RunTime:0.000073s ]
INFO: [ app_init ] --END-- [ RunTime:0.001140s ]
INFO: [ app_begin ] --START--
INFO: Run Behavior\ReadHtmlCacheBehavior [ RunTime:0.002490s ]
INFO: [ app_begin ] --END-- [ RunTime:0.003262s ]
INFO: [ view_parse ] --START--
INFO: [ template_filter ] --START--
INFO: Run Behavior\ContentReplaceBehavior [ RunTime:0.000195s ]
INFO: [ template_filter ] --END-- [ RunTime:0.000542s ]
INFO: Run Behavior\ParseTemplateBehavior [ RunTime:0.020657s ]
INFO: [ view_parse ] --END-- [ RunTime:0.021175s ]
INFO: [ view_filter ] --START--
INFO: Run Behavior\WriteHtmlCacheBehavior [ RunTime:0.000904s ]
INFO: [ view_filter ] --END-- [ RunTime:0.001212s ]
INFO: [ app_end ] --START--
INFO: Run Behavior\ShowPageTraceBehavior [ RunTime:0.001436s ]
INFO: [ app_end ] --END-- [ RunTime:0.001809s ]

[ 2017-07-06T21:02:38+08:00 ] ::1 /Plum/1/index.php/login/login_app
INFO: [ app_init ] --START--
INFO: Run Behavior\BuildLiteBehavior [ RunTime:0.000126s ]
INFO: [ app_init ] --END-- [ RunTime:0.001631s ]
INFO: [ app_begin ] --START--
INFO: Run Behavior\ReadHtmlCacheBehavior [ RunTime:0.002041s ]
INFO: [ app_begin ] --END-- [ RunTime:0.002524s ]
ERR: 非法操作:login_app

[ 2017-07-06T21:02:54+08:00 ] ::1 /Plum/1/index.php/login_app
INFO: [ app_init ] --START--
INFO: Run Behavior\BuildLiteBehavior [ RunTime:0.000071s ]
INFO: [ app_init ] --END-- [ RunTime:0.001063s ]
INFO: [ app_begin ] --START--
INFO: Run Behavior\ReadHtmlCacheBehavior [ RunTime:0.001470s ]
INFO: [ app_begin ] --END-- [ RunTime:0.001829s ]
ERR: 无法加载控制器:Login_app

[ 2017-07-06T21:03:10+08:00 ] ::1 /Plum/1/index.php/Login/login_app
INFO: [ app_init ] --START--
INFO: Run Behavior\BuildLiteBehavior [ RunTime:0.000073s ]
INFO: [ app_init ] --END-- [ RunTime:0.001104s ]
INFO: [ app_begin ] --START--
INFO: Run Behavior\ReadHtmlCacheBehavior [ RunTime:0.001394s ]
INFO: [ app_begin ] --END-- [ RunTime:0.001725s ]
ERR: 非法操作:login_app

[ 2017-07-06T21:03:17+08:00 ] ::1 /Plum/1/index.php/Login/index
INFO: [ app_init ] --START--
INFO: Run Behavior\BuildLiteBehavior [ RunTime:0.000071s ]
INFO: [ app_init ] --END-- [ RunTime:0.001068s ]
INFO: [ app_begin ] --START--
INFO: Run Behavior\ReadHtmlCacheBehavior [ RunTime:0.001444s ]
INFO: [ app_begin ] --END-- [ RunTime:0.001829s ]
INFO: [ view_parse ] --START--
INFO: [ template_filter ] --START--
INFO: Run Behavior\ContentReplaceBehavior [ RunTime:0.000198s ]
INFO: [ template_filter ] --END-- [ RunTime:0.000545s ]
INFO: Run Behavior\ParseTemplateBehavior [ RunTime:0.016364s ]
INFO: [ view_parse ] --END-- [ RunTime:0.016702s ]
INFO: [ view_filter ] --START--
INFO: Run Behavior\WriteHtmlCacheBehavior [ RunTime:0.000919s ]
INFO: [ view_filter ] --END-- [ RunTime:0.001228s ]
INFO: [ app_end ] --START--
INFO: Run Behavior\ShowPageTraceBehavior [ RunTime:0.001413s ]
INFO: [ app_end ] --END-- [ RunTime:0.001732s ]

[ 2017-07-06T21:03:19+08:00 ] ::1 /Plum/1/Login/Index.html
INFO: [ app_init ] --START--
INFO: Run Behavior\BuildLiteBehavior [ RunTime:0.000074s ]
INFO: [ app_init ] --END-- [ RunTime:0.001188s ]
INFO: [ app_begin ] --START--
INFO: Run Behavior\ReadHtmlCacheBehavior [ RunTime:0.001411s ]
INFO: [ app_begin ] --END-- [ RunTime:0.001759s ]
INFO: [ view_parse ] --START--
INFO: [ template_filter ] --START--
INFO: Run Behavior\ContentReplaceBehavior [ RunTime:0.000204s ]
INFO: [ template_filter ] --END-- [ RunTime:0.000575s ]
INFO: Run Behavior\ParseTemplateBehavior [ RunTime:0.018346s ]
INFO: [ view_parse ] --END-- [ RunTime:0.018693s ]
INFO: [ view_filter ] --START--
INFO: Run Behavior\WriteHtmlCacheBehavior [ RunTime:0.000990s ]
INFO: [ view_filter ] --END-- [ RunTime:0.001337s ]
INFO: [ app_end ] --START--
INFO: Run Behavior\ShowPageTraceBehavior [ RunTime:0.001490s ]
INFO: [ app_end ] --END-- [ RunTime:0.001819s ]

[ 2017-07-06T21:03:20+08:00 ] ::1 /Plum/1/Login/Index.html
INFO: [ app_init ] --START--
INFO: Run Behavior\BuildLiteBehavior [ RunTime:0.000080s ]
INFO: [ app_init ] --END-- [ RunTime:0.001326s ]
INFO: [ app_begin ] --START--
INFO: Run Behavior\ReadHtmlCacheBehavior [ RunTime:0.001446s ]
INFO: [ app_begin ] --END-- [ RunTime:0.001797s ]
INFO: [ view_parse ] --START--
INFO: [ template_filter ] --START--
INFO: Run Behavior\ContentReplaceBehavior [ RunTime:0.000198s ]
INFO: [ template_filter ] --END-- [ RunTime:0.000573s ]
INFO: Run Behavior\ParseTemplateBehavior [ RunTime:0.019553s ]
INFO: [ view_parse ] --END-- [ RunTime:0.019909s ]
INFO: [ view_filter ] --START--
INFO: Run Behavior\WriteHtmlCacheBehavior [ RunTime:0.000943s ]
INFO: [ view_filter ] --END-- [ RunTime:0.001273s ]
INFO: [ app_end ] --START--
INFO: Run Behavior\ShowPageTraceBehavior [ RunTime:0.001735s ]
INFO: [ app_end ] --END-- [ RunTime:0.002062s ]

[ 2017-07-06T21:03:21+08:00 ] ::1 /Plum/1/Login/Index.html
INFO: [ app_init ] --START--
INFO: Run Behavior\BuildLiteBehavior [ RunTime:0.000072s ]
INFO: [ app_init ] --END-- [ RunTime:0.001122s ]
INFO: [ app_begin ] --START--
INFO: Run Behavior\ReadHtmlCacheBehavior [ RunTime:0.001437s ]
INFO: [ app_begin ] --END-- [ RunTime:0.001784s ]
INFO: [ view_parse ] --START--
INFO: [ template_filter ] --START--
INFO: Run Behavior\ContentReplaceBehavior [ RunTime:0.000200s ]
INFO: [ template_filter ] --END-- [ RunTime:0.000556s ]
INFO: Run Behavior\ParseTemplateBehavior [ RunTime:0.018563s ]
INFO: [ view_parse ] --END-- [ RunTime:0.019078s ]
INFO: [ view_filter ] --START--
INFO: Run Behavior\WriteHtmlCacheBehavior [ RunTime:0.000938s ]
INFO: [ view_filter ] --END-- [ RunTime:0.001248s ]
INFO: [ app_end ] --START--
INFO: Run Behavior\ShowPageTraceBehavior [ RunTime:0.001418s ]
INFO: [ app_end ] --END-- [ RunTime:0.001736s ]

[ 2017-07-06T21:03:22+08:00 ] ::1 /Plum/1/Login/Index.html
INFO: [ app_init ] --START--
INFO: Run Behavior\BuildLiteBehavior [ RunTime:0.000113s ]
INFO: [ app_init ] --END-- [ RunTime:0.001172s ]
INFO: [ app_begin ] --START--
INFO: Run Behavior\ReadHtmlCacheBehavior [ RunTime:0.002287s ]
INFO: [ app_begin ] --END-- [ RunTime:0.002979s ]
INFO: [ view_parse ] --START--
INFO: [ template_filter ] --START--
INFO: Run Behavior\ContentReplaceBehavior [ RunTime:0.000344s ]
INFO: [ template_filter ] --END-- [ RunTime:0.001142s ]
INFO: Run Behavior\ParseTemplateBehavior [ RunTime:0.024899s ]
INFO: [ view_parse ] --END-- [ RunTime:0.025452s ]
INFO: [ view_filter ] --START--
INFO: Run Behavior\WriteHtmlCacheBehavior [ RunTime:0.001934s ]
INFO: [ view_filter ] --END-- [ RunTime:0.002546s ]
INFO: [ app_end ] --START--
INFO: Run Behavior\ShowPageTraceBehavior [ RunTime:0.001540s ]
INFO: [ app_end ] --END-- [ RunTime:0.001915s ]

[ 2017-07-06T21:03:23+08:00 ] ::1 /Plum/1/Login/Index.html
INFO: [ app_init ] --START--
INFO: Run Behavior\BuildLiteBehavior [ RunTime:0.000072s ]
INFO: [ app_init ] --END-- [ RunTime:0.001140s ]
INFO: [ app_begin ] --START--
INFO: Run Behavior\ReadHtmlCacheBehavior [ RunTime:0.002384s ]
INFO: [ app_begin ] --END-- [ RunTime:0.003108s ]
INFO: [ view_parse ] --START--
INFO: [ template_filter ] --START--
INFO: Run Behavior\ContentReplaceBehavior [ RunTime:0.000199s ]
INFO: [ template_filter ] --END-- [ RunTime:0.000701s ]
INFO: Run Behavior\ParseTemplateBehavior [ RunTime:0.021641s ]
INFO: [ view_parse ] --END-- [ RunTime:0.022156s ]
INFO: [ view_filter ] --START--
INFO: Run Behavior\WriteHtmlCacheBehavior [ RunTime:0.000925s ]
INFO: [ view_filter ] --END-- [ RunTime:0.001236s ]
INFO: [ app_end ] --START--
INFO: Run Behavior\ShowPageTraceBehavior [ RunTime:0.001774s ]
INFO: [ app_end ] --END-- [ RunTime:0.002284s ]

[ 2017-07-06T21:03:25+08:00 ] ::1 /Plum/1/Login/Index.html
INFO: [ app_init ] --START--
INFO: Run Behavior\BuildLiteBehavior [ RunTime:0.000125s ]
INFO: [ app_init ] --END-- [ RunTime:0.001752s ]
INFO: [ app_begin ] --START--
INFO: Run Behavior\ReadHtmlCacheBehavior [ RunTime:0.002298s ]
INFO: [ app_begin ] --END-- [ RunTime:0.002947s ]
INFO: [ view_parse ] --START--
INFO: [ template_filter ] --START--
INFO: Run Behavior\ContentReplaceBehavior [ RunTime:0.000195s ]
INFO: [ template_filter ] --END-- [ RunTime:0.000558s ]
INFO: Run Behavior\ParseTemplateBehavior [ RunTime:0.021198s ]
INFO: [ view_parse ] --END-- [ RunTime:0.021699s ]
INFO: [ view_filter ] --START--
INFO: Run Behavior\WriteHtmlCacheBehavior [ RunTime:0.000950s ]
INFO: [ view_filter ] --END-- [ RunTime:0.001258s ]
INFO: [ app_end ] --START--
INFO: Run Behavior\ShowPageTraceBehavior [ RunTime:0.001490s ]
INFO: [ app_end ] --END-- [ RunTime:0.001811s ]

[ 2017-07-06T21:03:26+08:00 ] ::1 /Plum/1/index.php/Login/login_app
INFO: [ app_init ] --START--
INFO: Run Behavior\BuildLiteBehavior [ RunTime:0.000075s ]
INFO: [ app_init ] --END-- [ RunTime:0.001273s ]
INFO: [ app_begin ] --START--
INFO: Run Behavior\ReadHtmlCacheBehavior [ RunTime:0.002193s ]
INFO: [ app_begin ] --END-- [ RunTime:0.002743s ]
ERR: 非法操作:login_app

[ 2017-07-06T21:03:27+08:00 ] ::1 /Plum/1/index.php/login_app
INFO: [ app_init ] --START--
INFO: Run Behavior\BuildLiteBehavior [ RunTime:0.000072s ]
INFO: [ app_init ] --END-- [ RunTime:0.001071s ]
INFO: [ app_begin ] --START--
INFO: Run Behavior\ReadHtmlCacheBehavior [ RunTime:0.002250s ]
INFO: [ app_begin ] --END-- [ RunTime:0.002910s ]
ERR: 无法加载控制器:Login_app

[ 2017-07-06T21:03:40+08:00 ] ::1 /Plum/1/login/login_app
INFO: [ app_init ] --START--
INFO: Run Behavior\BuildLiteBehavior [ RunTime:0.000071s ]
INFO: [ app_init ] --END-- [ RunTime:0.001065s ]
INFO: [ app_begin ] --START--
INFO: Run Behavior\ReadHtmlCacheBehavior [ RunTime:0.001402s ]
INFO: [ app_begin ] --END-- [ RunTime:0.001750s ]
ERR: 非法操作:login_app

[ 2017-07-06T21:04:05+08:00 ] ::1 /Plum/1/login/login_app
INFO: [ app_init ] --START--
INFO: Run Behavior\BuildLiteBehavior [ RunTime:0.000074s ]
INFO: [ app_init ] --END-- [ RunTime:0.001108s ]
INFO: [ app_begin ] --START--
INFO: Run Behavior\ReadHtmlCacheBehavior [ RunTime:0.001364s ]
INFO: [ app_begin ] --END-- [ RunTime:0.001691s ]
ERR: 非法操作:login_app

[ 2017-07-06T21:05:52+08:00 ] ::1 /Plum/1/login/login_app
INFO: [ app_init ] --START--
INFO: Run Behavior\BuildLiteBehavior [ RunTime:0.000147s ]
INFO: [ app_init ] --END-- [ RunTime:0.002109s ]
INFO: [ app_begin ] --START--
INFO: Run Behavior\ReadHtmlCacheBehavior [ RunTime:0.002271s ]
INFO: [ app_begin ] --END-- [ RunTime:0.002936s ]
INFO: [ app_end ] --START--
INFO: Run Behavior\ShowPageTraceBehavior [ RunTime:0.002216s ]
INFO: [ app_end ] --END-- [ RunTime:0.002781s ]

[ 2017-07-06T21:06:04+08:00 ] ::1 /Plum/1/login/login_app
INFO: [ app_init ] --START--
INFO: Run Behavior\BuildLiteBehavior [ RunTime:0.000077s ]
INFO: [ app_init ] --END-- [ RunTime:0.001654s ]
INFO: [ app_begin ] --START--
INFO: Run Behavior\ReadHtmlCacheBehavior [ RunTime:0.001433s ]
INFO: [ app_begin ] --END-- [ RunTime:0.001776s ]
INFO: [ app_end ] --START--
INFO: Run Behavior\ShowPageTraceBehavior [ RunTime:0.001396s ]
INFO: [ app_end ] --END-- [ RunTime:0.001731s ]

[ 2017-07-06T21:06:06+08:00 ] ::1 /Plum/1/login/login_app
INFO: [ app_init ] --START--
INFO: Run Behavior\BuildLiteBehavior [ RunTime:0.000119s ]
INFO: [ app_init ] --END-- [ RunTime:0.001697s ]
INFO: [ app_begin ] --START--
INFO: Run Behavior\ReadHtmlCacheBehavior [ RunTime:0.001523s ]
INFO: [ app_begin ] --END-- [ RunTime:0.002095s ]
INFO: [ app_end ] --START--
INFO: Run Behavior\ShowPageTraceBehavior [ RunTime:0.001407s ]
INFO: [ app_end ] --END-- [ RunTime:0.001747s ]

[ 2017-07-06T21:06:07+08:00 ] ::1 /Plum/1/login/login_app
INFO: [ app_init ] --START--
INFO: Run Behavior\BuildLiteBehavior [ RunTime:0.000076s ]
INFO: [ app_init ] --END-- [ RunTime:0.001173s ]
INFO: [ app_begin ] --START--
INFO: Run Behavior\ReadHtmlCacheBehavior [ RunTime:0.001469s ]
INFO: [ app_begin ] --END-- [ RunTime:0.001850s ]
INFO: [ app_end ] --START--
INFO: Run Behavior\ShowPageTraceBehavior [ RunTime:0.001473s ]
INFO: [ app_end ] --END-- [ RunTime:0.001816s ]

[ 2017-07-06T21:08:56+08:00 ] ::1 /Plum/1/appapi
INFO: [ app_init ] --START--
INFO: Run Behavior\BuildLiteBehavior [ RunTime:0.000073s ]
INFO: [ app_init ] --END-- [ RunTime:0.001207s ]
INFO: [ app_begin ] --START--
INFO: Run Behavior\ReadHtmlCacheBehavior [ RunTime:0.001481s ]
INFO: [ app_begin ] --END-- [ RunTime:0.001852s ]
ERR: 无法加载控制器:Appapi

[ 2017-07-06T21:09:55+08:00 ] ::1 /Plum/1/appapi
INFO: [ app_init ] --START--
INFO: Run Behavior\BuildLiteBehavior [ RunTime:0.000125s ]
INFO: [ app_init ] --END-- [ RunTime:0.001811s ]
INFO: [ app_begin ] --START--
INFO: Run Behavior\ReadHtmlCacheBehavior [ RunTime:0.001492s ]
INFO: [ app_begin ] --END-- [ RunTime:0.001905s ]
INFO: [ app_end ] --START--
INFO: Run Behavior\ShowPageTraceBehavior [ RunTime:0.002267s ]
INFO: [ app_end ] --END-- [ RunTime:0.002906s ]

[ 2017-07-06T21:33:21+08:00 ] ::1 /Plum/1/
INFO: [ app_init ] --START--
INFO: Run Behavior\BuildLiteBehavior [ RunTime:0.000073s ]
INFO: [ app_init ] --END-- [ RunTime:0.001163s ]
INFO: [ app_begin ] --START--
INFO: Run Behavior\ReadHtmlCacheBehavior [ RunTime:0.001470s ]
INFO: [ app_begin ] --END-- [ RunTime:0.001822s ]
SQL: SHOW COLUMNS FROM `saya_system` [ RunTime:0.0065s ]
SQL: SELECT `sLoginTimeout` FROM `saya_system` WHERE ( sId=1 ) LIMIT 1   [ RunTime:0.0006s ]
INFO: [ view_parse ] --START--
INFO: [ template_filter ] --START--
INFO: Run Behavior\ContentReplaceBehavior [ RunTime:0.000227s ]
INFO: [ template_filter ] --END-- [ RunTime:0.000633s ]
INFO: Run Behavior\ParseTemplateBehavior [ RunTime:0.017410s ]
INFO: [ view_parse ] --END-- [ RunTime:0.017853s ]
INFO: [ view_filter ] --START--
INFO: Run Behavior\WriteHtmlCacheBehavior [ RunTime:0.001017s ]
INFO: [ view_filter ] --END-- [ RunTime:0.001335s ]

[ 2017-07-06T21:33:30+08:00 ] ::1 /Plum/1/appapi
INFO: [ app_init ] --START--
INFO: Run Behavior\BuildLiteBehavior [ RunTime:0.000072s ]
INFO: [ app_init ] --END-- [ RunTime:0.001202s ]
INFO: [ app_begin ] --START--
INFO: Run Behavior\ReadHtmlCacheBehavior [ RunTime:0.001420s ]
INFO: [ app_begin ] --END-- [ RunTime:0.001795s ]

[ 2017-07-06T21:50:59+08:00 ] ::1 /Plum/1/appapi
INFO: [ app_init ] --START--
INFO: Run Behavior\BuildLiteBehavior [ RunTime:0.000070s ]
INFO: [ app_init ] --END-- [ RunTime:0.001092s ]
INFO: [ app_begin ] --START--
INFO: Run Behavior\ReadHtmlCacheBehavior [ RunTime:0.001969s ]
INFO: [ app_begin ] --END-- [ RunTime:0.002347s ]

[ 2017-07-06T22:06:36+08:00 ] ::1 /Plum/1/appapi/register
INFO: [ app_init ] --START--
INFO: Run Behavior\BuildLiteBehavior [ RunTime:0.000072s ]
INFO: [ app_init ] --END-- [ RunTime:0.001067s ]
INFO: [ app_begin ] --START--
INFO: Run Behavior\ReadHtmlCacheBehavior [ RunTime:0.001419s ]
INFO: [ app_begin ] --END-- [ RunTime:0.001767s ]
SQL: SHOW COLUMNS FROM `saya_staff` [ RunTime:0.0066s ]
SQL: INSERT INTO `saya_staff` (`stTel`,`stPwd`) VALUES ('18811346680','827ccb0eea8a706c4c34a16891f84e7b') [ RunTime:0.0008s ]

[ 2017-07-06T23:10:06+08:00 ] ::1 /Plum/1/appapi/register
INFO: [ app_init ] --START--
INFO: Run Behavior\BuildLiteBehavior [ RunTime:0.000097s ]
INFO: [ app_init ] --END-- [ RunTime:0.001431s ]
INFO: [ app_begin ] --START--
INFO: Run Behavior\ReadHtmlCacheBehavior [ RunTime:0.001742s ]
INFO: [ app_begin ] --END-- [ RunTime:0.002235s ]

[ 2017-07-06T23:10:23+08:00 ] ::1 /Plum/1/appapi/register
INFO: [ app_init ] --START--
INFO: Run Behavior\BuildLiteBehavior [ RunTime:0.000071s ]
INFO: [ app_init ] --END-- [ RunTime:0.001008s ]
INFO: [ app_begin ] --START--
INFO: Run Behavior\ReadHtmlCacheBehavior [ RunTime:0.002697s ]
INFO: [ app_begin ] --END-- [ RunTime:0.003170s ]
SQL: SHOW COLUMNS FROM `saya_staff` [ RunTime:0.0108s ]
SQL: SELECT * FROM `saya_staff` WHERE ( stTel='18811346680' ) LIMIT 1   [ RunTime:0.0013s ]

[ 2017-07-06T23:55:41+08:00 ] ::1 /Plum/1/appapi/
INFO: [ app_init ] --START--
INFO: Run Behavior\BuildLiteBehavior [ RunTime:0.000071s ]
INFO: [ app_init ] --END-- [ RunTime:0.001137s ]
INFO: [ app_begin ] --START--
INFO: Run Behavior\ReadHtmlCacheBehavior [ RunTime:0.001361s ]
INFO: [ app_begin ] --END-- [ RunTime:0.001705s ]
SQL: SHOW COLUMNS FROM `saya_staff` [ RunTime:0.0074s ]
NOTIC: [8] Undefined index: mobile E:\wampserver\www\Plum\1\Application\Personnelsystem\Controller\AppapiController.class.php 第 13 行.
SQL: SELECT `stId`,`stName`,`stPwd`,`stTel` FROM `saya_staff` WHERE ( stTel='' ) LIMIT 1   [ RunTime:0.0007s ]

[ 2017-07-06T23:55:51+08:00 ] ::1 /Plum/1/
INFO: [ app_init ] --START--
INFO: Run Behavior\BuildLiteBehavior [ RunTime:0.000069s ]
INFO: [ app_init ] --END-- [ RunTime:0.001009s ]
INFO: [ app_begin ] --START--
INFO: Run Behavior\ReadHtmlCacheBehavior [ RunTime:0.001567s ]
INFO: [ app_begin ] --END-- [ RunTime:0.002093s ]
SQL: SHOW COLUMNS FROM `saya_system` [ RunTime:0.0065s ]
SQL: SELECT `sLoginTimeout` FROM `saya_system` WHERE ( sId=1 ) LIMIT 1   [ RunTime:0.0007s ]
SQL: SELECT `sLoginTimeout` FROM `saya_system` WHERE ( sId=1 ) LIMIT 1   [ RunTime:0.0006s ]
SQL: SELECT `sName`,`sDepartment`,`sCopyrightName`,`sCopyrightAuthor`,`sVersion`,`sCopyrightAuthorTel`,`sCopyrightAuthorQQ` FROM `saya_system` WHERE ( sId=1 ) LIMIT 1   [ RunTime:0.0007s ]
SQL: SHOW COLUMNS FROM `saya_admin_role` [ RunTime:0.0061s ]
NOTIC: [8] Undefined variable: morepowersValue E:\wampserver\www\Plum\1\Application\Personnelsystem\Controller\IndexController.class.php 第 30 行.
SQL: SHOW COLUMNS FROM `saya_department` [ RunTime:0.0056s ]
ERR: SQLSTATE[42000]: Syntax error or access violation: 1064 You have an error in your SQL syntax; check the manual that corresponds to your MySQL server version for the right syntax to use near ') LIMIT 1' at line 1

[ 2017-07-06T23:55:51+08:00 ] ::1 /Plum/1/login/
INFO: [ app_init ] --START--
INFO: Run Behavior\BuildLiteBehavior [ RunTime:0.000071s ]
INFO: [ app_init ] --END-- [ RunTime:0.001050s ]
INFO: [ app_begin ] --START--
INFO: Run Behavior\ReadHtmlCacheBehavior [ RunTime:0.001991s ]
INFO: [ app_begin ] --END-- [ RunTime:0.002679s ]
SQL: SHOW COLUMNS FROM `saya_system` [ RunTime:0.0063s ]
SQL: SELECT `sLogo`,`sName`,`sCopyrightName`,`sCopyrightAuthor`,`sCheckCodeSwitch`,`sVersion`,`sCopyrightAuthorTel`,`sCopyrightAuthorQQ` FROM `saya_system` WHERE ( sId=1 ) LIMIT 1   [ RunTime:0.0007s ]
INFO: [ view_parse ] --START--
INFO: [ template_filter ] --START--
INFO: Run Behavior\ContentReplaceBehavior [ RunTime:0.000219s ]
INFO: [ template_filter ] --END-- [ RunTime:0.000551s ]
NOTIC: [8] Undefined index: sname E:\wampserver\www\Plum\1\Application\Runtime\Cache\Personnelsystem\a451a05b0825cb45a2701106fb08940a.php 第 9 行.
INFO: Run Behavior\ParseTemplateBehavior [ RunTime:0.019122s ]
INFO: [ view_parse ] --END-- [ RunTime:0.019542s ]
INFO: [ view_filter ] --START--
INFO: Run Behavior\WriteHtmlCacheBehavior [ RunTime:0.001009s ]
INFO: [ view_filter ] --END-- [ RunTime:0.001350s ]
INFO: [ app_end ] --START--
INFO: Run Behavior\ShowPageTraceBehavior [ RunTime:0.001396s ]
INFO: [ app_end ] --END-- [ RunTime:0.001739s ]

[ 2017-07-06T23:55:51+08:00 ] ::1 /Plum/1/
INFO: [ app_init ] --START--
INFO: Run Behavior\BuildLiteBehavior [ RunTime:0.000071s ]
INFO: [ app_init ] --END-- [ RunTime:0.001067s ]
INFO: [ app_begin ] --START--
INFO: Run Behavior\ReadHtmlCacheBehavior [ RunTime:0.002314s ]
INFO: [ app_begin ] --END-- [ RunTime:0.003043s ]
SQL: SHOW COLUMNS FROM `saya_system` [ RunTime:0.0085s ]
SQL: SELECT `sLoginTimeout` FROM `saya_system` WHERE ( sId=1 ) LIMIT 1   [ RunTime:0.0006s ]
SQL: SELECT `sLoginTimeout` FROM `saya_system` WHERE ( sId=1 ) LIMIT 1   [ RunTime:0.0005s ]
SQL: SELECT `sName`,`sDepartment`,`sCopyrightName`,`sCopyrightAuthor`,`sVersion`,`sCopyrightAuthorTel`,`sCopyrightAuthorQQ` FROM `saya_system` WHERE ( sId=1 ) LIMIT 1   [ RunTime:0.0006s ]
SQL: SHOW COLUMNS FROM `saya_admin_role` [ RunTime:0.0075s ]
NOTIC: [8] Undefined variable: morepowersValue E:\wampserver\www\Plum\1\Application\Personnelsystem\Controller\IndexController.class.php 第 30 行.
SQL: SHOW COLUMNS FROM `saya_department` [ RunTime:0.0063s ]
ERR: SQLSTATE[42000]: Syntax error or access violation: 1064 You have an error in your SQL syntax; check the manual that corresponds to your MySQL server version for the right syntax to use near ') LIMIT 1' at line 1

[ 2017-07-06T23:55:54+08:00 ] ::1 /Plum/1/Personnelsystem/Login/CheckLogin/
INFO: [ app_init ] --START--
INFO: Run Behavior\BuildLiteBehavior [ RunTime:0.000100s ]
INFO: [ app_init ] --END-- [ RunTime:0.001246s ]
INFO: [ app_begin ] --START--
INFO: Run Behavior\ReadHtmlCacheBehavior [ RunTime:0.001382s ]
INFO: [ app_begin ] --END-- [ RunTime:0.001760s ]
SQL: SHOW COLUMNS FROM `saya_system` [ RunTime:0.0078s ]
SQL: SELECT `sCheckCodeSwitch`,`sErrorPwdLockNum`,`sLoginTimeout` FROM `saya_system` WHERE ( sId=1 ) LIMIT 1   [ RunTime:0.0008s ]
SQL: SHOW COLUMNS FROM `saya_admin` [ RunTime:0.0068s ]
SQL: SELECT * FROM `saya_admin` WHERE ( aUser='system' OR aTel='system' ) LIMIT 1   [ RunTime:0.0008s ]
SQL: UPDATE `saya_admin` SET `aLoginNum`='4',`aErrorPwdNum`='0' WHERE ( aUser='system' OR aTel='system' ) [ RunTime:0.0015s ]
INFO: [ view_parse ] --START--
INFO: [ template_filter ] --START--
INFO: Run Behavior\ContentReplaceBehavior [ RunTime:0.000211s ]
INFO: [ template_filter ] --END-- [ RunTime:0.000606s ]
INFO: Run Behavior\ParseTemplateBehavior [ RunTime:0.019095s ]
INFO: [ view_parse ] --END-- [ RunTime:0.019723s ]
INFO: [ view_filter ] --START--
INFO: Run Behavior\WriteHtmlCacheBehavior [ RunTime:0.001186s ]
INFO: [ view_filter ] --END-- [ RunTime:0.001569s ]
INFO: [ app_end ] --START--
INFO: Run Behavior\ShowPageTraceBehavior [ RunTime:0.001564s ]
INFO: [ app_end ] --END-- [ RunTime:0.001897s ]

[ 2017-07-06T23:55:56+08:00 ] ::1 /Plum/1/Index.html
INFO: [ app_init ] --START--
INFO: Run Behavior\BuildLiteBehavior [ RunTime:0.000069s ]
INFO: [ app_init ] --END-- [ RunTime:0.001031s ]
INFO: [ app_begin ] --START--
INFO: Run Behavior\ReadHtmlCacheBehavior [ RunTime:0.002317s ]
INFO: [ app_begin ] --END-- [ RunTime:0.003037s ]
SQL: SHOW COLUMNS FROM `saya_system` [ RunTime:0.0064s ]
SQL: SELECT `sLoginTimeout` FROM `saya_system` WHERE ( sId=1 ) LIMIT 1   [ RunTime:0.0007s ]
SQL: SELECT `sLoginTimeout` FROM `saya_system` WHERE ( sId=1 ) LIMIT 1   [ RunTime:0.0006s ]
SQL: SELECT `sName`,`sDepartment`,`sCopyrightName`,`sCopyrightAuthor`,`sVersion`,`sCopyrightAuthorTel`,`sCopyrightAuthorQQ` FROM `saya_system` WHERE ( sId=1 ) LIMIT 1   [ RunTime:0.0007s ]
SQL: SHOW COLUMNS FROM `saya_admin_role` [ RunTime:0.0060s ]
NOTIC: [8] Undefined variable: morepowersValue E:\wampserver\www\Plum\1\Application\Personnelsystem\Controller\IndexController.class.php 第 30 行.
SQL: SHOW COLUMNS FROM `saya_department` [ RunTime:0.0064s ]
SQL: SELECT * FROM `saya_department` WHERE ( dId=0 ) LIMIT 1   [ RunTime:0.0006s ]
SQL: SELECT `sLoginTimeout` FROM `saya_system` WHERE ( sId=1 ) LIMIT 1   [ RunTime:0.0005s ]
SQL: SELECT `sLoginTimeout` FROM `saya_system` WHERE ( sId=1 ) LIMIT 1   [ RunTime:0.0006s ]
SQL: SHOW COLUMNS FROM `saya_staff` [ RunTime:0.0210s ]
SQL: SELECT COUNT(*) AS tp_count FROM `saya_staff` WHERE `stBirthdate` LIKE '%07-06%' AND `stBirthdateType` = 1 LIMIT 1   [ RunTime:0.0006s ]
SQL: SELECT COUNT(*) AS tp_count FROM `saya_staff` WHERE `stBirthdate` LIKE '%06-13%' AND `stBirthdateType` = 2 LIMIT 1   [ RunTime:0.0005s ]
SQL: SHOW COLUMNS FROM `saya_hdmenu` [ RunTime:0.0057s ]
SQL: SELECT * FROM `saya_hdmenu`  [ RunTime:0.0004s ]
INFO: [ view_parse ] --START--
INFO: [ template_filter ] --START--
INFO: Run Behavior\ContentReplaceBehavior [ RunTime:0.000531s ]
INFO: [ template_filter ] --END-- [ RunTime:0.000868s ]
NOTIC: [8] Undefined variable: rs_users E:\wampserver\www\Plum\1\Application\Runtime\Cache\Personnelsystem\893122f858811a5339e67690bf0a2103.php 第 32 行.
NOTIC: [8] Undefined variable: rs_admin E:\wampserver\www\Plum\1\Application\Runtime\Cache\Personnelsystem\893122f858811a5339e67690bf0a2103.php 第 32 行.
INFO: Run Behavior\ParseTemplateBehavior [ RunTime:0.054860s ]
INFO: [ view_parse ] --END-- [ RunTime:0.055371s ]
INFO: [ view_filter ] --START--
INFO: Run Behavior\WriteHtmlCacheBehavior [ RunTime:0.000942s ]
INFO: [ view_filter ] --END-- [ RunTime:0.001259s ]
INFO: [ app_end ] --START--
INFO: Run Behavior\ShowPageTraceBehavior [ RunTime:0.001833s ]
INFO: [ app_end ] --END-- [ RunTime:0.002345s ]

[ 2017-07-06T23:55:57+08:00 ] ::1 /Plum/1/Index/welcome
INFO: [ app_init ] --START--
INFO: Run Behavior\BuildLiteBehavior [ RunTime:0.000239s ]
INFO: [ app_init ] --END-- [ RunTime:0.002718s ]
INFO: [ app_begin ] --START--
INFO: Run Behavior\ReadHtmlCacheBehavior [ RunTime:0.002239s ]
INFO: [ app_begin ] --END-- [ RunTime:0.002924s ]
SQL: SHOW COLUMNS FROM `saya_system` [ RunTime:0.2173s ]
SQL: SELECT `sLoginTimeout` FROM `saya_system` WHERE ( sId=1 ) LIMIT 1   [ RunTime:0.0008s ]
SQL: SELECT `sLoginTimeout` FROM `saya_system` WHERE ( sId=1 ) LIMIT 1   [ RunTime:0.0006s ]
SQL: SHOW COLUMNS FROM `saya_admin` [ RunTime:0.0123s ]
SQL: SELECT `aLoginNum` FROM `saya_admin` WHERE ( aUser='system' ) LIMIT 1   [ RunTime:0.0007s ]
SQL: SHOW COLUMNS FROM `saya_admin_role` [ RunTime:0.0095s ]
NOTIC: [8] Undefined variable: morepowersValue E:\wampserver\www\Plum\1\Application\Personnelsystem\Controller\IndexController.class.php 第 76 行.
SQL: SHOW COLUMNS FROM `saya_hdmenu` [ RunTime:0.0087s ]
SQL: SELECT * FROM `saya_hdmenu`  [ RunTime:0.0006s ]
SQL: SELECT COUNT(*) AS tp_count FROM `saya_admin_role` LIMIT 1   [ RunTime:0.0006s ]
SQL: SELECT COUNT(*) AS tp_count FROM `saya_admin` LIMIT 1   [ RunTime:0.0005s ]
SQL: SHOW COLUMNS FROM `saya_department` [ RunTime:0.0075s ]
SQL: SELECT COUNT(*) AS tp_count FROM `saya_department` LIMIT 1   [ RunTime:0.0006s ]
SQL: SHOW COLUMNS FROM `saya_staff` [ RunTime:0.0105s ]
SQL: SELECT COUNT(*) AS tp_count FROM `saya_staff` WHERE ( stBlacklist=0 ) LIMIT 1   [ RunTime:0.1024s ]
SQL: SELECT COUNT(*) AS tp_count FROM `saya_staff` WHERE ( stJobState=1 AND stBlacklist=0 ) LIMIT 1   [ RunTime:0.0008s ]
SQL: SELECT COUNT(*) AS tp_count FROM `saya_staff` WHERE ( stJobState=0 AND stBlacklist=0 ) LIMIT 1   [ RunTime:0.0010s ]
SQL: SELECT COUNT(*) AS tp_count FROM `saya_staff` WHERE ( stBlacklist=1 ) LIMIT 1   [ RunTime:0.0007s ]
SQL: SELECT `sName`,`sCopyrightName`,`sCopyrightAuthor`,`sCopyrightAuthorTel`,`sCopyrightAuthorQQ` FROM `saya_system` WHERE ( sId=1 ) LIMIT 1   [ RunTime:0.0008s ]
INFO: [ view_parse ] --START--
INFO: [ template_filter ] --START--
INFO: Run Behavior\ContentReplaceBehavior [ RunTime:0.000599s ]
INFO: [ template_filter ] --END-- [ RunTime:0.001244s ]
INFO: Run Behavior\ParseTemplateBehavior [ RunTime:0.038900s ]
INFO: [ view_parse ] --END-- [ RunTime:0.039448s ]
INFO: [ view_filter ] --START--
INFO: Run Behavior\WriteHtmlCacheBehavior [ RunTime:0.001022s ]
INFO: [ view_filter ] --END-- [ RunTime:0.001485s ]
INFO: [ app_end ] --START--
INFO: Run Behavior\ShowPageTraceBehavior [ RunTime:0.002370s ]
INFO: [ app_end ] --END-- [ RunTime:0.003090s ]

[ 2017-07-06T23:56:06+08:00 ] ::1 /Plum/1/Department/listsedit
INFO: [ app_init ] --START--
INFO: Run Behavior\BuildLiteBehavior [ RunTime:0.000140s ]
INFO: [ app_init ] --END-- [ RunTime:0.001489s ]
INFO: [ app_begin ] --START--
INFO: Run Behavior\ReadHtmlCacheBehavior [ RunTime:0.001509s ]
INFO: [ app_begin ] --END-- [ RunTime:0.001867s ]
SQL: SHOW COLUMNS FROM `saya_system` [ RunTime:0.0076s ]
SQL: SELECT `sLoginTimeout` FROM `saya_system` WHERE ( sId=1 ) LIMIT 1   [ RunTime:0.0007s ]
SQL: SELECT `sLoginTimeout` FROM `saya_system` WHERE ( sId=1 ) LIMIT 1   [ RunTime:0.0006s ]
SQL: SHOW COLUMNS FROM `saya_department` [ RunTime:0.0066s ]
SQL: SELECT * FROM `saya_department`  [ RunTime:0.0006s ]
INFO: [ view_parse ] --START--
INFO: [ template_filter ] --START--
INFO: Run Behavior\ContentReplaceBehavior [ RunTime:0.000255s ]
INFO: [ template_filter ] --END-- [ RunTime:0.000619s ]
INFO: Run Behavior\ParseTemplateBehavior [ RunTime:0.033875s ]
INFO: [ view_parse ] --END-- [ RunTime:0.034273s ]
INFO: [ view_filter ] --START--
INFO: Run Behavior\WriteHtmlCacheBehavior [ RunTime:0.000912s ]
INFO: [ view_filter ] --END-- [ RunTime:0.001225s ]
INFO: [ app_end ] --START--
INFO: Run Behavior\ShowPageTraceBehavior [ RunTime:0.001499s ]
INFO: [ app_end ] --END-- [ RunTime:0.001838s ]

[ 2017-07-06T23:56:17+08:00 ] ::1 /Plum/1/Department/add
INFO: [ app_init ] --START--
INFO: Run Behavior\BuildLiteBehavior [ RunTime:0.000072s ]
INFO: [ app_init ] --END-- [ RunTime:0.001044s ]
INFO: [ app_begin ] --START--
INFO: Run Behavior\ReadHtmlCacheBehavior [ RunTime:0.001381s ]
INFO: [ app_begin ] --END-- [ RunTime:0.001747s ]
SQL: SHOW COLUMNS FROM `saya_system` [ RunTime:0.0061s ]
SQL: SELECT `sLoginTimeout` FROM `saya_system` WHERE ( sId=1 ) LIMIT 1   [ RunTime:0.0006s ]
SQL: SELECT `sLoginTimeout` FROM `saya_system` WHERE ( sId=1 ) LIMIT 1   [ RunTime:0.0006s ]
SQL: SELECT `sDepartment` FROM `saya_system` WHERE ( sId=1 ) LIMIT 1   [ RunTime:0.0006s ]
INFO: [ view_parse ] --START--
INFO: [ template_filter ] --START--
INFO: Run Behavior\ContentReplaceBehavior [ RunTime:0.000310s ]
INFO: [ template_filter ] --END-- [ RunTime:0.000649s ]
NOTIC: [8] Undefined variable: rs_systemInfo E:\wampserver\www\Plum\1\Application\Runtime\Cache\Personnelsystem\e03550b126576d270e511c26c1942c17.php 第 38 行.
INFO: Run Behavior\ParseTemplateBehavior [ RunTime:0.043710s ]
INFO: [ view_parse ] --END-- [ RunTime:0.044101s ]
INFO: [ view_filter ] --START--
INFO: Run Behavior\WriteHtmlCacheBehavior [ RunTime:0.000909s ]
INFO: [ view_filter ] --END-- [ RunTime:0.001225s ]
INFO: [ app_end ] --START--
INFO: Run Behavior\ShowPageTraceBehavior [ RunTime:0.001431s ]
INFO: [ app_end ] --END-- [ RunTime:0.001749s ]

[ 2017-07-06T23:57:58+08:00 ] ::1 /Plum/1/Department/add
INFO: [ app_init ] --START--
INFO: Run Behavior\BuildLiteBehavior [ RunTime:0.000073s ]
INFO: [ app_init ] --END-- [ RunTime:0.001421s ]
INFO: [ app_begin ] --START--
INFO: Run Behavior\ReadHtmlCacheBehavior [ RunTime:0.001390s ]
INFO: [ app_begin ] --END-- [ RunTime:0.001749s ]
SQL: SHOW COLUMNS FROM `saya_system` [ RunTime:0.0068s ]
SQL: SELECT `sLoginTimeout` FROM `saya_system` WHERE ( sId=1 ) LIMIT 1   [ RunTime:0.0006s ]
SQL: SELECT `sLoginTimeout` FROM `saya_system` WHERE ( sId=1 ) LIMIT 1   [ RunTime:0.0005s ]
SQL: SELECT `sDepartment` FROM `saya_system` WHERE ( sId=1 ) LIMIT 1   [ RunTime:0.0006s ]
INFO: [ view_parse ] --START--
INFO: [ template_filter ] --START--
INFO: Run Behavior\ContentReplaceBehavior [ RunTime:0.000355s ]
INFO: [ template_filter ] --END-- [ RunTime:0.000864s ]
NOTIC: [8] Undefined variable: rs_systemInfo E:\wampserver\www\Plum\1\Application\Runtime\Cache\Personnelsystem\e03550b126576d270e511c26c1942c17.php 第 38 行.
INFO: Run Behavior\ParseTemplateBehavior [ RunTime:0.020192s ]
INFO: [ view_parse ] --END-- [ RunTime:0.020535s ]
INFO: [ view_filter ] --START--
INFO: Run Behavior\WriteHtmlCacheBehavior [ RunTime:0.000961s ]
INFO: [ view_filter ] --END-- [ RunTime:0.001292s ]
INFO: [ app_end ] --START--
INFO: Run Behavior\ShowPageTraceBehavior [ RunTime:0.001504s ]
INFO: [ app_end ] --END-- [ RunTime:0.001994s ]

[ 2017-07-06T23:58:18+08:00 ] ::1 /Plum/1/Personnelsystem/Department/listsedit
INFO: [ app_init ] --START--
INFO: Run Behavior\BuildLiteBehavior [ RunTime:0.000130s ]
INFO: [ app_init ] --END-- [ RunTime:0.001621s ]
INFO: [ app_begin ] --START--
INFO: Run Behavior\ReadHtmlCacheBehavior [ RunTime:0.001410s ]
INFO: [ app_begin ] --END-- [ RunTime:0.001759s ]
SQL: SHOW COLUMNS FROM `saya_system` [ RunTime:0.0073s ]
SQL: SELECT `sLoginTimeout` FROM `saya_system` WHERE ( sId=1 ) LIMIT 1   [ RunTime:0.0006s ]
SQL: SELECT `sLoginTimeout` FROM `saya_system` WHERE ( sId=1 ) LIMIT 1   [ RunTime:0.0005s ]
SQL: SHOW COLUMNS FROM `saya_department` [ RunTime:0.0068s ]
SQL: SELECT * FROM `saya_department`  [ RunTime:0.0005s ]
INFO: [ view_parse ] --START--
INFO: [ template_filter ] --START--
INFO: Run Behavior\ContentReplaceBehavior [ RunTime:0.000376s ]
INFO: [ template_filter ] --END-- [ RunTime:0.000932s ]
INFO: Run Behavior\ParseTemplateBehavior [ RunTime:0.040821s ]
INFO: [ view_parse ] --END-- [ RunTime:0.041181s ]
INFO: [ view_filter ] --START--
INFO: Run Behavior\WriteHtmlCacheBehavior [ RunTime:0.000937s ]
INFO: [ view_filter ] --END-- [ RunTime:0.001400s ]
INFO: [ app_end ] --START--
INFO: Run Behavior\ShowPageTraceBehavior [ RunTime:0.001480s ]
INFO: [ app_end ] --END-- [ RunTime:0.001946s ]

[ 2017-07-06T23:58:24+08:00 ] ::1 /Plum/1/Personnelsystem/Department/add
INFO: [ app_init ] --START--
INFO: Run Behavior\BuildLiteBehavior [ RunTime:0.000070s ]
INFO: [ app_init ] --END-- [ RunTime:0.001124s ]
INFO: [ app_begin ] --START--
INFO: Run Behavior\ReadHtmlCacheBehavior [ RunTime:0.001882s ]
INFO: [ app_begin ] --END-- [ RunTime:0.002351s ]
SQL: SHOW COLUMNS FROM `saya_system` [ RunTime:0.0072s ]
SQL: SELECT `sLoginTimeout` FROM `saya_system` WHERE ( sId=1 ) LIMIT 1   [ RunTime:0.0007s ]
SQL: SELECT `sLoginTimeout` FROM `saya_system` WHERE ( sId=1 ) LIMIT 1   [ RunTime:0.0004s ]
SQL: SELECT `sDepartment` FROM `saya_system` WHERE ( sId=1 ) LIMIT 1   [ RunTime:0.0004s ]
INFO: [ view_parse ] --START--
INFO: [ template_filter ] --START--
INFO: Run Behavior\ContentReplaceBehavior [ RunTime:0.000425s ]
INFO: [ template_filter ] --END-- [ RunTime:0.000980s ]
NOTIC: [8] Undefined variable: rs_systemInfo E:\wampserver\www\Plum\1\Application\Runtime\Cache\Personnelsystem\e03550b126576d270e511c26c1942c17.php 第 38 行.
INFO: Run Behavior\ParseTemplateBehavior [ RunTime:0.021876s ]
INFO: [ view_parse ] --END-- [ RunTime:0.022199s ]
INFO: [ view_filter ] --START--
INFO: Run Behavior\WriteHtmlCacheBehavior [ RunTime:0.000915s ]
INFO: [ view_filter ] --END-- [ RunTime:0.001245s ]
INFO: [ app_end ] --START--
INFO: Run Behavior\ShowPageTraceBehavior [ RunTime:0.001406s ]
INFO: [ app_end ] --END-- [ RunTime:0.001715s ]

