[ 2017-07-21T22:01:40+08:00 ] ::1 /Plum/1/login/index.html
INFO: [ app_init ] --START--
INFO: Run Behavior\BuildLiteBehavior [ RunTime:0.000081s ]
INFO: [ app_init ] --END-- [ RunTime:0.001919s ]
INFO: [ app_begin ] --START--
INFO: Run Behavior\ReadHtmlCacheBehavior [ RunTime:0.001577s ]
INFO: [ app_begin ] --END-- [ RunTime:0.002172s ]
INFO: [ view_parse ] --START--
INFO: [ template_filter ] --START--
INFO: Run Behavior\ContentReplaceBehavior [ RunTime:0.000190s ]
INFO: [ template_filter ] --END-- [ RunTime:0.000578s ]
INFO: Run Behavior\ParseTemplateBehavior [ RunTime:0.018344s ]
INFO: [ view_parse ] --END-- [ RunTime:0.018765s ]
INFO: [ view_filter ] --START--
INFO: Run Behavior\WriteHtmlCacheBehavior [ RunTime:0.001104s ]
INFO: [ view_filter ] --END-- [ RunTime:0.001537s ]
INFO: [ app_end ] --START--
INFO: Run Behavior\ShowPageTraceBehavior [ RunTime:0.001628s ]
INFO: [ app_end ] --END-- [ RunTime:0.002069s ]

[ 2017-07-21T22:01:41+08:00 ] ::1 /Plum/1/Login/Index.html
INFO: [ app_init ] --START--
INFO: Run Behavior\BuildLiteBehavior [ RunTime:0.000131s ]
INFO: [ app_init ] --END-- [ RunTime:0.001785s ]
INFO: [ app_begin ] --START--
INFO: Run Behavior\ReadHtmlCacheBehavior [ RunTime:0.001136s ]
INFO: [ app_begin ] --END-- [ RunTime:0.001522s ]
INFO: [ view_parse ] --START--
INFO: [ template_filter ] --START--
INFO: Run Behavior\ContentReplaceBehavior [ RunTime:0.000312s ]
INFO: [ template_filter ] --END-- [ RunTime:0.001030s ]
INFO: Run Behavior\ParseTemplateBehavior [ RunTime:0.025340s ]
INFO: [ view_parse ] --END-- [ RunTime:0.025778s ]
INFO: [ view_filter ] --START--
INFO: Run Behavior\WriteHtmlCacheBehavior [ RunTime:0.001207s ]
INFO: [ view_filter ] --END-- [ RunTime:0.001946s ]
INFO: [ app_end ] --START--
INFO: Run Behavior\ShowPageTraceBehavior [ RunTime:0.002500s ]
INFO: [ app_end ] --END-- [ RunTime:0.003265s ]

[ 2017-07-21T22:01:42+08:00 ] ::1 /Plum/1/Login/Index.html
INFO: [ app_init ] --START--
INFO: Run Behavior\BuildLiteBehavior [ RunTime:0.000140s ]
INFO: [ app_init ] --END-- [ RunTime:0.004420s ]
INFO: [ app_begin ] --START--
INFO: Run Behavior\ReadHtmlCacheBehavior [ RunTime:0.001510s ]
INFO: [ app_begin ] --END-- [ RunTime:0.002142s ]
INFO: [ view_parse ] --START--
INFO: [ template_filter ] --START--
INFO: Run Behavior\ContentReplaceBehavior [ RunTime:0.000367s ]
INFO: [ template_filter ] --END-- [ RunTime:0.001105s ]
INFO: Run Behavior\ParseTemplateBehavior [ RunTime:0.040214s ]
INFO: [ view_parse ] --END-- [ RunTime:0.040856s ]
INFO: [ view_filter ] --START--
INFO: Run Behavior\WriteHtmlCacheBehavior [ RunTime:0.001753s ]
INFO: [ view_filter ] --END-- [ RunTime:0.004564s ]
INFO: [ app_end ] --START--
INFO: Run Behavior\ShowPageTraceBehavior [ RunTime:0.002901s ]
INFO: [ app_end ] --END-- [ RunTime:0.003585s ]

[ 2017-07-21T22:01:44+08:00 ] ::1 /Plum/1/Login/Index.html
INFO: [ app_init ] --START--
INFO: Run Behavior\BuildLiteBehavior [ RunTime:0.000122s ]
INFO: [ app_init ] --END-- [ RunTime:0.001933s ]
INFO: [ app_begin ] --START--
INFO: Run Behavior\ReadHtmlCacheBehavior [ RunTime:0.001649s ]
INFO: [ app_begin ] --END-- [ RunTime:0.002385s ]
INFO: [ view_parse ] --START--
INFO: [ template_filter ] --START--
INFO: Run Behavior\ContentReplaceBehavior [ RunTime:0.000350s ]
INFO: [ template_filter ] --END-- [ RunTime:0.001130s ]
INFO: Run Behavior\ParseTemplateBehavior [ RunTime:0.022818s ]
INFO: [ view_parse ] --END-- [ RunTime:0.023603s ]
INFO: [ view_filter ] --START--
INFO: Run Behavior\WriteHtmlCacheBehavior [ RunTime:0.001650s ]
INFO: [ view_filter ] --END-- [ RunTime:0.002356s ]
INFO: [ app_end ] --START--
INFO: Run Behavior\ShowPageTraceBehavior [ RunTime:0.002299s ]
INFO: [ app_end ] --END-- [ RunTime:0.003041s ]

[ 2017-07-21T22:01:45+08:00 ] ::1 /Plum/1/Login/Index.html
INFO: [ app_init ] --START--
INFO: Run Behavior\BuildLiteBehavior [ RunTime:0.000137s ]
INFO: [ app_init ] --END-- [ RunTime:0.001782s ]
INFO: [ app_begin ] --START--
INFO: Run Behavior\ReadHtmlCacheBehavior [ RunTime:0.001775s ]
INFO: [ app_begin ] --END-- [ RunTime:0.002496s ]
INFO: [ view_parse ] --START--
INFO: [ template_filter ] --START--
INFO: Run Behavior\ContentReplaceBehavior [ RunTime:0.000314s ]
INFO: [ template_filter ] --END-- [ RunTime:0.000970s ]
INFO: Run Behavior\ParseTemplateBehavior [ RunTime:0.024801s ]
INFO: [ view_parse ] --END-- [ RunTime:0.025421s ]
INFO: [ view_filter ] --START--
INFO: Run Behavior\WriteHtmlCacheBehavior [ RunTime:0.002535s ]
INFO: [ view_filter ] --END-- [ RunTime:0.003360s ]
INFO: [ app_end ] --START--
INFO: Run Behavior\ShowPageTraceBehavior [ RunTime:0.002199s ]
INFO: [ app_end ] --END-- [ RunTime:0.002904s ]

[ 2017-07-21T22:01:46+08:00 ] ::1 /Plum/1/Login/Index.html
INFO: [ app_init ] --START--
INFO: Run Behavior\BuildLiteBehavior [ RunTime:0.000273s ]
INFO: [ app_init ] --END-- [ RunTime:0.002460s ]
INFO: [ app_begin ] --START--
INFO: Run Behavior\ReadHtmlCacheBehavior [ RunTime:0.001610s ]
INFO: [ app_begin ] --END-- [ RunTime:0.002259s ]
INFO: [ view_parse ] --START--
INFO: [ template_filter ] --START--
INFO: Run Behavior\ContentReplaceBehavior [ RunTime:0.000354s ]
INFO: [ template_filter ] --END-- [ RunTime:0.001159s ]
INFO: Run Behavior\ParseTemplateBehavior [ RunTime:0.024667s ]
INFO: [ view_parse ] --END-- [ RunTime:0.025229s ]
INFO: [ view_filter ] --START--
INFO: Run Behavior\WriteHtmlCacheBehavior [ RunTime:0.001936s ]
INFO: [ view_filter ] --END-- [ RunTime:0.002733s ]
INFO: [ app_end ] --START--
INFO: Run Behavior\ShowPageTraceBehavior [ RunTime:0.002274s ]
INFO: [ app_end ] --END-- [ RunTime:0.003011s ]

[ 2017-07-21T22:01:48+08:00 ] ::1 /Plum/1/Login/Index.html
INFO: [ app_init ] --START--
INFO: Run Behavior\BuildLiteBehavior [ RunTime:0.000157s ]
INFO: [ app_init ] --END-- [ RunTime:0.001894s ]
INFO: [ app_begin ] --START--
INFO: Run Behavior\ReadHtmlCacheBehavior [ RunTime:0.001566s ]
INFO: [ app_begin ] --END-- [ RunTime:0.002213s ]
INFO: [ view_parse ] --START--
INFO: [ template_filter ] --START--
INFO: Run Behavior\ContentReplaceBehavior [ RunTime:0.000357s ]
INFO: [ template_filter ] --END-- [ RunTime:0.000897s ]
INFO: Run Behavior\ParseTemplateBehavior [ RunTime:0.022140s ]
INFO: [ view_parse ] --END-- [ RunTime:0.022796s ]
INFO: [ view_filter ] --START--
INFO: Run Behavior\WriteHtmlCacheBehavior [ RunTime:0.001309s ]
INFO: [ view_filter ] --END-- [ RunTime:0.002028s ]
INFO: [ app_end ] --START--
INFO: Run Behavior\ShowPageTraceBehavior [ RunTime:0.002081s ]
INFO: [ app_end ] --END-- [ RunTime:0.002604s ]

[ 2017-07-21T22:01:49+08:00 ] ::1 /Plum/1/Login/Index.html
INFO: [ app_init ] --START--
INFO: Run Behavior\BuildLiteBehavior [ RunTime:0.000076s ]
INFO: [ app_init ] --END-- [ RunTime:0.001220s ]
INFO: [ app_begin ] --START--
INFO: Run Behavior\ReadHtmlCacheBehavior [ RunTime:0.001483s ]
INFO: [ app_begin ] --END-- [ RunTime:0.002048s ]
INFO: [ view_parse ] --START--
INFO: [ template_filter ] --START--
INFO: Run Behavior\ContentReplaceBehavior [ RunTime:0.000323s ]
INFO: [ template_filter ] --END-- [ RunTime:0.001024s ]
INFO: Run Behavior\ParseTemplateBehavior [ RunTime:0.023727s ]
INFO: [ view_parse ] --END-- [ RunTime:0.024265s ]
INFO: [ view_filter ] --START--
INFO: Run Behavior\WriteHtmlCacheBehavior [ RunTime:0.000834s ]
INFO: [ view_filter ] --END-- [ RunTime:0.001174s ]
INFO: [ app_end ] --START--
INFO: Run Behavior\ShowPageTraceBehavior [ RunTime:0.001362s ]
INFO: [ app_end ] --END-- [ RunTime:0.001700s ]

[ 2017-07-21T22:01:50+08:00 ] ::1 /Plum/1/Login/Index.html
INFO: [ app_init ] --START--
INFO: Run Behavior\BuildLiteBehavior [ RunTime:0.000116s ]
INFO: [ app_init ] --END-- [ RunTime:0.002094s ]
INFO: [ app_begin ] --START--
INFO: Run Behavior\ReadHtmlCacheBehavior [ RunTime:0.002349s ]
INFO: [ app_begin ] --END-- [ RunTime:0.002953s ]
INFO: [ view_parse ] --START--
INFO: [ template_filter ] --START--
INFO: Run Behavior\ContentReplaceBehavior [ RunTime:0.000196s ]
INFO: [ template_filter ] --END-- [ RunTime:0.000585s ]
INFO: Run Behavior\ParseTemplateBehavior [ RunTime:0.022538s ]
INFO: [ view_parse ] --END-- [ RunTime:0.023092s ]
INFO: [ view_filter ] --START--
INFO: Run Behavior\WriteHtmlCacheBehavior [ RunTime:0.001161s ]
INFO: [ view_filter ] --END-- [ RunTime:0.001759s ]
INFO: [ app_end ] --START--
INFO: Run Behavior\ShowPageTraceBehavior [ RunTime:0.001801s ]
INFO: [ app_end ] --END-- [ RunTime:0.002264s ]

[ 2017-07-21T22:01:51+08:00 ] ::1 /Plum/1/
INFO: [ app_init ] --START--
INFO: Run Behavior\BuildLiteBehavior [ RunTime:0.000073s ]
INFO: [ app_init ] --END-- [ RunTime:0.001072s ]
INFO: [ app_begin ] --START--
INFO: Run Behavior\ReadHtmlCacheBehavior [ RunTime:0.001132s ]
INFO: [ app_begin ] --END-- [ RunTime:0.001542s ]
SQL: SHOW COLUMNS FROM `saya_system` [ RunTime:0.0259s ]
SQL: SELECT `sLoginTimeout` FROM `saya_system` WHERE ( sId=1 ) LIMIT 1   [ RunTime:0.0008s ]
INFO: [ view_parse ] --START--
INFO: [ template_filter ] --START--
INFO: Run Behavior\ContentReplaceBehavior [ RunTime:0.000229s ]
INFO: [ template_filter ] --END-- [ RunTime:0.000629s ]
INFO: Run Behavior\ParseTemplateBehavior [ RunTime:0.020791s ]
INFO: [ view_parse ] --END-- [ RunTime:0.021309s ]
INFO: [ view_filter ] --START--
INFO: Run Behavior\WriteHtmlCacheBehavior [ RunTime:0.000900s ]
INFO: [ view_filter ] --END-- [ RunTime:0.001242s ]

[ 2017-07-21T22:01:54+08:00 ] ::1 /Plum/1/login/index.html
INFO: [ app_init ] --START--
INFO: Run Behavior\BuildLiteBehavior [ RunTime:0.000073s ]
INFO: [ app_init ] --END-- [ RunTime:0.001078s ]
INFO: [ app_begin ] --START--
INFO: Run Behavior\ReadHtmlCacheBehavior [ RunTime:0.001105s ]
INFO: [ app_begin ] --END-- [ RunTime:0.001501s ]
SQL: SHOW COLUMNS FROM `saya_system` [ RunTime:0.0088s ]
SQL: SELECT `sLogo`,`sName`,`sCopyrightName`,`sCopyrightAuthor`,`sCheckCodeSwitch`,`sVersion`,`sCopyrightAuthorTel`,`sCopyrightAuthorQQ` FROM `saya_system` WHERE ( sId=1 ) LIMIT 1   [ RunTime:0.0009s ]
INFO: [ view_parse ] --START--
INFO: [ template_filter ] --START--
INFO: Run Behavior\ContentReplaceBehavior [ RunTime:0.000260s ]
INFO: [ template_filter ] --END-- [ RunTime:0.000776s ]
NOTIC: [8] Undefined index: sname E:\wampserver\www\Plum\1\Application\Runtime\Cache\Personnelsystem\a451a05b0825cb45a2701106fb08940a.php 第 9 行.
INFO: Run Behavior\ParseTemplateBehavior [ RunTime:0.038569s ]
INFO: [ view_parse ] --END-- [ RunTime:0.039079s ]
INFO: [ view_filter ] --START--
INFO: Run Behavior\WriteHtmlCacheBehavior [ RunTime:0.001339s ]
INFO: [ view_filter ] --END-- [ RunTime:0.002018s ]
INFO: [ app_end ] --START--
INFO: Run Behavior\ShowPageTraceBehavior [ RunTime:0.002067s ]
INFO: [ app_end ] --END-- [ RunTime:0.002426s ]

[ 2017-07-21T22:02:03+08:00 ] ::1 /Plum/1/Personnelsystem/Index/
INFO: [ app_init ] --START--
INFO: Run Behavior\BuildLiteBehavior [ RunTime:0.000076s ]
INFO: [ app_init ] --END-- [ RunTime:0.001213s ]
INFO: [ app_begin ] --START--
INFO: Run Behavior\ReadHtmlCacheBehavior [ RunTime:0.001091s ]
INFO: [ app_begin ] --END-- [ RunTime:0.001473s ]
SQL: SHOW COLUMNS FROM `saya_system` [ RunTime:0.0094s ]
SQL: SELECT `sLoginTimeout` FROM `saya_system` WHERE ( sId=1 ) LIMIT 1   [ RunTime:0.0007s ]
SQL: SELECT `sLoginTimeout` FROM `saya_system` WHERE ( sId=1 ) LIMIT 1   [ RunTime:0.0006s ]
SQL: SELECT `sName`,`sDepartment`,`sCopyrightName`,`sCopyrightAuthor`,`sVersion`,`sCopyrightAuthorTel`,`sCopyrightAuthorQQ` FROM `saya_system` WHERE ( sId=1 ) LIMIT 1   [ RunTime:0.0007s ]
SQL: SHOW COLUMNS FROM `saya_admin_role` [ RunTime:0.0281s ]
NOTIC: [8] Undefined variable: morepowersValue E:\wampserver\www\Plum\1\Application\Personnelsystem\Controller\IndexController.class.php 第 30 行.
SQL: SHOW COLUMNS FROM `saya_department` [ RunTime:0.0075s ]
ERR: SQLSTATE[42000]: Syntax error or access violation: 1064 You have an error in your SQL syntax; check the manual that corresponds to your MySQL server version for the right syntax to use near ') LIMIT 1' at line 1

[ 2017-07-21T22:02:04+08:00 ] ::1 /Plum/1/login/
INFO: [ app_init ] --START--
INFO: Run Behavior\BuildLiteBehavior [ RunTime:0.000130s ]
INFO: [ app_init ] --END-- [ RunTime:0.001687s ]
INFO: [ app_begin ] --START--
INFO: Run Behavior\ReadHtmlCacheBehavior [ RunTime:0.001165s ]
INFO: [ app_begin ] --END-- [ RunTime:0.001547s ]
SQL: SHOW COLUMNS FROM `saya_system` [ RunTime:0.0078s ]
SQL: SELECT `sLogo`,`sName`,`sCopyrightName`,`sCopyrightAuthor`,`sCheckCodeSwitch`,`sVersion`,`sCopyrightAuthorTel`,`sCopyrightAuthorQQ` FROM `saya_system` WHERE ( sId=1 ) LIMIT 1   [ RunTime:0.0009s ]
INFO: [ view_parse ] --START--
INFO: [ template_filter ] --START--
INFO: Run Behavior\ContentReplaceBehavior [ RunTime:0.000381s ]
INFO: [ template_filter ] --END-- [ RunTime:0.001037s ]
NOTIC: [8] Undefined index: sname E:\wampserver\www\Plum\1\Application\Runtime\Cache\Personnelsystem\a451a05b0825cb45a2701106fb08940a.php 第 9 行.
INFO: Run Behavior\ParseTemplateBehavior [ RunTime:0.022754s ]
INFO: [ view_parse ] --END-- [ RunTime:0.023277s ]
INFO: [ view_filter ] --START--
INFO: Run Behavior\WriteHtmlCacheBehavior [ RunTime:0.000869s ]
INFO: [ view_filter ] --END-- [ RunTime:0.001197s ]
INFO: [ app_end ] --START--
INFO: Run Behavior\ShowPageTraceBehavior [ RunTime:0.001396s ]
INFO: [ app_end ] --END-- [ RunTime:0.001734s ]

[ 2017-07-21T22:02:06+08:00 ] ::1 /Plum/1/Personnelsystem/Login/CheckLogin/
INFO: [ app_init ] --START--
INFO: Run Behavior\BuildLiteBehavior [ RunTime:0.000075s ]
INFO: [ app_init ] --END-- [ RunTime:0.001101s ]
INFO: [ app_begin ] --START--
INFO: Run Behavior\ReadHtmlCacheBehavior [ RunTime:0.001634s ]
INFO: [ app_begin ] --END-- [ RunTime:0.002447s ]
SQL: SHOW COLUMNS FROM `saya_system` [ RunTime:0.0086s ]
SQL: SELECT `sCheckCodeSwitch`,`sErrorPwdLockNum`,`sLoginTimeout` FROM `saya_system` WHERE ( sId=1 ) LIMIT 1   [ RunTime:0.0008s ]
SQL: SHOW COLUMNS FROM `saya_admin` [ RunTime:0.0227s ]
SQL: SELECT * FROM `saya_admin` WHERE ( aUser='system' OR aTel='system' ) LIMIT 1   [ RunTime:0.0012s ]
SQL: UPDATE `saya_admin` SET `aLoginNum`='26',`aErrorPwdNum`='0' WHERE ( aUser='system' OR aTel='system' ) [ RunTime:0.0635s ]
INFO: [ view_parse ] --START--
INFO: [ template_filter ] --START--
INFO: Run Behavior\ContentReplaceBehavior [ RunTime:0.000310s ]
INFO: [ template_filter ] --END-- [ RunTime:0.000922s ]
INFO: Run Behavior\ParseTemplateBehavior [ RunTime:0.019434s ]
INFO: [ view_parse ] --END-- [ RunTime:0.020101s ]
INFO: [ view_filter ] --START--
INFO: Run Behavior\WriteHtmlCacheBehavior [ RunTime:0.001410s ]
INFO: [ view_filter ] --END-- [ RunTime:0.002099s ]
INFO: [ app_end ] --START--
INFO: Run Behavior\ShowPageTraceBehavior [ RunTime:0.001585s ]
INFO: [ app_end ] --END-- [ RunTime:0.002087s ]

[ 2017-07-21T22:02:08+08:00 ] ::1 /Plum/1/Index.html
INFO: [ app_init ] --START--
INFO: Run Behavior\BuildLiteBehavior [ RunTime:0.000142s ]
INFO: [ app_init ] --END-- [ RunTime:0.002135s ]
INFO: [ app_begin ] --START--
INFO: Run Behavior\ReadHtmlCacheBehavior [ RunTime:0.001844s ]
INFO: [ app_begin ] --END-- [ RunTime:0.002670s ]
SQL: SHOW COLUMNS FROM `saya_system` [ RunTime:0.0089s ]
SQL: SELECT `sLoginTimeout` FROM `saya_system` WHERE ( sId=1 ) LIMIT 1   [ RunTime:0.0009s ]
SQL: SELECT `sLoginTimeout` FROM `saya_system` WHERE ( sId=1 ) LIMIT 1   [ RunTime:0.0007s ]
SQL: SELECT `sName`,`sDepartment`,`sCopyrightName`,`sCopyrightAuthor`,`sVersion`,`sCopyrightAuthorTel`,`sCopyrightAuthorQQ` FROM `saya_system` WHERE ( sId=1 ) LIMIT 1   [ RunTime:0.0009s ]
SQL: SHOW COLUMNS FROM `saya_admin_role` [ RunTime:0.0076s ]
NOTIC: [8] Undefined variable: morepowersValue E:\wampserver\www\Plum\1\Application\Personnelsystem\Controller\IndexController.class.php 第 30 行.
SQL: SHOW COLUMNS FROM `saya_department` [ RunTime:0.0083s ]
SQL: SELECT * FROM `saya_department` WHERE ( dId=0 ) LIMIT 1   [ RunTime:0.0197s ]
SQL: SELECT `sLoginTimeout` FROM `saya_system` WHERE ( sId=1 ) LIMIT 1   [ RunTime:0.0006s ]
SQL: SELECT `sLoginTimeout` FROM `saya_system` WHERE ( sId=1 ) LIMIT 1   [ RunTime:0.0005s ]
SQL: SHOW COLUMNS FROM `saya_staff` [ RunTime:0.0095s ]
SQL: SELECT COUNT(*) AS tp_count FROM `saya_staff` WHERE `stBirthdate` LIKE '%07-21%' AND `stBirthdateType` = 1 LIMIT 1   [ RunTime:0.0408s ]
SQL: SELECT COUNT(*) AS tp_count FROM `saya_staff` WHERE `stBirthdate` LIKE '%06-28%' AND `stBirthdateType` = 2 LIMIT 1   [ RunTime:0.0009s ]
SQL: SHOW COLUMNS FROM `saya_hdmenu` [ RunTime:0.0393s ]
SQL: SELECT * FROM `saya_hdmenu`  [ RunTime:0.0009s ]
INFO: [ view_parse ] --START--
INFO: [ template_filter ] --START--
INFO: Run Behavior\ContentReplaceBehavior [ RunTime:0.000578s ]
INFO: [ template_filter ] --END-- [ RunTime:0.000946s ]
NOTIC: [8] Undefined variable: rs_users E:\wampserver\www\Plum\1\Application\Runtime\Cache\Personnelsystem\893122f858811a5339e67690bf0a2103.php 第 32 行.
NOTIC: [8] Undefined variable: rs_admin E:\wampserver\www\Plum\1\Application\Runtime\Cache\Personnelsystem\893122f858811a5339e67690bf0a2103.php 第 32 行.
INFO: Run Behavior\ParseTemplateBehavior [ RunTime:0.061306s ]
INFO: [ view_parse ] --END-- [ RunTime:0.061851s ]
INFO: [ view_filter ] --START--
INFO: Run Behavior\WriteHtmlCacheBehavior [ RunTime:0.000857s ]
INFO: [ view_filter ] --END-- [ RunTime:0.001180s ]
INFO: [ app_end ] --START--
INFO: Run Behavior\ShowPageTraceBehavior [ RunTime:0.001441s ]
INFO: [ app_end ] --END-- [ RunTime:0.001992s ]

[ 2017-07-21T22:02:08+08:00 ] ::1 /Plum/1/Index/welcome
INFO: [ app_init ] --START--
INFO: Run Behavior\BuildLiteBehavior [ RunTime:0.000074s ]
INFO: [ app_init ] --END-- [ RunTime:0.001117s ]
INFO: [ app_begin ] --START--
INFO: Run Behavior\ReadHtmlCacheBehavior [ RunTime:0.001247s ]
INFO: [ app_begin ] --END-- [ RunTime:0.001791s ]
SQL: SHOW COLUMNS FROM `saya_system` [ RunTime:0.0093s ]
SQL: SELECT `sLoginTimeout` FROM `saya_system` WHERE ( sId=1 ) LIMIT 1   [ RunTime:0.0007s ]
SQL: SELECT `sLoginTimeout` FROM `saya_system` WHERE ( sId=1 ) LIMIT 1   [ RunTime:0.0006s ]
SQL: SHOW COLUMNS FROM `saya_admin` [ RunTime:0.0070s ]
SQL: SELECT `aLoginNum` FROM `saya_admin` WHERE ( aUser='system' ) LIMIT 1   [ RunTime:0.0008s ]
SQL: SHOW COLUMNS FROM `saya_admin_role` [ RunTime:0.0091s ]
NOTIC: [8] Undefined variable: morepowersValue E:\wampserver\www\Plum\1\Application\Personnelsystem\Controller\IndexController.class.php 第 76 行.
SQL: SHOW COLUMNS FROM `saya_hdmenu` [ RunTime:0.0071s ]
SQL: SELECT * FROM `saya_hdmenu`  [ RunTime:0.0006s ]
SQL: SELECT COUNT(*) AS tp_count FROM `saya_admin_role` LIMIT 1   [ RunTime:0.0007s ]
SQL: SELECT COUNT(*) AS tp_count FROM `saya_admin` LIMIT 1   [ RunTime:0.0008s ]
SQL: SHOW COLUMNS FROM `saya_department` [ RunTime:0.0098s ]
SQL: SELECT COUNT(*) AS tp_count FROM `saya_department` LIMIT 1   [ RunTime:0.0007s ]
SQL: SHOW COLUMNS FROM `saya_staff` [ RunTime:0.0094s ]
SQL: SELECT COUNT(*) AS tp_count FROM `saya_staff` WHERE ( stBlacklist=0 ) LIMIT 1   [ RunTime:0.0009s ]
SQL: SELECT COUNT(*) AS tp_count FROM `saya_staff` WHERE ( stJobState=1 AND stBlacklist=0 ) LIMIT 1   [ RunTime:0.0011s ]
SQL: SELECT COUNT(*) AS tp_count FROM `saya_staff` WHERE ( stJobState=0 AND stBlacklist=0 ) LIMIT 1   [ RunTime:0.0007s ]
SQL: SELECT COUNT(*) AS tp_count FROM `saya_staff` WHERE ( stBlacklist=1 ) LIMIT 1   [ RunTime:0.0007s ]
SQL: SELECT `sName`,`sCopyrightName`,`sCopyrightAuthor`,`sCopyrightAuthorTel`,`sCopyrightAuthorQQ` FROM `saya_system` WHERE ( sId=1 ) LIMIT 1   [ RunTime:0.0008s ]
INFO: [ view_parse ] --START--
INFO: [ template_filter ] --START--
INFO: Run Behavior\ContentReplaceBehavior [ RunTime:0.000514s ]
INFO: [ template_filter ] --END-- [ RunTime:0.001042s ]
INFO: Run Behavior\ParseTemplateBehavior [ RunTime:0.039779s ]
INFO: [ view_parse ] --END-- [ RunTime:0.040222s ]
INFO: [ view_filter ] --START--
INFO: Run Behavior\WriteHtmlCacheBehavior [ RunTime:0.000919s ]
INFO: [ view_filter ] --END-- [ RunTime:0.001328s ]
INFO: [ app_end ] --START--
INFO: Run Behavior\ShowPageTraceBehavior [ RunTime:0.002121s ]
INFO: [ app_end ] --END-- [ RunTime:0.002779s ]

[ 2017-07-21T22:02:10+08:00 ] ::1 /Plum/1/Department/add
INFO: [ app_init ] --START--
INFO: Run Behavior\BuildLiteBehavior [ RunTime:0.000142s ]
INFO: [ app_init ] --END-- [ RunTime:0.001778s ]
INFO: [ app_begin ] --START--
INFO: Run Behavior\ReadHtmlCacheBehavior [ RunTime:0.001679s ]
INFO: [ app_begin ] --END-- [ RunTime:0.002422s ]
SQL: SHOW COLUMNS FROM `saya_system` [ RunTime:0.0070s ]
SQL: SELECT `sLoginTimeout` FROM `saya_system` WHERE ( sId=1 ) LIMIT 1   [ RunTime:0.0007s ]
SQL: SELECT `sLoginTimeout` FROM `saya_system` WHERE ( sId=1 ) LIMIT 1   [ RunTime:0.0006s ]
SQL: SELECT `sDepartment` FROM `saya_system` WHERE ( sId=1 ) LIMIT 1   [ RunTime:0.0006s ]
INFO: [ view_parse ] --START--
INFO: [ template_filter ] --START--
INFO: Run Behavior\ContentReplaceBehavior [ RunTime:0.000458s ]
INFO: [ template_filter ] --END-- [ RunTime:0.000989s ]
INFO: Run Behavior\ParseTemplateBehavior [ RunTime:0.026179s ]
INFO: [ view_parse ] --END-- [ RunTime:0.026824s ]
INFO: [ view_filter ] --START--
INFO: Run Behavior\WriteHtmlCacheBehavior [ RunTime:0.001184s ]
INFO: [ view_filter ] --END-- [ RunTime:0.001647s ]
INFO: [ app_end ] --START--
INFO: Run Behavior\ShowPageTraceBehavior [ RunTime:0.002335s ]
INFO: [ app_end ] --END-- [ RunTime:0.003043s ]

[ 2017-07-21T22:02:22+08:00 ] ::1 /Plum/1/Personnelsystem/Department/AddAction
INFO: [ app_init ] --START--
INFO: Run Behavior\BuildLiteBehavior [ RunTime:0.000117s ]
INFO: [ app_init ] --END-- [ RunTime:0.001396s ]
INFO: [ app_begin ] --START--
INFO: Run Behavior\ReadHtmlCacheBehavior [ RunTime:0.001154s ]
INFO: [ app_begin ] --END-- [ RunTime:0.001934s ]
SQL: SHOW COLUMNS FROM `saya_system` [ RunTime:0.0069s ]
SQL: SELECT `sLoginTimeout` FROM `saya_system` WHERE ( sId=1 ) LIMIT 1   [ RunTime:0.0007s ]
SQL: SELECT `sLoginTimeout` FROM `saya_system` WHERE ( sId=1 ) LIMIT 1   [ RunTime:0.0006s ]
SQL: SHOW COLUMNS FROM `saya_order_info` [ RunTime:0.0083s ]
SQL: INSERT INTO `saya_order_info` (`order_sn`,`order_type`,`mobile`,`outtime`,`add_time`,`order_status_name`) VALUES ('123456','1','','0','2017-07-21 22:02:22','未接单') [ RunTime:0.2194s ]
INFO: [ view_parse ] --START--
INFO: [ template_filter ] --START--
INFO: Run Behavior\ContentReplaceBehavior [ RunTime:0.000323s ]
INFO: [ template_filter ] --END-- [ RunTime:0.001097s ]
INFO: Run Behavior\ParseTemplateBehavior [ RunTime:0.023232s ]
INFO: [ view_parse ] --END-- [ RunTime:0.023984s ]
INFO: [ view_filter ] --START--
INFO: Run Behavior\WriteHtmlCacheBehavior [ RunTime:0.001126s ]
INFO: [ view_filter ] --END-- [ RunTime:0.001609s ]
INFO: [ app_end ] --START--
INFO: Run Behavior\ShowPageTraceBehavior [ RunTime:0.001501s ]
INFO: [ app_end ] --END-- [ RunTime:0.002015s ]

[ 2017-07-21T22:02:24+08:00 ] ::1 /Plum/1/Department/add
INFO: [ app_init ] --START--
INFO: Run Behavior\BuildLiteBehavior [ RunTime:0.000075s ]
INFO: [ app_init ] --END-- [ RunTime:0.001261s ]
INFO: [ app_begin ] --START--
INFO: Run Behavior\ReadHtmlCacheBehavior [ RunTime:0.001717s ]
INFO: [ app_begin ] --END-- [ RunTime:0.002262s ]
SQL: SHOW COLUMNS FROM `saya_system` [ RunTime:0.0077s ]
SQL: SELECT `sLoginTimeout` FROM `saya_system` WHERE ( sId=1 ) LIMIT 1   [ RunTime:0.0006s ]
SQL: SELECT `sLoginTimeout` FROM `saya_system` WHERE ( sId=1 ) LIMIT 1   [ RunTime:0.0006s ]
SQL: SELECT `sDepartment` FROM `saya_system` WHERE ( sId=1 ) LIMIT 1   [ RunTime:0.0006s ]
INFO: [ view_parse ] --START--
INFO: [ template_filter ] --START--
INFO: Run Behavior\ContentReplaceBehavior [ RunTime:0.000341s ]
INFO: [ template_filter ] --END-- [ RunTime:0.000717s ]
INFO: Run Behavior\ParseTemplateBehavior [ RunTime:0.020331s ]
INFO: [ view_parse ] --END-- [ RunTime:0.020892s ]
INFO: [ view_filter ] --START--
INFO: Run Behavior\WriteHtmlCacheBehavior [ RunTime:0.001248s ]
INFO: [ view_filter ] --END-- [ RunTime:0.001765s ]
INFO: [ app_end ] --START--
INFO: Run Behavior\ShowPageTraceBehavior [ RunTime:0.001475s ]
INFO: [ app_end ] --END-- [ RunTime:0.001856s ]

[ 2017-07-21T22:02:26+08:00 ] ::1 /Plum/1/Personnelsystem/Department/listsedit/status/0
INFO: [ app_init ] --START--
INFO: Run Behavior\BuildLiteBehavior [ RunTime:0.000133s ]
INFO: [ app_init ] --END-- [ RunTime:0.001710s ]
INFO: [ app_begin ] --START--
INFO: Run Behavior\ReadHtmlCacheBehavior [ RunTime:0.001347s ]
INFO: [ app_begin ] --END-- [ RunTime:0.001780s ]
SQL: SHOW COLUMNS FROM `saya_system` [ RunTime:0.0078s ]
SQL: SELECT `sLoginTimeout` FROM `saya_system` WHERE ( sId=1 ) LIMIT 1   [ RunTime:0.0007s ]
SQL: SELECT `sLoginTimeout` FROM `saya_system` WHERE ( sId=1 ) LIMIT 1   [ RunTime:0.0006s ]
SQL: SHOW COLUMNS FROM `saya_order_info` [ RunTime:0.0131s ]
SQL: SHOW COLUMNS FROM `saya_staff` [ RunTime:0.0096s ]
SQL: SELECT * FROM `saya_order_info` WHERE ( del_flag<>1 AND order_status=0 )  [ RunTime:0.0022s ]
SQL: SELECT * FROM `saya_staff` WHERE ( stJobState = 1 )  [ RunTime:0.0011s ]
INFO: [ view_parse ] --START--
INFO: [ template_filter ] --START--
INFO: Run Behavior\ContentReplaceBehavior [ RunTime:0.000600s ]
INFO: [ template_filter ] --END-- [ RunTime:0.001293s ]
NOTIC: [8] Undefined index: status E:\wampserver\www\Plum\1\Application\Runtime\Cache\Personnelsystem\0047855372178aedb9f750800de692f7.php 第 80 行.
NOTIC: [8] Undefined index: status E:\wampserver\www\Plum\1\Application\Runtime\Cache\Personnelsystem\0047855372178aedb9f750800de692f7.php 第 80 行.
NOTIC: [8] Undefined index: status E:\wampserver\www\Plum\1\Application\Runtime\Cache\Personnelsystem\0047855372178aedb9f750800de692f7.php 第 80 行.
NOTIC: [8] Undefined index: status E:\wampserver\www\Plum\1\Application\Runtime\Cache\Personnelsystem\0047855372178aedb9f750800de692f7.php 第 80 行.
NOTIC: [8] Undefined index: status E:\wampserver\www\Plum\1\Application\Runtime\Cache\Personnelsystem\0047855372178aedb9f750800de692f7.php 第 80 行.
NOTIC: [8] Undefined index: status E:\wampserver\www\Plum\1\Application\Runtime\Cache\Personnelsystem\0047855372178aedb9f750800de692f7.php 第 80 行.
NOTIC: [8] Undefined index: status E:\wampserver\www\Plum\1\Application\Runtime\Cache\Personnelsystem\0047855372178aedb9f750800de692f7.php 第 80 行.
NOTIC: [8] Undefined index: status E:\wampserver\www\Plum\1\Application\Runtime\Cache\Personnelsystem\0047855372178aedb9f750800de692f7.php 第 80 行.
NOTIC: [8] Undefined index: status E:\wampserver\www\Plum\1\Application\Runtime\Cache\Personnelsystem\0047855372178aedb9f750800de692f7.php 第 80 行.
NOTIC: [8] Undefined index: status E:\wampserver\www\Plum\1\Application\Runtime\Cache\Personnelsystem\0047855372178aedb9f750800de692f7.php 第 80 行.
NOTIC: [8] Undefined index: status E:\wampserver\www\Plum\1\Application\Runtime\Cache\Personnelsystem\0047855372178aedb9f750800de692f7.php 第 80 行.
NOTIC: [8] Undefined index: status E:\wampserver\www\Plum\1\Application\Runtime\Cache\Personnelsystem\0047855372178aedb9f750800de692f7.php 第 80 行.
NOTIC: [8] Undefined index: status E:\wampserver\www\Plum\1\Application\Runtime\Cache\Personnelsystem\0047855372178aedb9f750800de692f7.php 第 80 行.
INFO: Run Behavior\ParseTemplateBehavior [ RunTime:0.052081s ]
INFO: [ view_parse ] --END-- [ RunTime:0.052559s ]
INFO: [ view_filter ] --START--
INFO: Run Behavior\WriteHtmlCacheBehavior [ RunTime:0.000944s ]
INFO: [ view_filter ] --END-- [ RunTime:0.001271s ]
INFO: [ app_end ] --START--
INFO: Run Behavior\ShowPageTraceBehavior [ RunTime:0.001642s ]
INFO: [ app_end ] --END-- [ RunTime:0.002193s ]

[ 2017-07-21T22:02:27+08:00 ] ::1 /Plum/1/Personnelsystem/Department/listsedit/status/duanhongbo.jpg
INFO: [ app_init ] --START--
INFO: Run Behavior\BuildLiteBehavior [ RunTime:0.000126s ]
INFO: [ app_init ] --END-- [ RunTime:0.001633s ]

[ 2017-07-21T22:02:27+08:00 ] ::1 /Plum/1/Personnelsystem/Department/listsedit/status/Public/Order/20170709/59621c9f6583b.png
INFO: [ app_init ] --START--
INFO: Run Behavior\BuildLiteBehavior [ RunTime:0.000129s ]
INFO: [ app_init ] --END-- [ RunTime:0.001750s ]

[ 2017-07-21T22:02:27+08:00 ] ::1 /Plum/1/Personnelsystem/Department/listsedit/status/Uploads/Order/20170708/59608dadc4db6.png
INFO: [ app_init ] --START--
INFO: Run Behavior\BuildLiteBehavior [ RunTime:0.000139s ]
INFO: [ app_init ] --END-- [ RunTime:0.001806s ]

[ 2017-07-21T22:02:27+08:00 ] ::1 /Plum/1/Personnelsystem/Department/listsedit/status/263039537591352542.png
INFO: [ app_init ] --START--
INFO: Run Behavior\BuildLiteBehavior [ RunTime:0.000147s ]
INFO: [ app_init ] --END-- [ RunTime:0.008342s ]

[ 2017-07-21T22:02:27+08:00 ] ::1 /Plum/1/Personnelsystem/Department/listsedit/status/uploads/Order/20170709/5962253d6b65e.jpg
INFO: [ app_init ] --START--
INFO: Run Behavior\BuildLiteBehavior [ RunTime:0.000148s ]
INFO: [ app_init ] --END-- [ RunTime:0.001709s ]

[ 2017-07-21T22:02:27+08:00 ] ::1 /Plum/1/Personnelsystem/Department/listsedit/status/Uploads/Order/20170709/596224cd73db6.jpg
INFO: [ app_init ] --START--
INFO: Run Behavior\BuildLiteBehavior [ RunTime:0.000166s ]
INFO: [ app_init ] --END-- [ RunTime:0.001955s ]

[ 2017-07-21T22:02:27+08:00 ] ::1 /Plum/1/Personnelsystem/Department/listsedit/status/Uploads/Order/20170709/59610ff298c1e.png
INFO: [ app_init ] --START--
INFO: Run Behavior\BuildLiteBehavior [ RunTime:0.000139s ]
INFO: [ app_init ] --END-- [ RunTime:0.001843s ]

[ 2017-07-21T22:02:27+08:00 ] ::1 /Plum/1/Personnelsystem/Department/listsedit/status/uploads/Order/20170709/596225608e1ae.png
INFO: [ app_init ] --START--
INFO: Run Behavior\BuildLiteBehavior [ RunTime:0.000148s ]
INFO: [ app_init ] --END-- [ RunTime:0.001749s ]

[ 2017-07-21T22:02:33+08:00 ] ::1 /Plum/1/Personnelsystem/Department/add
INFO: [ app_init ] --START--
INFO: Run Behavior\BuildLiteBehavior [ RunTime:0.000074s ]
INFO: [ app_init ] --END-- [ RunTime:0.001088s ]
INFO: [ app_begin ] --START--
INFO: Run Behavior\ReadHtmlCacheBehavior [ RunTime:0.001886s ]
INFO: [ app_begin ] --END-- [ RunTime:0.002563s ]
SQL: SHOW COLUMNS FROM `saya_system` [ RunTime:0.0074s ]
SQL: SELECT `sLoginTimeout` FROM `saya_system` WHERE ( sId=1 ) LIMIT 1   [ RunTime:0.0007s ]
SQL: SELECT `sLoginTimeout` FROM `saya_system` WHERE ( sId=1 ) LIMIT 1   [ RunTime:0.0006s ]
SQL: SELECT `sDepartment` FROM `saya_system` WHERE ( sId=1 ) LIMIT 1   [ RunTime:0.0007s ]
INFO: [ view_parse ] --START--
INFO: [ template_filter ] --START--
INFO: Run Behavior\ContentReplaceBehavior [ RunTime:0.000502s ]
INFO: [ template_filter ] --END-- [ RunTime:0.000912s ]
INFO: Run Behavior\ParseTemplateBehavior [ RunTime:0.017930s ]
INFO: [ view_parse ] --END-- [ RunTime:0.018442s ]
INFO: [ view_filter ] --START--
INFO: Run Behavior\WriteHtmlCacheBehavior [ RunTime:0.001342s ]
INFO: [ view_filter ] --END-- [ RunTime:0.001980s ]
INFO: [ app_end ] --START--
INFO: Run Behavior\ShowPageTraceBehavior [ RunTime:0.002183s ]
INFO: [ app_end ] --END-- [ RunTime:0.002925s ]

[ 2017-07-21T22:02:49+08:00 ] ::1 /Plum/1/Personnelsystem/Department/AddAction
INFO: [ app_init ] --START--
INFO: Run Behavior\BuildLiteBehavior [ RunTime:0.000138s ]
INFO: [ app_init ] --END-- [ RunTime:0.002059s ]
INFO: [ app_begin ] --START--
INFO: Run Behavior\ReadHtmlCacheBehavior [ RunTime:0.001101s ]
INFO: [ app_begin ] --END-- [ RunTime:0.001638s ]
SQL: SHOW COLUMNS FROM `saya_system` [ RunTime:0.0078s ]
SQL: SELECT `sLoginTimeout` FROM `saya_system` WHERE ( sId=1 ) LIMIT 1   [ RunTime:0.0008s ]
SQL: SELECT `sLoginTimeout` FROM `saya_system` WHERE ( sId=1 ) LIMIT 1   [ RunTime:0.0007s ]
SQL: SHOW COLUMNS FROM `saya_order_info` [ RunTime:0.0093s ]
ERR: SQLSTATE[23000]: Integrity constraint violation: 1062 Duplicate entry '123456' for key 'order_sn'

[ 2017-07-21T22:03:58+08:00 ] ::1 /Plum/1/Personnelsystem/Department/AddAction
INFO: [ app_init ] --START--
INFO: Run Behavior\BuildLiteBehavior [ RunTime:0.000120s ]
INFO: [ app_init ] --END-- [ RunTime:0.001705s ]
INFO: [ app_begin ] --START--
INFO: Run Behavior\ReadHtmlCacheBehavior [ RunTime:0.001837s ]
INFO: [ app_begin ] --END-- [ RunTime:0.002598s ]
SQL: SHOW COLUMNS FROM `saya_system` [ RunTime:0.0081s ]
SQL: SELECT `sLoginTimeout` FROM `saya_system` WHERE ( sId=1 ) LIMIT 1   [ RunTime:0.0005s ]
SQL: SELECT `sLoginTimeout` FROM `saya_system` WHERE ( sId=1 ) LIMIT 1   [ RunTime:0.0005s ]
SQL: SHOW COLUMNS FROM `saya_order_info` [ RunTime:0.0087s ]
SQL: INSERT INTO `saya_order_info` (`order_sn`,`order_type`,`mobile`,`outtime`,`add_time`,`order_status_name`) VALUES ('123456','2','18811346689','70','2017-07-21 22:03:57','未接单') [ RunTime:0.1347s ]
INFO: [ view_parse ] --START--
INFO: [ template_filter ] --START--
INFO: Run Behavior\ContentReplaceBehavior [ RunTime:0.000246s ]
INFO: [ template_filter ] --END-- [ RunTime:0.000640s ]
INFO: Run Behavior\ParseTemplateBehavior [ RunTime:0.019868s ]
INFO: [ view_parse ] --END-- [ RunTime:0.020437s ]
INFO: [ view_filter ] --START--
INFO: Run Behavior\WriteHtmlCacheBehavior [ RunTime:0.001127s ]
INFO: [ view_filter ] --END-- [ RunTime:0.001473s ]
INFO: [ app_end ] --START--
INFO: Run Behavior\ShowPageTraceBehavior [ RunTime:0.001448s ]
INFO: [ app_end ] --END-- [ RunTime:0.001942s ]

[ 2017-07-21T22:03:59+08:00 ] ::1 /Plum/1/Personnelsystem/Department/add
INFO: [ app_init ] --START--
INFO: Run Behavior\BuildLiteBehavior [ RunTime:0.000142s ]
INFO: [ app_init ] --END-- [ RunTime:0.001802s ]
INFO: [ app_begin ] --START--
INFO: Run Behavior\ReadHtmlCacheBehavior [ RunTime:0.001299s ]
INFO: [ app_begin ] --END-- [ RunTime:0.001692s ]
SQL: SHOW COLUMNS FROM `saya_system` [ RunTime:0.0066s ]
SQL: SELECT `sLoginTimeout` FROM `saya_system` WHERE ( sId=1 ) LIMIT 1   [ RunTime:0.0006s ]
SQL: SELECT `sLoginTimeout` FROM `saya_system` WHERE ( sId=1 ) LIMIT 1   [ RunTime:0.0006s ]
SQL: SELECT `sDepartment` FROM `saya_system` WHERE ( sId=1 ) LIMIT 1   [ RunTime:0.0006s ]
INFO: [ view_parse ] --START--
INFO: [ template_filter ] --START--
INFO: Run Behavior\ContentReplaceBehavior [ RunTime:0.000543s ]
INFO: [ template_filter ] --END-- [ RunTime:0.001239s ]
INFO: Run Behavior\ParseTemplateBehavior [ RunTime:0.021151s ]
INFO: [ view_parse ] --END-- [ RunTime:0.021748s ]
INFO: [ view_filter ] --START--
INFO: Run Behavior\WriteHtmlCacheBehavior [ RunTime:0.001389s ]
INFO: [ view_filter ] --END-- [ RunTime:0.002126s ]
INFO: [ app_end ] --START--
INFO: Run Behavior\ShowPageTraceBehavior [ RunTime:0.003198s ]
INFO: [ app_end ] --END-- [ RunTime:0.006269s ]

