[ 2017-07-05T22:49:40+08:00 ] ::1 /plum/1/index.php
INFO: [ app_init ] --START--
INFO: Run Behavior\BuildLiteBehavior [ RunTime:0.000071s ]
INFO: [ app_init ] --END-- [ RunTime:0.001126s ]
INFO: [ app_begin ] --START--
INFO: Run Behavior\ReadHtmlCacheBehavior [ RunTime:0.001551s ]
INFO: [ app_begin ] --END-- [ RunTime:0.001937s ]
ERR: SQLSTATE[HY000] [1045] Access denied for user 'toot'@'localhost' (using password: YES)

[ 2017-07-05T22:49:56+08:00 ] ::1 /plum/1/index.php
INFO: [ app_init ] --START--
INFO: Run Behavior\BuildLiteBehavior [ RunTime:0.000070s ]
INFO: [ app_init ] --END-- [ RunTime:0.001163s ]
INFO: [ app_begin ] --START--
INFO: Run Behavior\ReadHtmlCacheBehavior [ RunTime:0.001625s ]
INFO: [ app_begin ] --END-- [ RunTime:0.002036s ]
ERR: SQLSTATE[42S02]: Base table or view not found: 1146 Table 'saya.sayasystem' doesn't exist

[ 2017-07-05T22:51:29+08:00 ] ::1 /plum/1/index.php
INFO: [ app_init ] --START--
INFO: Run Behavior\BuildLiteBehavior [ RunTime:0.000121s ]
INFO: [ app_init ] --END-- [ RunTime:0.001819s ]
INFO: [ app_begin ] --START--
INFO: Run Behavior\ReadHtmlCacheBehavior [ RunTime:0.002477s ]
INFO: [ app_begin ] --END-- [ RunTime:0.003180s ]
SQL: SHOW COLUMNS FROM `saya_system` [ RunTime:0.0064s ]
SQL: SELECT `sLoginTimeout` FROM `saya_system` WHERE ( sId=1 ) LIMIT 1   [ RunTime:0.0006s ]
SQL: SELECT `sLoginTimeout` FROM `saya_system` WHERE ( sId=1 ) LIMIT 1   [ RunTime:0.0005s ]
SQL: SELECT `sName`,`sDepartment`,`sCopyrightName`,`sCopyrightAuthor`,`sVersion`,`sCopyrightAuthorTel`,`sCopyrightAuthorQQ` FROM `saya_system` WHERE ( sId=1 ) LIMIT 1   [ RunTime:0.0006s ]
ERR: SQLSTATE[42S02]: Base table or view not found: 1146 Table 'saya.saya_admin_role' doesn't exist

[ 2017-07-05T22:51:30+08:00 ] ::1 /plum/1/login/
INFO: [ app_init ] --START--
INFO: Run Behavior\BuildLiteBehavior [ RunTime:0.000072s ]
INFO: [ app_init ] --END-- [ RunTime:0.001169s ]
INFO: [ app_begin ] --START--
INFO: Run Behavior\ReadHtmlCacheBehavior [ RunTime:0.002450s ]
INFO: [ app_begin ] --END-- [ RunTime:0.003095s ]
SQL: SHOW COLUMNS FROM `saya_system` [ RunTime:0.0071s ]
SQL: SELECT `sLogo`,`sName`,`sCopyrightName`,`sCopyrightAuthor`,`sCheckCodeSwitch`,`sVersion`,`sCopyrightAuthorTel`,`sCopyrightAuthorQQ` FROM `saya_system` WHERE ( sId=1 ) LIMIT 1   [ RunTime:0.0008s ]
INFO: [ view_parse ] --START--
INFO: [ template_filter ] --START--
INFO: Run Behavior\ContentReplaceBehavior [ RunTime:0.000227s ]
INFO: [ template_filter ] --END-- [ RunTime:0.000587s ]
INFO: Run Behavior\ParseTemplateBehavior [ RunTime:0.204832s ]
INFO: [ view_parse ] --END-- [ RunTime:0.205477s ]
INFO: [ view_filter ] --START--
INFO: Run Behavior\WriteHtmlCacheBehavior [ RunTime:0.001321s ]
INFO: [ view_filter ] --END-- [ RunTime:0.001758s ]
INFO: [ app_end ] --START--
INFO: Run Behavior\ShowPageTraceBehavior [ RunTime:0.001624s ]
INFO: [ app_end ] --END-- [ RunTime:0.001971s ]

[ 2017-07-05T22:51:30+08:00 ] ::1 /Plum/1/
INFO: [ app_init ] --START--
INFO: Run Behavior\BuildLiteBehavior [ RunTime:0.000123s ]
INFO: [ app_init ] --END-- [ RunTime:0.001960s ]
INFO: [ app_begin ] --START--
INFO: Run Behavior\ReadHtmlCacheBehavior [ RunTime:0.001688s ]
INFO: [ app_begin ] --END-- [ RunTime:0.002174s ]
SQL: SHOW COLUMNS FROM `saya_system` [ RunTime:0.0088s ]
SQL: SELECT `sLoginTimeout` FROM `saya_system` WHERE ( sId=1 ) LIMIT 1   [ RunTime:0.0032s ]
INFO: [ view_parse ] --START--
INFO: [ template_filter ] --START--
INFO: Run Behavior\ContentReplaceBehavior [ RunTime:0.000208s ]
INFO: [ template_filter ] --END-- [ RunTime:0.000583s ]
INFO: Run Behavior\ParseTemplateBehavior [ RunTime:0.095675s ]
INFO: [ view_parse ] --END-- [ RunTime:0.096063s ]
INFO: [ view_filter ] --START--
INFO: Run Behavior\WriteHtmlCacheBehavior [ RunTime:0.001152s ]
INFO: [ view_filter ] --END-- [ RunTime:0.001682s ]

[ 2017-07-05T22:52:10+08:00 ] ::1 /Plum/1/Personnelsystem/Login/CheckLogin/
INFO: [ app_init ] --START--
INFO: Run Behavior\BuildLiteBehavior [ RunTime:0.000073s ]
INFO: [ app_init ] --END-- [ RunTime:0.001432s ]
INFO: [ app_begin ] --START--
INFO: Run Behavior\ReadHtmlCacheBehavior [ RunTime:0.001635s ]
INFO: [ app_begin ] --END-- [ RunTime:0.002001s ]
SQL: SHOW COLUMNS FROM `saya_system` [ RunTime:0.0092s ]
SQL: SELECT `sCheckCodeSwitch`,`sErrorPwdLockNum`,`sLoginTimeout` FROM `saya_system` WHERE ( sId=1 ) LIMIT 1   [ RunTime:0.0006s ]
SQL: SHOW COLUMNS FROM `saya_admin` [ RunTime:0.0099s ]
SQL: SELECT * FROM `saya_admin` WHERE ( aUser='事实上' OR aTel='事实上' ) LIMIT 1   [ RunTime:0.0007s ]
INFO: [ view_parse ] --START--
INFO: [ template_filter ] --START--
INFO: Run Behavior\ContentReplaceBehavior [ RunTime:0.000187s ]
INFO: [ template_filter ] --END-- [ RunTime:0.000549s ]
INFO: Run Behavior\ParseTemplateBehavior [ RunTime:0.018018s ]
INFO: [ view_parse ] --END-- [ RunTime:0.018373s ]
INFO: [ view_filter ] --START--
INFO: Run Behavior\WriteHtmlCacheBehavior [ RunTime:0.001071s ]
INFO: [ view_filter ] --END-- [ RunTime:0.001388s ]

[ 2017-07-05T22:52:14+08:00 ] ::1 /Plum/1/
INFO: [ app_init ] --START--
INFO: Run Behavior\BuildLiteBehavior [ RunTime:0.000085s ]
INFO: [ app_init ] --END-- [ RunTime:0.001389s ]
INFO: [ app_begin ] --START--
INFO: Run Behavior\ReadHtmlCacheBehavior [ RunTime:0.002639s ]
INFO: [ app_begin ] --END-- [ RunTime:0.003276s ]
SQL: SHOW COLUMNS FROM `saya_system` [ RunTime:0.0081s ]
SQL: SELECT `sLoginTimeout` FROM `saya_system` WHERE ( sId=1 ) LIMIT 1   [ RunTime:0.0007s ]
SQL: SELECT `sLoginTimeout` FROM `saya_system` WHERE ( sId=1 ) LIMIT 1   [ RunTime:0.0005s ]
SQL: SELECT `sName`,`sDepartment`,`sCopyrightName`,`sCopyrightAuthor`,`sVersion`,`sCopyrightAuthorTel`,`sCopyrightAuthorQQ` FROM `saya_system` WHERE ( sId=1 ) LIMIT 1   [ RunTime:0.0007s ]
ERR: SQLSTATE[42S02]: Base table or view not found: 1146 Table 'saya.saya_admin_role' doesn't exist

[ 2017-07-05T22:55:24+08:00 ] ::1 /plum/1/login/
INFO: [ app_init ] --START--
INFO: Run Behavior\BuildLiteBehavior [ RunTime:0.000079s ]
INFO: [ app_init ] --END-- [ RunTime:0.001185s ]
INFO: [ app_begin ] --START--
INFO: Run Behavior\ReadHtmlCacheBehavior [ RunTime:0.002315s ]
INFO: [ app_begin ] --END-- [ RunTime:0.003118s ]
SQL: SHOW COLUMNS FROM `saya_system` [ RunTime:0.0073s ]
SQL: SELECT `sLogo`,`sName`,`sCopyrightName`,`sCopyrightAuthor`,`sCheckCodeSwitch`,`sVersion`,`sCopyrightAuthorTel`,`sCopyrightAuthorQQ` FROM `saya_system` WHERE ( sId=1 ) LIMIT 1   [ RunTime:0.0006s ]
INFO: [ view_parse ] --START--
INFO: [ template_filter ] --START--
INFO: Run Behavior\ContentReplaceBehavior [ RunTime:0.000329s ]
INFO: [ template_filter ] --END-- [ RunTime:0.000912s ]
INFO: Run Behavior\ParseTemplateBehavior [ RunTime:0.022788s ]
INFO: [ view_parse ] --END-- [ RunTime:0.023280s ]
INFO: [ view_filter ] --START--
INFO: Run Behavior\WriteHtmlCacheBehavior [ RunTime:0.000924s ]
INFO: [ view_filter ] --END-- [ RunTime:0.001232s ]
INFO: [ app_end ] --START--
INFO: Run Behavior\ShowPageTraceBehavior [ RunTime:0.001374s ]
INFO: [ app_end ] --END-- [ RunTime:0.001695s ]

[ 2017-07-05T22:55:24+08:00 ] ::1 /Plum/1/
INFO: [ app_init ] --START--
INFO: Run Behavior\BuildLiteBehavior [ RunTime:0.000080s ]
INFO: [ app_init ] --END-- [ RunTime:0.001215s ]
INFO: [ app_begin ] --START--
INFO: Run Behavior\ReadHtmlCacheBehavior [ RunTime:0.001451s ]
INFO: [ app_begin ] --END-- [ RunTime:0.001852s ]
SQL: SHOW COLUMNS FROM `saya_system` [ RunTime:0.0066s ]
SQL: SELECT `sLoginTimeout` FROM `saya_system` WHERE ( sId=1 ) LIMIT 1   [ RunTime:0.0005s ]
INFO: [ view_parse ] --START--
INFO: [ template_filter ] --START--
INFO: Run Behavior\ContentReplaceBehavior [ RunTime:0.000204s ]
INFO: [ template_filter ] --END-- [ RunTime:0.000553s ]
INFO: Run Behavior\ParseTemplateBehavior [ RunTime:0.017930s ]
INFO: [ view_parse ] --END-- [ RunTime:0.018315s ]
INFO: [ view_filter ] --START--
INFO: Run Behavior\WriteHtmlCacheBehavior [ RunTime:0.000887s ]
INFO: [ view_filter ] --END-- [ RunTime:0.001201s ]

[ 2017-07-05T22:55:25+08:00 ] ::1 /Plum/1/Public/Theme1/login/js/jquery-1.10.2.min.map
INFO: [ app_init ] --START--
INFO: Run Behavior\BuildLiteBehavior [ RunTime:0.000069s ]
INFO: [ app_init ] --END-- [ RunTime:0.001133s ]
INFO: [ app_begin ] --START--
INFO: Run Behavior\ReadHtmlCacheBehavior [ RunTime:0.002085s ]
INFO: [ app_begin ] --END-- [ RunTime:0.002619s ]
ERR: 无法加载控制器:Public

[ 2017-07-05T22:55:41+08:00 ] ::1 /plum/1/login/
INFO: [ app_init ] --START--
INFO: Run Behavior\BuildLiteBehavior [ RunTime:0.000070s ]
INFO: [ app_init ] --END-- [ RunTime:0.001110s ]
INFO: [ app_begin ] --START--
INFO: Run Behavior\ReadHtmlCacheBehavior [ RunTime:0.001448s ]
INFO: [ app_begin ] --END-- [ RunTime:0.001799s ]
SQL: SHOW COLUMNS FROM `saya_system` [ RunTime:0.0418s ]
SQL: SELECT `sLogo`,`sName`,`sCopyrightName`,`sCopyrightAuthor`,`sCheckCodeSwitch`,`sVersion`,`sCopyrightAuthorTel`,`sCopyrightAuthorQQ` FROM `saya_system` WHERE ( sId=1 ) LIMIT 1   [ RunTime:0.0006s ]
INFO: [ view_parse ] --START--
INFO: [ template_filter ] --START--
INFO: Run Behavior\ContentReplaceBehavior [ RunTime:0.000398s ]
INFO: [ template_filter ] --END-- [ RunTime:0.001112s ]
INFO: Run Behavior\ParseTemplateBehavior [ RunTime:0.022840s ]
INFO: [ view_parse ] --END-- [ RunTime:0.023370s ]
INFO: [ view_filter ] --START--
INFO: Run Behavior\WriteHtmlCacheBehavior [ RunTime:0.001418s ]
INFO: [ view_filter ] --END-- [ RunTime:0.002035s ]
INFO: [ app_end ] --START--
INFO: Run Behavior\ShowPageTraceBehavior [ RunTime:0.001838s ]
INFO: [ app_end ] --END-- [ RunTime:0.002177s ]

[ 2017-07-05T22:55:41+08:00 ] ::1 /Plum/1/
INFO: [ app_init ] --START--
INFO: Run Behavior\BuildLiteBehavior [ RunTime:0.000136s ]
INFO: [ app_init ] --END-- [ RunTime:0.001777s ]
INFO: [ app_begin ] --START--
INFO: Run Behavior\ReadHtmlCacheBehavior [ RunTime:0.002074s ]
INFO: [ app_begin ] --END-- [ RunTime:0.002762s ]
SQL: SHOW COLUMNS FROM `saya_system` [ RunTime:0.0084s ]
SQL: SELECT `sLoginTimeout` FROM `saya_system` WHERE ( sId=1 ) LIMIT 1   [ RunTime:0.0006s ]
SQL: SELECT `sLoginTimeout` FROM `saya_system` WHERE ( sId=1 ) LIMIT 1   [ RunTime:0.0005s ]
SQL: SELECT `sName`,`sDepartment`,`sCopyrightName`,`sCopyrightAuthor`,`sVersion`,`sCopyrightAuthorTel`,`sCopyrightAuthorQQ` FROM `saya_system` WHERE ( sId=1 ) LIMIT 1   [ RunTime:0.0006s ]
ERR: SQLSTATE[42S02]: Base table or view not found: 1146 Table 'saya.saya_admin_role' doesn't exist

[ 2017-07-05T22:55:43+08:00 ] ::1 /Plum/1/Public/Theme1/login/js/jquery-1.10.2.min.map
INFO: [ app_init ] --START--
INFO: Run Behavior\BuildLiteBehavior [ RunTime:0.000132s ]
INFO: [ app_init ] --END-- [ RunTime:0.001659s ]
INFO: [ app_begin ] --START--
INFO: Run Behavior\ReadHtmlCacheBehavior [ RunTime:0.001716s ]
INFO: [ app_begin ] --END-- [ RunTime:0.002366s ]
ERR: 无法加载控制器:Public

[ 2017-07-05T22:56:05+08:00 ] ::1 /Plum/1/Personnelsystem/Login/CheckLogin/
INFO: [ app_init ] --START--
INFO: Run Behavior\BuildLiteBehavior [ RunTime:0.000071s ]
INFO: [ app_init ] --END-- [ RunTime:0.001019s ]
INFO: [ app_begin ] --START--
INFO: Run Behavior\ReadHtmlCacheBehavior [ RunTime:0.001046s ]
INFO: [ app_begin ] --END-- [ RunTime:0.001419s ]
SQL: SHOW COLUMNS FROM `saya_system` [ RunTime:0.0064s ]
SQL: SELECT `sCheckCodeSwitch`,`sErrorPwdLockNum`,`sLoginTimeout` FROM `saya_system` WHERE ( sId=1 ) LIMIT 1   [ RunTime:0.0006s ]
SQL: SHOW COLUMNS FROM `saya_admin` [ RunTime:0.0059s ]
SQL: SELECT * FROM `saya_admin` WHERE ( aUser='事实上' OR aTel='事实上' ) LIMIT 1   [ RunTime:0.0007s ]
INFO: [ view_parse ] --START--
INFO: [ template_filter ] --START--
INFO: Run Behavior\ContentReplaceBehavior [ RunTime:0.000207s ]
INFO: [ template_filter ] --END-- [ RunTime:0.000614s ]
INFO: Run Behavior\ParseTemplateBehavior [ RunTime:0.016974s ]
INFO: [ view_parse ] --END-- [ RunTime:0.017324s ]
INFO: [ view_filter ] --START--
INFO: Run Behavior\WriteHtmlCacheBehavior [ RunTime:0.001054s ]
INFO: [ view_filter ] --END-- [ RunTime:0.001522s ]

[ 2017-07-05T22:56:10+08:00 ] ::1 /Plum/1/
INFO: [ app_init ] --START--
INFO: Run Behavior\BuildLiteBehavior [ RunTime:0.000071s ]
INFO: [ app_init ] --END-- [ RunTime:0.001074s ]
INFO: [ app_begin ] --START--
INFO: Run Behavior\ReadHtmlCacheBehavior [ RunTime:0.001075s ]
INFO: [ app_begin ] --END-- [ RunTime:0.001423s ]
SQL: SHOW COLUMNS FROM `saya_system` [ RunTime:0.0075s ]
SQL: SELECT `sLoginTimeout` FROM `saya_system` WHERE ( sId=1 ) LIMIT 1   [ RunTime:0.0006s ]
INFO: [ view_parse ] --START--
INFO: [ template_filter ] --START--
INFO: Run Behavior\ContentReplaceBehavior [ RunTime:0.000347s ]
INFO: [ template_filter ] --END-- [ RunTime:0.001057s ]
INFO: Run Behavior\ParseTemplateBehavior [ RunTime:0.024089s ]
INFO: [ view_parse ] --END-- [ RunTime:0.024448s ]
INFO: [ view_filter ] --START--
INFO: Run Behavior\WriteHtmlCacheBehavior [ RunTime:0.000856s ]
INFO: [ view_filter ] --END-- [ RunTime:0.001235s ]

[ 2017-07-05T22:56:11+08:00 ] ::1 /Plum/1/Public/Theme1/login/js/jquery-1.10.2.min.map
INFO: [ app_init ] --START--
INFO: Run Behavior\BuildLiteBehavior [ RunTime:0.000116s ]
INFO: [ app_init ] --END-- [ RunTime:0.001155s ]
INFO: [ app_begin ] --START--
INFO: Run Behavior\ReadHtmlCacheBehavior [ RunTime:0.002507s ]
INFO: [ app_begin ] --END-- [ RunTime:0.003111s ]
ERR: 无法加载控制器:Public

[ 2017-07-05T22:58:27+08:00 ] ::1 /Plum/1/Personnelsystem/Login/CheckLogin/
INFO: [ app_init ] --START--
INFO: Run Behavior\BuildLiteBehavior [ RunTime:0.000072s ]
INFO: [ app_init ] --END-- [ RunTime:0.001111s ]
INFO: [ app_begin ] --START--
INFO: Run Behavior\ReadHtmlCacheBehavior [ RunTime:0.001359s ]
INFO: [ app_begin ] --END-- [ RunTime:0.001737s ]
SQL: SHOW COLUMNS FROM `saya_system` [ RunTime:0.0065s ]
SQL: SELECT `sCheckCodeSwitch`,`sErrorPwdLockNum`,`sLoginTimeout` FROM `saya_system` WHERE ( sId=1 ) LIMIT 1   [ RunTime:0.0005s ]
SQL: SHOW COLUMNS FROM `saya_admin` [ RunTime:0.0250s ]
SQL: SELECT * FROM `saya_admin` WHERE ( aUser='system' OR aTel='system' ) LIMIT 1   [ RunTime:0.0007s ]
NOTIC: [8] Undefined index: aErrorPwdNum E:\wampserver\www\Plum\1\Application\Personnelsystem\Controller\LoginController.class.php 第 34 行.
INFO: [ view_parse ] --START--
INFO: [ template_filter ] --START--
INFO: Run Behavior\ContentReplaceBehavior [ RunTime:0.000244s ]
INFO: [ template_filter ] --END-- [ RunTime:0.000596s ]
INFO: Run Behavior\ParseTemplateBehavior [ RunTime:0.018503s ]
INFO: [ view_parse ] --END-- [ RunTime:0.018850s ]
INFO: [ view_filter ] --START--
INFO: Run Behavior\WriteHtmlCacheBehavior [ RunTime:0.000869s ]
INFO: [ view_filter ] --END-- [ RunTime:0.001179s ]

[ 2017-07-05T22:58:34+08:00 ] ::1 /Plum/1/
INFO: [ app_init ] --START--
INFO: Run Behavior\BuildLiteBehavior [ RunTime:0.000155s ]
INFO: [ app_init ] --END-- [ RunTime:0.001455s ]
INFO: [ app_begin ] --START--
INFO: Run Behavior\ReadHtmlCacheBehavior [ RunTime:0.001111s ]
INFO: [ app_begin ] --END-- [ RunTime:0.001490s ]
SQL: SHOW COLUMNS FROM `saya_system` [ RunTime:0.0071s ]
SQL: SELECT `sLoginTimeout` FROM `saya_system` WHERE ( sId=1 ) LIMIT 1   [ RunTime:0.0005s ]
SQL: SELECT `sLoginTimeout` FROM `saya_system` WHERE ( sId=1 ) LIMIT 1   [ RunTime:0.0004s ]
SQL: SELECT `sName`,`sDepartment`,`sCopyrightName`,`sCopyrightAuthor`,`sVersion`,`sCopyrightAuthorTel`,`sCopyrightAuthorQQ` FROM `saya_system` WHERE ( sId=1 ) LIMIT 1   [ RunTime:0.0007s ]
ERR: SQLSTATE[42S02]: Base table or view not found: 1146 Table 'saya.saya_admin_role' doesn't exist

[ 2017-07-05T22:58:35+08:00 ] ::1 /Plum/1/Public/Theme1/login/js/jquery-1.10.2.min.map
INFO: [ app_init ] --START--
INFO: Run Behavior\BuildLiteBehavior [ RunTime:0.000070s ]
INFO: [ app_init ] --END-- [ RunTime:0.001050s ]
INFO: [ app_begin ] --START--
INFO: Run Behavior\ReadHtmlCacheBehavior [ RunTime:0.001409s ]
INFO: [ app_begin ] --END-- [ RunTime:0.001910s ]
ERR: 无法加载控制器:Public

[ 2017-07-05T23:03:49+08:00 ] ::1 /Plum/1/Personnelsystem/Login/CheckLogin/
INFO: [ app_init ] --START--
INFO: Run Behavior\BuildLiteBehavior [ RunTime:0.000081s ]
INFO: [ app_init ] --END-- [ RunTime:0.001134s ]
INFO: [ app_begin ] --START--
INFO: Run Behavior\ReadHtmlCacheBehavior [ RunTime:0.001277s ]
INFO: [ app_begin ] --END-- [ RunTime:0.001644s ]
SQL: SHOW COLUMNS FROM `saya_system` [ RunTime:0.2679s ]
SQL: SELECT `sCheckCodeSwitch`,`sErrorPwdLockNum`,`sLoginTimeout` FROM `saya_system` WHERE ( sId=1 ) LIMIT 1   [ RunTime:0.0007s ]
NOTIC: [8] Undefined index: sCheckCodeSwitch E:\wampserver\www\Plum\1\Application\Personnelsystem\Controller\LoginController.class.php 第 21 行.
SQL: SHOW COLUMNS FROM `saya_admin` [ RunTime:0.0061s ]
SQL: SELECT * FROM `saya_admin` WHERE ( aUser='system' OR aTel='system' ) LIMIT 1   [ RunTime:0.0008s ]
NOTIC: [8] Undefined index: aErrorPwdNum E:\wampserver\www\Plum\1\Application\Personnelsystem\Controller\LoginController.class.php 第 34 行.
NOTIC: [8] Undefined index: sErrorPwdLockNum E:\wampserver\www\Plum\1\Application\Personnelsystem\Controller\LoginController.class.php 第 34 行.
NOTIC: [8] Undefined index: sErrorPwdLockNum E:\wampserver\www\Plum\1\Application\Personnelsystem\Controller\LoginController.class.php 第 35 行.
INFO: [ view_parse ] --START--
INFO: [ template_filter ] --START--
INFO: Run Behavior\ContentReplaceBehavior [ RunTime:0.000286s ]
INFO: [ template_filter ] --END-- [ RunTime:0.000744s ]
INFO: Run Behavior\ParseTemplateBehavior [ RunTime:0.017973s ]
INFO: [ view_parse ] --END-- [ RunTime:0.018334s ]
INFO: [ view_filter ] --START--
INFO: Run Behavior\WriteHtmlCacheBehavior [ RunTime:0.000902s ]
INFO: [ view_filter ] --END-- [ RunTime:0.001217s ]

[ 2017-07-05T23:03:56+08:00 ] ::1 /Plum/1/
INFO: [ app_init ] --START--
INFO: Run Behavior\BuildLiteBehavior [ RunTime:0.000078s ]
INFO: [ app_init ] --END-- [ RunTime:0.001301s ]
INFO: [ app_begin ] --START--
INFO: Run Behavior\ReadHtmlCacheBehavior [ RunTime:0.001634s ]
INFO: [ app_begin ] --END-- [ RunTime:0.002181s ]
SQL: SHOW COLUMNS FROM `saya_system` [ RunTime:0.0328s ]
SQL: SELECT `sLoginTimeout` FROM `saya_system` WHERE ( sId=1 ) LIMIT 1   [ RunTime:0.0007s ]
INFO: [ view_parse ] --START--
INFO: [ template_filter ] --START--
INFO: Run Behavior\ContentReplaceBehavior [ RunTime:0.000365s ]
INFO: [ template_filter ] --END-- [ RunTime:0.001207s ]
INFO: Run Behavior\ParseTemplateBehavior [ RunTime:0.023711s ]
INFO: [ view_parse ] --END-- [ RunTime:0.024376s ]
INFO: [ view_filter ] --START--
INFO: Run Behavior\WriteHtmlCacheBehavior [ RunTime:0.000983s ]
INFO: [ view_filter ] --END-- [ RunTime:0.001368s ]

[ 2017-07-05T23:03:57+08:00 ] ::1 /Plum/1/Public/Theme1/login/js/jquery-1.10.2.min.map
INFO: [ app_init ] --START--
INFO: Run Behavior\BuildLiteBehavior [ RunTime:0.000077s ]
INFO: [ app_init ] --END-- [ RunTime:0.001478s ]
INFO: [ app_begin ] --START--
INFO: Run Behavior\ReadHtmlCacheBehavior [ RunTime:0.001557s ]
INFO: [ app_begin ] --END-- [ RunTime:0.002323s ]
ERR: 无法加载控制器:Public

[ 2017-07-05T23:05:47+08:00 ] ::1 /plum/1/login/
INFO: [ app_init ] --START--
INFO: Run Behavior\BuildLiteBehavior [ RunTime:0.000076s ]
INFO: [ app_init ] --END-- [ RunTime:0.001163s ]
INFO: [ app_begin ] --START--
INFO: Run Behavior\ReadHtmlCacheBehavior [ RunTime:0.001482s ]
INFO: [ app_begin ] --END-- [ RunTime:0.001919s ]
SQL: SHOW COLUMNS FROM `saya_system` [ RunTime:0.0072s ]
SQL: SELECT `sLogo`,`sName`,`sCopyrightName`,`sCopyrightAuthor`,`sCheckCodeSwitch`,`sVersion`,`sCopyrightAuthorTel`,`sCopyrightAuthorQQ` FROM `saya_system` WHERE ( sId=1 ) LIMIT 1   [ RunTime:0.0008s ]
INFO: [ view_parse ] --START--
INFO: [ template_filter ] --START--
INFO: Run Behavior\ContentReplaceBehavior [ RunTime:0.000231s ]
INFO: [ template_filter ] --END-- [ RunTime:0.000640s ]
NOTIC: [8] Undefined index: sName E:\wampserver\www\Plum\1\Application\Runtime\Cache\Personnelsystem\a451a05b0825cb45a2701106fb08940a.php 第 9 行.
NOTIC: [8] Undefined index: sName E:\wampserver\www\Plum\1\Application\Runtime\Cache\Personnelsystem\a451a05b0825cb45a2701106fb08940a.php 第 28 行.
NOTIC: [8] Undefined index: sLogo E:\wampserver\www\Plum\1\Application\Runtime\Cache\Personnelsystem\a451a05b0825cb45a2701106fb08940a.php 第 30 行.
NOTIC: [8] Undefined index: sCheckCodeSwitch E:\wampserver\www\Plum\1\Application\Runtime\Cache\Personnelsystem\a451a05b0825cb45a2701106fb08940a.php 第 35 行.
INFO: Run Behavior\ParseTemplateBehavior [ RunTime:0.019787s ]
INFO: [ view_parse ] --END-- [ RunTime:0.020336s ]
INFO: [ view_filter ] --START--
INFO: Run Behavior\WriteHtmlCacheBehavior [ RunTime:0.001430s ]
INFO: [ view_filter ] --END-- [ RunTime:0.002106s ]
INFO: [ app_end ] --START--
INFO: Run Behavior\ShowPageTraceBehavior [ RunTime:0.002209s ]
INFO: [ app_end ] --END-- [ RunTime:0.002859s ]

[ 2017-07-05T23:05:48+08:00 ] ::1 /Plum/1/
INFO: [ app_init ] --START--
INFO: Run Behavior\BuildLiteBehavior [ RunTime:0.000121s ]
INFO: [ app_init ] --END-- [ RunTime:0.001711s ]
INFO: [ app_begin ] --START--
INFO: Run Behavior\ReadHtmlCacheBehavior [ RunTime:0.001100s ]
INFO: [ app_begin ] --END-- [ RunTime:0.001490s ]
SQL: SHOW COLUMNS FROM `saya_system` [ RunTime:0.0066s ]
SQL: SELECT `sLoginTimeout` FROM `saya_system` WHERE ( sId=1 ) LIMIT 1   [ RunTime:0.0006s ]
SQL: SELECT `sLoginTimeout` FROM `saya_system` WHERE ( sId=1 ) LIMIT 1   [ RunTime:0.0005s ]
NOTIC: [8] Undefined index: sLoginTimeout E:\wampserver\www\Plum\1\Application\Personnelsystem\Controller\LoginTrueController.class.php 第 11 行.
SQL: SELECT `sName`,`sDepartment`,`sCopyrightName`,`sCopyrightAuthor`,`sVersion`,`sCopyrightAuthorTel`,`sCopyrightAuthorQQ` FROM `saya_system` WHERE ( sId=1 ) LIMIT 1   [ RunTime:0.0007s ]
ERR: SQLSTATE[42S02]: Base table or view not found: 1146 Table 'saya.saya_admin_role' doesn't exist

[ 2017-07-05T23:05:50+08:00 ] ::1 /Plum/1/Public/Theme1/login/js/jquery-1.10.2.min.map
INFO: [ app_init ] --START--
INFO: Run Behavior\BuildLiteBehavior [ RunTime:0.000079s ]
INFO: [ app_init ] --END-- [ RunTime:0.001419s ]
INFO: [ app_begin ] --START--
INFO: Run Behavior\ReadHtmlCacheBehavior [ RunTime:0.002031s ]
INFO: [ app_begin ] --END-- [ RunTime:0.002728s ]
ERR: 无法加载控制器:Public

[ 2017-07-05T23:05:57+08:00 ] ::1 /Plum/1/Personnelsystem/Login/CheckLogin/
INFO: [ app_init ] --START--
INFO: Run Behavior\BuildLiteBehavior [ RunTime:0.000078s ]
INFO: [ app_init ] --END-- [ RunTime:0.001147s ]
INFO: [ app_begin ] --START--
INFO: Run Behavior\ReadHtmlCacheBehavior [ RunTime:0.001031s ]
INFO: [ app_begin ] --END-- [ RunTime:0.001443s ]
SQL: SHOW COLUMNS FROM `saya_system` [ RunTime:0.0071s ]
SQL: SELECT `sCheckCodeSwitch`,`sErrorPwdLockNum`,`sLoginTimeout` FROM `saya_system` WHERE ( sId=1 ) LIMIT 1   [ RunTime:0.0006s ]
NOTIC: [8] Undefined index: sCheckCodeSwitch E:\wampserver\www\Plum\1\Application\Personnelsystem\Controller\LoginController.class.php 第 21 行.
SQL: SHOW COLUMNS FROM `saya_admin` [ RunTime:0.0068s ]
SQL: SELECT * FROM `saya_admin` WHERE ( aUser='system' OR aTel='system' ) LIMIT 1   [ RunTime:0.0010s ]
NOTIC: [8] Undefined index: aErrorPwdNum E:\wampserver\www\Plum\1\Application\Personnelsystem\Controller\LoginController.class.php 第 34 行.
NOTIC: [8] Undefined index: sErrorPwdLockNum E:\wampserver\www\Plum\1\Application\Personnelsystem\Controller\LoginController.class.php 第 34 行.
NOTIC: [8] Undefined index: sErrorPwdLockNum E:\wampserver\www\Plum\1\Application\Personnelsystem\Controller\LoginController.class.php 第 35 行.
INFO: [ view_parse ] --START--
INFO: [ template_filter ] --START--
INFO: Run Behavior\ContentReplaceBehavior [ RunTime:0.000196s ]
INFO: [ template_filter ] --END-- [ RunTime:0.000606s ]
INFO: Run Behavior\ParseTemplateBehavior [ RunTime:0.017289s ]
INFO: [ view_parse ] --END-- [ RunTime:0.017862s ]
INFO: [ view_filter ] --START--
INFO: Run Behavior\WriteHtmlCacheBehavior [ RunTime:0.001451s ]
INFO: [ view_filter ] --END-- [ RunTime:0.002123s ]

[ 2017-07-05T23:06:04+08:00 ] ::1 /Plum/1/
INFO: [ app_init ] --START--
INFO: Run Behavior\BuildLiteBehavior [ RunTime:0.000078s ]
INFO: [ app_init ] --END-- [ RunTime:0.001042s ]
INFO: [ app_begin ] --START--
INFO: Run Behavior\ReadHtmlCacheBehavior [ RunTime:0.001138s ]
INFO: [ app_begin ] --END-- [ RunTime:0.001527s ]
SQL: SHOW COLUMNS FROM `saya_system` [ RunTime:0.0075s ]
SQL: SELECT `sLoginTimeout` FROM `saya_system` WHERE ( sId=1 ) LIMIT 1   [ RunTime:0.0007s ]
INFO: [ view_parse ] --START--
INFO: [ template_filter ] --START--
INFO: Run Behavior\ContentReplaceBehavior [ RunTime:0.000183s ]
INFO: [ template_filter ] --END-- [ RunTime:0.000531s ]
INFO: Run Behavior\ParseTemplateBehavior [ RunTime:0.023392s ]
INFO: [ view_parse ] --END-- [ RunTime:0.023891s ]
INFO: [ view_filter ] --START--
INFO: Run Behavior\WriteHtmlCacheBehavior [ RunTime:0.000872s ]
INFO: [ view_filter ] --END-- [ RunTime:0.001191s ]

[ 2017-07-05T23:06:05+08:00 ] ::1 /Plum/1/Public/Theme1/login/js/jquery-1.10.2.min.map
INFO: [ app_init ] --START--
INFO: Run Behavior\BuildLiteBehavior [ RunTime:0.000070s ]
INFO: [ app_init ] --END-- [ RunTime:0.001072s ]
INFO: [ app_begin ] --START--
INFO: Run Behavior\ReadHtmlCacheBehavior [ RunTime:0.001777s ]
INFO: [ app_begin ] --END-- [ RunTime:0.002529s ]
ERR: 无法加载控制器:Public

[ 2017-07-05T23:08:22+08:00 ] ::1 /plum/1/login/
INFO: [ app_init ] --START--
INFO: Run Behavior\BuildLiteBehavior [ RunTime:0.000071s ]
INFO: [ app_init ] --END-- [ RunTime:0.001116s ]
INFO: [ app_begin ] --START--
INFO: Run Behavior\ReadHtmlCacheBehavior [ RunTime:0.001324s ]
INFO: [ app_begin ] --END-- [ RunTime:0.001753s ]
SQL: SHOW COLUMNS FROM `saya_system` [ RunTime:0.0088s ]
SQL: SELECT `sLogo`,`sName`,`sCopyrightName`,`sCopyrightAuthor`,`sCheckCodeSwitch`,`sVersion`,`sCopyrightAuthorTel`,`sCopyrightAuthorQQ` FROM `saya_system` WHERE ( sId=1 ) LIMIT 1   [ RunTime:0.0009s ]
INFO: [ view_parse ] --START--
INFO: [ template_filter ] --START--
INFO: Run Behavior\ContentReplaceBehavior [ RunTime:0.000231s ]
INFO: [ template_filter ] --END-- [ RunTime:0.000640s ]
NOTIC: [8] Undefined index: sName E:\wampserver\www\Plum\1\Application\Runtime\Cache\Personnelsystem\a451a05b0825cb45a2701106fb08940a.php 第 9 行.
NOTIC: [8] Undefined index: sName E:\wampserver\www\Plum\1\Application\Runtime\Cache\Personnelsystem\a451a05b0825cb45a2701106fb08940a.php 第 28 行.
NOTIC: [8] Undefined index: sLogo E:\wampserver\www\Plum\1\Application\Runtime\Cache\Personnelsystem\a451a05b0825cb45a2701106fb08940a.php 第 30 行.
NOTIC: [8] Undefined index: sCheckCodeSwitch E:\wampserver\www\Plum\1\Application\Runtime\Cache\Personnelsystem\a451a05b0825cb45a2701106fb08940a.php 第 35 行.
INFO: Run Behavior\ParseTemplateBehavior [ RunTime:0.022710s ]
INFO: [ view_parse ] --END-- [ RunTime:0.023051s ]
INFO: [ view_filter ] --START--
INFO: Run Behavior\WriteHtmlCacheBehavior [ RunTime:0.000888s ]
INFO: [ view_filter ] --END-- [ RunTime:0.001199s ]
INFO: [ app_end ] --START--
INFO: Run Behavior\ShowPageTraceBehavior [ RunTime:0.001411s ]
INFO: [ app_end ] --END-- [ RunTime:0.001731s ]

[ 2017-07-05T23:08:23+08:00 ] ::1 /Plum/1/
INFO: [ app_init ] --START--
INFO: Run Behavior\BuildLiteBehavior [ RunTime:0.000155s ]
INFO: [ app_init ] --END-- [ RunTime:0.002544s ]
INFO: [ app_begin ] --START--
INFO: Run Behavior\ReadHtmlCacheBehavior [ RunTime:0.001639s ]
INFO: [ app_begin ] --END-- [ RunTime:0.002351s ]
SQL: SHOW COLUMNS FROM `saya_system` [ RunTime:0.0066s ]
SQL: SELECT `sLoginTimeout` FROM `saya_system` WHERE ( sId=1 ) LIMIT 1   [ RunTime:0.0007s ]
SQL: SELECT `sLoginTimeout` FROM `saya_system` WHERE ( sId=1 ) LIMIT 1   [ RunTime:0.0007s ]
NOTIC: [8] Undefined index: sLoginTimeout E:\wampserver\www\Plum\1\Application\Personnelsystem\Controller\LoginTrueController.class.php 第 11 行.
SQL: SELECT `sName`,`sDepartment`,`sCopyrightName`,`sCopyrightAuthor`,`sVersion`,`sCopyrightAuthorTel`,`sCopyrightAuthorQQ` FROM `saya_system` WHERE ( sId=1 ) LIMIT 1   [ RunTime:0.0008s ]
ERR: SQLSTATE[42S02]: Base table or view not found: 1146 Table 'saya.saya_admin_role' doesn't exist

[ 2017-07-05T23:08:24+08:00 ] ::1 /Plum/1/Public/Theme1/login/js/jquery-1.10.2.min.map
INFO: [ app_init ] --START--
INFO: Run Behavior\BuildLiteBehavior [ RunTime:0.000135s ]
INFO: [ app_init ] --END-- [ RunTime:0.001716s ]
INFO: [ app_begin ] --START--
INFO: Run Behavior\ReadHtmlCacheBehavior [ RunTime:0.001811s ]
INFO: [ app_begin ] --END-- [ RunTime:0.002616s ]
ERR: 无法加载控制器:Public

[ 2017-07-05T23:10:44+08:00 ] ::1 /plum/1/login/
INFO: [ app_init ] --START--
INFO: Run Behavior\BuildLiteBehavior [ RunTime:0.000147s ]
INFO: [ app_init ] --END-- [ RunTime:0.001815s ]
INFO: [ app_begin ] --START--
INFO: Run Behavior\ReadHtmlCacheBehavior [ RunTime:0.001310s ]
INFO: [ app_begin ] --END-- [ RunTime:0.001720s ]
SQL: SHOW COLUMNS FROM `saya_system` [ RunTime:0.0069s ]
SQL: SELECT `sLogo`,`sName`,`sCopyrightName`,`sCopyrightAuthor`,`sCheckCodeSwitch`,`sVersion`,`sCopyrightAuthorTel`,`sCopyrightAuthorQQ` FROM `saya_system` WHERE ( sId=1 ) LIMIT 1   [ RunTime:0.0007s ]
INFO: [ view_parse ] --START--
INFO: [ template_filter ] --START--
INFO: Run Behavior\ContentReplaceBehavior [ RunTime:0.000413s ]
INFO: [ template_filter ] --END-- [ RunTime:0.001223s ]
NOTIC: [8] Undefined index: sName E:\wampserver\www\Plum\1\Application\Runtime\Cache\Personnelsystem\a451a05b0825cb45a2701106fb08940a.php 第 9 行.
NOTIC: [8] Undefined index: sName E:\wampserver\www\Plum\1\Application\Runtime\Cache\Personnelsystem\a451a05b0825cb45a2701106fb08940a.php 第 28 行.
NOTIC: [8] Undefined index: sLogo E:\wampserver\www\Plum\1\Application\Runtime\Cache\Personnelsystem\a451a05b0825cb45a2701106fb08940a.php 第 30 行.
NOTIC: [8] Undefined index: sCheckCodeSwitch E:\wampserver\www\Plum\1\Application\Runtime\Cache\Personnelsystem\a451a05b0825cb45a2701106fb08940a.php 第 35 行.
INFO: Run Behavior\ParseTemplateBehavior [ RunTime:0.023475s ]
INFO: [ view_parse ] --END-- [ RunTime:0.023839s ]
INFO: [ view_filter ] --START--
INFO: Run Behavior\WriteHtmlCacheBehavior [ RunTime:0.000934s ]
INFO: [ view_filter ] --END-- [ RunTime:0.001298s ]
INFO: [ app_end ] --START--
INFO: Run Behavior\ShowPageTraceBehavior [ RunTime:0.001385s ]
INFO: [ app_end ] --END-- [ RunTime:0.001729s ]

[ 2017-07-05T23:10:44+08:00 ] ::1 /Plum/1/
INFO: [ app_init ] --START--
INFO: Run Behavior\BuildLiteBehavior [ RunTime:0.000099s ]
INFO: [ app_init ] --END-- [ RunTime:0.001218s ]
INFO: [ app_begin ] --START--
INFO: Run Behavior\ReadHtmlCacheBehavior [ RunTime:0.001560s ]
INFO: [ app_begin ] --END-- [ RunTime:0.002006s ]
SQL: SHOW COLUMNS FROM `saya_system` [ RunTime:0.0063s ]
SQL: SELECT `sLoginTimeout` FROM `saya_system` WHERE ( sId=1 ) LIMIT 1   [ RunTime:0.0006s ]
INFO: [ view_parse ] --START--
INFO: [ template_filter ] --START--
INFO: Run Behavior\ContentReplaceBehavior [ RunTime:0.000230s ]
INFO: [ template_filter ] --END-- [ RunTime:0.000712s ]
INFO: Run Behavior\ParseTemplateBehavior [ RunTime:0.021680s ]
INFO: [ view_parse ] --END-- [ RunTime:0.022062s ]
INFO: [ view_filter ] --START--
INFO: Run Behavior\WriteHtmlCacheBehavior [ RunTime:0.000981s ]
INFO: [ view_filter ] --END-- [ RunTime:0.001317s ]

[ 2017-07-05T23:10:46+08:00 ] ::1 /Plum/1/Public/Theme1/login/js/jquery-1.10.2.min.map
INFO: [ app_init ] --START--
INFO: Run Behavior\BuildLiteBehavior [ RunTime:0.000143s ]
INFO: [ app_init ] --END-- [ RunTime:0.001947s ]
INFO: [ app_begin ] --START--
INFO: Run Behavior\ReadHtmlCacheBehavior [ RunTime:0.002492s ]
INFO: [ app_begin ] --END-- [ RunTime:0.003455s ]
ERR: 无法加载控制器:Public

[ 2017-07-05T23:12:14+08:00 ] ::1 /plum/1/login/
INFO: [ app_init ] --START--
INFO: Run Behavior\BuildLiteBehavior [ RunTime:0.000069s ]
INFO: [ app_init ] --END-- [ RunTime:0.000990s ]
INFO: [ app_begin ] --START--
INFO: Run Behavior\ReadHtmlCacheBehavior [ RunTime:0.002933s ]
INFO: [ app_begin ] --END-- [ RunTime:0.003702s ]
SQL: SHOW COLUMNS FROM `saya_system` [ RunTime:0.0063s ]
SQL: SELECT `sLogo`,`sName`,`sCopyrightName`,`sCopyrightAuthor`,`sCheckCodeSwitch`,`sVersion`,`sCopyrightAuthorTel`,`sCopyrightAuthorQQ` FROM `saya_system` WHERE ( sId=1 ) LIMIT 1   [ RunTime:0.0008s ]
INFO: [ view_parse ] --START--
INFO: [ template_filter ] --START--
INFO: Run Behavior\ContentReplaceBehavior [ RunTime:0.000232s ]
INFO: [ template_filter ] --END-- [ RunTime:0.000646s ]
NOTIC: [8] Undefined index: sName E:\wampserver\www\Plum\1\Application\Runtime\Cache\Personnelsystem\a451a05b0825cb45a2701106fb08940a.php 第 9 行.
NOTIC: [8] Undefined index: sName E:\wampserver\www\Plum\1\Application\Runtime\Cache\Personnelsystem\a451a05b0825cb45a2701106fb08940a.php 第 28 行.
NOTIC: [8] Undefined index: sLogo E:\wampserver\www\Plum\1\Application\Runtime\Cache\Personnelsystem\a451a05b0825cb45a2701106fb08940a.php 第 30 行.
NOTIC: [8] Undefined index: sCheckCodeSwitch E:\wampserver\www\Plum\1\Application\Runtime\Cache\Personnelsystem\a451a05b0825cb45a2701106fb08940a.php 第 35 行.
INFO: Run Behavior\ParseTemplateBehavior [ RunTime:0.018898s ]
INFO: [ view_parse ] --END-- [ RunTime:0.019246s ]
INFO: [ view_filter ] --START--
INFO: Run Behavior\WriteHtmlCacheBehavior [ RunTime:0.000868s ]
INFO: [ view_filter ] --END-- [ RunTime:0.001218s ]
INFO: [ app_end ] --START--
INFO: Run Behavior\ShowPageTraceBehavior [ RunTime:0.001310s ]
INFO: [ app_end ] --END-- [ RunTime:0.001628s ]

[ 2017-07-05T23:12:14+08:00 ] ::1 /Plum/1/
INFO: [ app_init ] --START--
INFO: Run Behavior\BuildLiteBehavior [ RunTime:0.000086s ]
INFO: [ app_init ] --END-- [ RunTime:0.001380s ]
INFO: [ app_begin ] --START--
INFO: Run Behavior\ReadHtmlCacheBehavior [ RunTime:0.001543s ]
INFO: [ app_begin ] --END-- [ RunTime:0.001973s ]
SQL: SHOW COLUMNS FROM `saya_system` [ RunTime:0.0073s ]
SQL: SELECT `sLoginTimeout` FROM `saya_system` WHERE ( sId=1 ) LIMIT 1   [ RunTime:0.0006s ]
SQL: SELECT `sLoginTimeout` FROM `saya_system` WHERE ( sId=1 ) LIMIT 1   [ RunTime:0.0005s ]
NOTIC: [8] Undefined index: sLoginTimeout E:\wampserver\www\Plum\1\Application\Personnelsystem\Controller\LoginTrueController.class.php 第 11 行.
SQL: SELECT `sName`,`sDepartment`,`sCopyrightName`,`sCopyrightAuthor`,`sVersion`,`sCopyrightAuthorTel`,`sCopyrightAuthorQQ` FROM `saya_system` WHERE ( sId=1 ) LIMIT 1   [ RunTime:0.0005s ]
ERR: SQLSTATE[42S02]: Base table or view not found: 1146 Table 'saya.saya_admin_role' doesn't exist

[ 2017-07-05T23:12:17+08:00 ] ::1 /plum/1/login/
INFO: [ app_init ] --START--
INFO: Run Behavior\BuildLiteBehavior [ RunTime:0.000068s ]
INFO: [ app_init ] --END-- [ RunTime:0.001009s ]
INFO: [ app_begin ] --START--
INFO: Run Behavior\ReadHtmlCacheBehavior [ RunTime:0.001361s ]
INFO: [ app_begin ] --END-- [ RunTime:0.001698s ]
SQL: SHOW COLUMNS FROM `saya_system` [ RunTime:0.0252s ]
SQL: SELECT `sLogo`,`sName`,`sCopyrightName`,`sCopyrightAuthor`,`sCheckCodeSwitch`,`sVersion`,`sCopyrightAuthorTel`,`sCopyrightAuthorQQ` FROM `saya_system` WHERE ( sId=1 ) LIMIT 1   [ RunTime:0.0007s ]
INFO: [ view_parse ] --START--
INFO: [ template_filter ] --START--
INFO: Run Behavior\ContentReplaceBehavior [ RunTime:0.000239s ]
INFO: [ template_filter ] --END-- [ RunTime:0.000663s ]
NOTIC: [8] Undefined index: sName E:\wampserver\www\Plum\1\Application\Runtime\Cache\Personnelsystem\a451a05b0825cb45a2701106fb08940a.php 第 9 行.
NOTIC: [8] Undefined index: sName E:\wampserver\www\Plum\1\Application\Runtime\Cache\Personnelsystem\a451a05b0825cb45a2701106fb08940a.php 第 28 行.
NOTIC: [8] Undefined index: sLogo E:\wampserver\www\Plum\1\Application\Runtime\Cache\Personnelsystem\a451a05b0825cb45a2701106fb08940a.php 第 30 行.
NOTIC: [8] Undefined index: sCheckCodeSwitch E:\wampserver\www\Plum\1\Application\Runtime\Cache\Personnelsystem\a451a05b0825cb45a2701106fb08940a.php 第 35 行.
INFO: Run Behavior\ParseTemplateBehavior [ RunTime:0.020120s ]
INFO: [ view_parse ] --END-- [ RunTime:0.020589s ]
INFO: [ view_filter ] --START--
INFO: Run Behavior\WriteHtmlCacheBehavior [ RunTime:0.000944s ]
INFO: [ view_filter ] --END-- [ RunTime:0.001289s ]
INFO: [ app_end ] --START--
INFO: Run Behavior\ShowPageTraceBehavior [ RunTime:0.001450s ]
INFO: [ app_end ] --END-- [ RunTime:0.001797s ]

[ 2017-07-05T23:12:17+08:00 ] ::1 /Plum/1/
INFO: [ app_init ] --START--
INFO: Run Behavior\BuildLiteBehavior [ RunTime:0.000085s ]
INFO: [ app_init ] --END-- [ RunTime:0.001466s ]
INFO: [ app_begin ] --START--
INFO: Run Behavior\ReadHtmlCacheBehavior [ RunTime:0.001551s ]
INFO: [ app_begin ] --END-- [ RunTime:0.002035s ]
SQL: SHOW COLUMNS FROM `saya_system` [ RunTime:0.0066s ]
SQL: SELECT `sLoginTimeout` FROM `saya_system` WHERE ( sId=1 ) LIMIT 1   [ RunTime:0.0006s ]
INFO: [ view_parse ] --START--
INFO: [ template_filter ] --START--
INFO: Run Behavior\ContentReplaceBehavior [ RunTime:0.000350s ]
INFO: [ template_filter ] --END-- [ RunTime:0.000929s ]
INFO: Run Behavior\ParseTemplateBehavior [ RunTime:0.023454s ]
INFO: [ view_parse ] --END-- [ RunTime:0.023991s ]
INFO: [ view_filter ] --START--
INFO: Run Behavior\WriteHtmlCacheBehavior [ RunTime:0.000934s ]
INFO: [ view_filter ] --END-- [ RunTime:0.001273s ]

[ 2017-07-05T23:12:18+08:00 ] ::1 /plum/1/login/
INFO: [ app_init ] --START--
INFO: Run Behavior\BuildLiteBehavior [ RunTime:0.000085s ]
INFO: [ app_init ] --END-- [ RunTime:0.001107s ]
INFO: [ app_begin ] --START--
INFO: Run Behavior\ReadHtmlCacheBehavior [ RunTime:0.001755s ]
INFO: [ app_begin ] --END-- [ RunTime:0.002319s ]
SQL: SHOW COLUMNS FROM `saya_system` [ RunTime:0.0062s ]
SQL: SELECT `sLogo`,`sName`,`sCopyrightName`,`sCopyrightAuthor`,`sCheckCodeSwitch`,`sVersion`,`sCopyrightAuthorTel`,`sCopyrightAuthorQQ` FROM `saya_system` WHERE ( sId=1 ) LIMIT 1   [ RunTime:0.0007s ]
INFO: [ view_parse ] --START--
INFO: [ template_filter ] --START--
INFO: Run Behavior\ContentReplaceBehavior [ RunTime:0.000402s ]
INFO: [ template_filter ] --END-- [ RunTime:0.001071s ]
NOTIC: [8] Undefined index: sName E:\wampserver\www\Plum\1\Application\Runtime\Cache\Personnelsystem\a451a05b0825cb45a2701106fb08940a.php 第 9 行.
NOTIC: [8] Undefined index: sName E:\wampserver\www\Plum\1\Application\Runtime\Cache\Personnelsystem\a451a05b0825cb45a2701106fb08940a.php 第 28 行.
NOTIC: [8] Undefined index: sLogo E:\wampserver\www\Plum\1\Application\Runtime\Cache\Personnelsystem\a451a05b0825cb45a2701106fb08940a.php 第 30 行.
NOTIC: [8] Undefined index: sCheckCodeSwitch E:\wampserver\www\Plum\1\Application\Runtime\Cache\Personnelsystem\a451a05b0825cb45a2701106fb08940a.php 第 35 行.
INFO: Run Behavior\ParseTemplateBehavior [ RunTime:0.024783s ]
INFO: [ view_parse ] --END-- [ RunTime:0.025265s ]
INFO: [ view_filter ] --START--
INFO: Run Behavior\WriteHtmlCacheBehavior [ RunTime:0.001016s ]
INFO: [ view_filter ] --END-- [ RunTime:0.001376s ]
INFO: [ app_end ] --START--
INFO: Run Behavior\ShowPageTraceBehavior [ RunTime:0.001403s ]
INFO: [ app_end ] --END-- [ RunTime:0.001745s ]

[ 2017-07-05T23:12:19+08:00 ] ::1 /Plum/1/
INFO: [ app_init ] --START--
INFO: Run Behavior\BuildLiteBehavior [ RunTime:0.000087s ]
INFO: [ app_init ] --END-- [ RunTime:0.001136s ]
INFO: [ app_begin ] --START--
INFO: Run Behavior\ReadHtmlCacheBehavior [ RunTime:0.001602s ]
INFO: [ app_begin ] --END-- [ RunTime:0.002047s ]
SQL: SHOW COLUMNS FROM `saya_system` [ RunTime:0.0625s ]
SQL: SELECT `sLoginTimeout` FROM `saya_system` WHERE ( sId=1 ) LIMIT 1   [ RunTime:0.0006s ]
SQL: SELECT `sLoginTimeout` FROM `saya_system` WHERE ( sId=1 ) LIMIT 1   [ RunTime:0.0006s ]
NOTIC: [8] Undefined index: sLoginTimeout E:\wampserver\www\Plum\1\Application\Personnelsystem\Controller\LoginTrueController.class.php 第 11 行.
SQL: SELECT `sName`,`sDepartment`,`sCopyrightName`,`sCopyrightAuthor`,`sVersion`,`sCopyrightAuthorTel`,`sCopyrightAuthorQQ` FROM `saya_system` WHERE ( sId=1 ) LIMIT 1   [ RunTime:0.0006s ]
ERR: SQLSTATE[42S02]: Base table or view not found: 1146 Table 'saya.saya_admin_role' doesn't exist

[ 2017-07-05T23:12:43+08:00 ] ::1 /plum/1/login/
INFO: [ app_init ] --START--
INFO: Run Behavior\BuildLiteBehavior [ RunTime:0.000072s ]
INFO: [ app_init ] --END-- [ RunTime:0.001044s ]
INFO: [ app_begin ] --START--
INFO: Run Behavior\ReadHtmlCacheBehavior [ RunTime:0.001594s ]
INFO: [ app_begin ] --END-- [ RunTime:0.001997s ]

[ 2017-07-05T23:12:54+08:00 ] ::1 /plum/1/login/
INFO: [ app_init ] --START--
INFO: Run Behavior\BuildLiteBehavior [ RunTime:0.000146s ]
INFO: [ app_init ] --END-- [ RunTime:0.001885s ]
INFO: [ app_begin ] --START--
INFO: Run Behavior\ReadHtmlCacheBehavior [ RunTime:0.002130s ]
INFO: [ app_begin ] --END-- [ RunTime:0.002822s ]
SQL: SHOW COLUMNS FROM `saya_system` [ RunTime:0.0088s ]
SQL: SELECT `sLogo`,`sName`,`sCopyrightName`,`sCopyrightAuthor`,`sCheckCodeSwitch`,`sVersion`,`sCopyrightAuthorTel`,`sCopyrightAuthorQQ` FROM `saya_system` WHERE ( sId=1 ) LIMIT 1   [ RunTime:0.0007s ]
INFO: [ view_parse ] --START--
INFO: [ template_filter ] --START--
INFO: Run Behavior\ContentReplaceBehavior [ RunTime:0.000241s ]
INFO: [ template_filter ] --END-- [ RunTime:0.000686s ]
NOTIC: [8] Undefined index: sName E:\wampserver\www\Plum\1\Application\Runtime\Cache\Personnelsystem\a451a05b0825cb45a2701106fb08940a.php 第 9 行.
NOTIC: [8] Undefined index: sName E:\wampserver\www\Plum\1\Application\Runtime\Cache\Personnelsystem\a451a05b0825cb45a2701106fb08940a.php 第 28 行.
NOTIC: [8] Undefined index: sLogo E:\wampserver\www\Plum\1\Application\Runtime\Cache\Personnelsystem\a451a05b0825cb45a2701106fb08940a.php 第 30 行.
NOTIC: [8] Undefined index: sCheckCodeSwitch E:\wampserver\www\Plum\1\Application\Runtime\Cache\Personnelsystem\a451a05b0825cb45a2701106fb08940a.php 第 35 行.
INFO: Run Behavior\ParseTemplateBehavior [ RunTime:0.023227s ]
INFO: [ view_parse ] --END-- [ RunTime:0.023596s ]
INFO: [ view_filter ] --START--
INFO: Run Behavior\WriteHtmlCacheBehavior [ RunTime:0.001051s ]
INFO: [ view_filter ] --END-- [ RunTime:0.001401s ]
INFO: [ app_end ] --START--
INFO: Run Behavior\ShowPageTraceBehavior [ RunTime:0.001491s ]
INFO: [ app_end ] --END-- [ RunTime:0.001835s ]

[ 2017-07-05T23:12:54+08:00 ] ::1 /Plum/1/
INFO: [ app_init ] --START--
INFO: Run Behavior\BuildLiteBehavior [ RunTime:0.000129s ]
INFO: [ app_init ] --END-- [ RunTime:0.001880s ]
INFO: [ app_begin ] --START--
INFO: Run Behavior\ReadHtmlCacheBehavior [ RunTime:0.002603s ]
INFO: [ app_begin ] --END-- [ RunTime:0.003346s ]
SQL: SHOW COLUMNS FROM `saya_system` [ RunTime:0.0097s ]
SQL: SELECT `sLoginTimeout` FROM `saya_system` WHERE ( sId=1 ) LIMIT 1   [ RunTime:0.0010s ]
INFO: [ view_parse ] --START--
INFO: [ template_filter ] --START--
INFO: Run Behavior\ContentReplaceBehavior [ RunTime:0.000202s ]
INFO: [ template_filter ] --END-- [ RunTime:0.000568s ]
INFO: Run Behavior\ParseTemplateBehavior [ RunTime:0.025807s ]
INFO: [ view_parse ] --END-- [ RunTime:0.026374s ]
INFO: [ view_filter ] --START--
INFO: Run Behavior\WriteHtmlCacheBehavior [ RunTime:0.001195s ]
INFO: [ view_filter ] --END-- [ RunTime:0.001553s ]

[ 2017-07-05T23:13:23+08:00 ] ::1 /plum/1/login/
INFO: [ app_init ] --START--
INFO: Run Behavior\BuildLiteBehavior [ RunTime:0.000145s ]
INFO: [ app_init ] --END-- [ RunTime:0.001757s ]
INFO: [ app_begin ] --START--
INFO: Run Behavior\ReadHtmlCacheBehavior [ RunTime:0.002289s ]
INFO: [ app_begin ] --END-- [ RunTime:0.002899s ]

[ 2017-07-05T23:14:04+08:00 ] ::1 /plum/1/login/
INFO: [ app_init ] --START--
INFO: Run Behavior\BuildLiteBehavior [ RunTime:0.000090s ]
INFO: [ app_init ] --END-- [ RunTime:0.001437s ]
INFO: [ app_begin ] --START--
INFO: Run Behavior\ReadHtmlCacheBehavior [ RunTime:0.001469s ]
INFO: [ app_begin ] --END-- [ RunTime:0.001961s ]

[ 2017-07-05T23:14:05+08:00 ] ::1 /plum/1/login/
INFO: [ app_init ] --START--
INFO: Run Behavior\BuildLiteBehavior [ RunTime:0.000136s ]
INFO: [ app_init ] --END-- [ RunTime:0.001690s ]
INFO: [ app_begin ] --START--
INFO: Run Behavior\ReadHtmlCacheBehavior [ RunTime:0.002047s ]
INFO: [ app_begin ] --END-- [ RunTime:0.002759s ]

[ 2017-07-05T23:14:10+08:00 ] ::1 /plum/1/login/
INFO: [ app_init ] --START--
INFO: Run Behavior\BuildLiteBehavior [ RunTime:0.000070s ]
INFO: [ app_init ] --END-- [ RunTime:0.000998s ]
INFO: [ app_begin ] --START--
INFO: Run Behavior\ReadHtmlCacheBehavior [ RunTime:0.002088s ]
INFO: [ app_begin ] --END-- [ RunTime:0.002747s ]
SQL: SHOW COLUMNS FROM `saya_system` [ RunTime:0.0065s ]
SQL: SELECT `sLogo`,`sName`,`sCopyrightName`,`sCopyrightAuthor`,`sCheckCodeSwitch`,`sVersion`,`sCopyrightAuthorTel`,`sCopyrightAuthorQQ` FROM `saya_system` WHERE ( sId=1 ) LIMIT 1   [ RunTime:0.0008s ]

[ 2017-07-05T23:15:16+08:00 ] ::1 /plum/1/login/
INFO: [ app_init ] --START--
INFO: Run Behavior\BuildLiteBehavior [ RunTime:0.000117s ]
INFO: [ app_init ] --END-- [ RunTime:0.001787s ]
INFO: [ app_begin ] --START--
INFO: Run Behavior\ReadHtmlCacheBehavior [ RunTime:0.001509s ]
INFO: [ app_begin ] --END-- [ RunTime:0.001885s ]
SQL: SHOW COLUMNS FROM `saya_system` [ RunTime:0.0066s ]
SQL: SELECT `sLogo`,`sName`,`sCopyrightName`,`sCopyrightAuthor`,`sCheckCodeSwitch`,`sVersion`,`sCopyrightAuthorTel`,`sCopyrightAuthorQQ` FROM `saya_system` WHERE ( sId=1 ) LIMIT 1   [ RunTime:0.0007s ]
INFO: [ view_parse ] --START--
INFO: [ template_filter ] --START--
INFO: Run Behavior\ContentReplaceBehavior [ RunTime:0.000239s ]
INFO: [ template_filter ] --END-- [ RunTime:0.000789s ]
NOTIC: [8] Undefined index: sName E:\wampserver\www\Plum\1\Application\Runtime\Cache\Personnelsystem\a451a05b0825cb45a2701106fb08940a.php 第 28 行.
NOTIC: [8] Undefined index: sLogo E:\wampserver\www\Plum\1\Application\Runtime\Cache\Personnelsystem\a451a05b0825cb45a2701106fb08940a.php 第 30 行.
NOTIC: [8] Undefined index: sCheckCodeSwitch E:\wampserver\www\Plum\1\Application\Runtime\Cache\Personnelsystem\a451a05b0825cb45a2701106fb08940a.php 第 35 行.
INFO: Run Behavior\ParseTemplateBehavior [ RunTime:0.022698s ]
INFO: [ view_parse ] --END-- [ RunTime:0.023054s ]
INFO: [ view_filter ] --START--
INFO: Run Behavior\WriteHtmlCacheBehavior [ RunTime:0.000930s ]
INFO: [ view_filter ] --END-- [ RunTime:0.001252s ]
INFO: [ app_end ] --START--
INFO: Run Behavior\ShowPageTraceBehavior [ RunTime:0.001399s ]
INFO: [ app_end ] --END-- [ RunTime:0.001741s ]

[ 2017-07-05T23:15:16+08:00 ] ::1 /Plum/1/
INFO: [ app_init ] --START--
INFO: Run Behavior\BuildLiteBehavior [ RunTime:0.000070s ]
INFO: [ app_init ] --END-- [ RunTime:0.001107s ]
INFO: [ app_begin ] --START--
INFO: Run Behavior\ReadHtmlCacheBehavior [ RunTime:0.001488s ]
INFO: [ app_begin ] --END-- [ RunTime:0.001841s ]
SQL: SHOW COLUMNS FROM `saya_system` [ RunTime:0.0065s ]
SQL: SELECT `sLoginTimeout` FROM `saya_system` WHERE ( sId=1 ) LIMIT 1   [ RunTime:0.0007s ]
SQL: SELECT `sLoginTimeout` FROM `saya_system` WHERE ( sId=1 ) LIMIT 1   [ RunTime:0.0006s ]
NOTIC: [8] Undefined index: sLoginTimeout E:\wampserver\www\Plum\1\Application\Personnelsystem\Controller\LoginTrueController.class.php 第 11 行.
SQL: SELECT `sName`,`sDepartment`,`sCopyrightName`,`sCopyrightAuthor`,`sVersion`,`sCopyrightAuthorTel`,`sCopyrightAuthorQQ` FROM `saya_system` WHERE ( sId=1 ) LIMIT 1   [ RunTime:0.0009s ]
ERR: SQLSTATE[42S02]: Base table or view not found: 1146 Table 'saya.saya_admin_role' doesn't exist

[ 2017-07-05T23:15:24+08:00 ] ::1 /plum/1/login/
INFO: [ app_init ] --START--
INFO: Run Behavior\BuildLiteBehavior [ RunTime:0.000087s ]
INFO: [ app_init ] --END-- [ RunTime:0.001398s ]
INFO: [ app_begin ] --START--
INFO: Run Behavior\ReadHtmlCacheBehavior [ RunTime:0.002483s ]
INFO: [ app_begin ] --END-- [ RunTime:0.003030s ]
SQL: SHOW COLUMNS FROM `saya_system` [ RunTime:0.0061s ]
SQL: SELECT `sLogo`,`sName`,`sCopyrightName`,`sCopyrightAuthor`,`sCheckCodeSwitch`,`sVersion`,`sCopyrightAuthorTel`,`sCopyrightAuthorQQ` FROM `saya_system` WHERE ( sId=1 ) LIMIT 1   [ RunTime:0.0010s ]
INFO: [ view_parse ] --START--
INFO: [ template_filter ] --START--
INFO: Run Behavior\ContentReplaceBehavior [ RunTime:0.000381s ]
INFO: [ template_filter ] --END-- [ RunTime:0.000991s ]
NOTIC: [8] Undefined index: sName E:\wampserver\www\Plum\1\Application\Runtime\Cache\Personnelsystem\a451a05b0825cb45a2701106fb08940a.php 第 9 行.
NOTIC: [8] Undefined index: sName E:\wampserver\www\Plum\1\Application\Runtime\Cache\Personnelsystem\a451a05b0825cb45a2701106fb08940a.php 第 28 行.
NOTIC: [8] Undefined index: sLogo E:\wampserver\www\Plum\1\Application\Runtime\Cache\Personnelsystem\a451a05b0825cb45a2701106fb08940a.php 第 30 行.
NOTIC: [8] Undefined index: sCheckCodeSwitch E:\wampserver\www\Plum\1\Application\Runtime\Cache\Personnelsystem\a451a05b0825cb45a2701106fb08940a.php 第 35 行.
INFO: Run Behavior\ParseTemplateBehavior [ RunTime:0.025368s ]
INFO: [ view_parse ] --END-- [ RunTime:0.025868s ]
INFO: [ view_filter ] --START--
INFO: Run Behavior\WriteHtmlCacheBehavior [ RunTime:0.001150s ]
INFO: [ view_filter ] --END-- [ RunTime:0.001490s ]
INFO: [ app_end ] --START--
INFO: Run Behavior\ShowPageTraceBehavior [ RunTime:0.002140s ]
INFO: [ app_end ] --END-- [ RunTime:0.002681s ]

[ 2017-07-05T23:15:25+08:00 ] ::1 /Plum/1/
INFO: [ app_init ] --START--
INFO: Run Behavior\BuildLiteBehavior [ RunTime:0.000111s ]
INFO: [ app_init ] --END-- [ RunTime:0.001511s ]
INFO: [ app_begin ] --START--
INFO: Run Behavior\ReadHtmlCacheBehavior [ RunTime:0.001354s ]
INFO: [ app_begin ] --END-- [ RunTime:0.001700s ]
SQL: SHOW COLUMNS FROM `saya_system` [ RunTime:0.0074s ]
SQL: SELECT `sLoginTimeout` FROM `saya_system` WHERE ( sId=1 ) LIMIT 1   [ RunTime:0.0007s ]
INFO: [ view_parse ] --START--
INFO: [ template_filter ] --START--
INFO: Run Behavior\ContentReplaceBehavior [ RunTime:0.000186s ]
INFO: [ template_filter ] --END-- [ RunTime:0.000644s ]
INFO: Run Behavior\ParseTemplateBehavior [ RunTime:0.017815s ]
INFO: [ view_parse ] --END-- [ RunTime:0.018290s ]
INFO: [ view_filter ] --START--
INFO: Run Behavior\WriteHtmlCacheBehavior [ RunTime:0.000915s ]
INFO: [ view_filter ] --END-- [ RunTime:0.001261s ]

[ 2017-07-05T23:15:33+08:00 ] ::1 /plum/1/login/
INFO: [ app_init ] --START--
INFO: Run Behavior\BuildLiteBehavior [ RunTime:0.000117s ]
INFO: [ app_init ] --END-- [ RunTime:0.001822s ]
INFO: [ app_begin ] --START--
INFO: Run Behavior\ReadHtmlCacheBehavior [ RunTime:0.001845s ]
INFO: [ app_begin ] --END-- [ RunTime:0.002402s ]
SQL: SHOW COLUMNS FROM `saya_system` [ RunTime:0.0065s ]
SQL: SELECT `sLogo`,`sName`,`sCopyrightName`,`sCopyrightAuthor`,`sCheckCodeSwitch`,`sVersion`,`sCopyrightAuthorTel`,`sCopyrightAuthorQQ` FROM `saya_system` WHERE ( sId=1 ) LIMIT 1   [ RunTime:0.0008s ]
INFO: [ view_parse ] --START--
INFO: [ template_filter ] --START--
INFO: Run Behavior\ContentReplaceBehavior [ RunTime:0.000263s ]
INFO: [ template_filter ] --END-- [ RunTime:0.000632s ]
NOTIC: [8] Undefined index: sName E:\wampserver\www\Plum\1\Application\Runtime\Cache\Personnelsystem\a451a05b0825cb45a2701106fb08940a.php 第 28 行.
NOTIC: [8] Undefined index: sLogo E:\wampserver\www\Plum\1\Application\Runtime\Cache\Personnelsystem\a451a05b0825cb45a2701106fb08940a.php 第 30 行.
NOTIC: [8] Undefined index: sCheckCodeSwitch E:\wampserver\www\Plum\1\Application\Runtime\Cache\Personnelsystem\a451a05b0825cb45a2701106fb08940a.php 第 35 行.
INFO: Run Behavior\ParseTemplateBehavior [ RunTime:0.028421s ]
INFO: [ view_parse ] --END-- [ RunTime:0.028986s ]
INFO: [ view_filter ] --START--
INFO: Run Behavior\WriteHtmlCacheBehavior [ RunTime:0.001712s ]
INFO: [ view_filter ] --END-- [ RunTime:0.002310s ]
INFO: [ app_end ] --START--
INFO: Run Behavior\ShowPageTraceBehavior [ RunTime:0.002915s ]
INFO: [ app_end ] --END-- [ RunTime:0.003605s ]

[ 2017-07-05T23:15:33+08:00 ] ::1 /Plum/1/
INFO: [ app_init ] --START--
INFO: Run Behavior\BuildLiteBehavior [ RunTime:0.000086s ]
INFO: [ app_init ] --END-- [ RunTime:0.001235s ]
INFO: [ app_begin ] --START--
INFO: Run Behavior\ReadHtmlCacheBehavior [ RunTime:0.002774s ]
INFO: [ app_begin ] --END-- [ RunTime:0.003586s ]
SQL: SHOW COLUMNS FROM `saya_system` [ RunTime:0.0065s ]
SQL: SELECT `sLoginTimeout` FROM `saya_system` WHERE ( sId=1 ) LIMIT 1   [ RunTime:0.0011s ]
SQL: SELECT `sLoginTimeout` FROM `saya_system` WHERE ( sId=1 ) LIMIT 1   [ RunTime:0.0010s ]
NOTIC: [8] Undefined index: sLoginTimeout E:\wampserver\www\Plum\1\Application\Personnelsystem\Controller\LoginTrueController.class.php 第 11 行.
SQL: SELECT `sName`,`sDepartment`,`sCopyrightName`,`sCopyrightAuthor`,`sVersion`,`sCopyrightAuthorTel`,`sCopyrightAuthorQQ` FROM `saya_system` WHERE ( sId=1 ) LIMIT 1   [ RunTime:0.0009s ]
ERR: SQLSTATE[42S02]: Base table or view not found: 1146 Table 'saya.saya_admin_role' doesn't exist

[ 2017-07-05T23:15:39+08:00 ] ::1 /Plum/1/Personnelsystem/Login/CheckLogin/
INFO: [ app_init ] --START--
INFO: Run Behavior\BuildLiteBehavior [ RunTime:0.000136s ]
INFO: [ app_init ] --END-- [ RunTime:0.001742s ]
INFO: [ app_begin ] --START--
INFO: Run Behavior\ReadHtmlCacheBehavior [ RunTime:0.001912s ]
INFO: [ app_begin ] --END-- [ RunTime:0.002551s ]
SQL: SHOW COLUMNS FROM `saya_system` [ RunTime:0.0075s ]
SQL: SELECT `sCheckCodeSwitch`,`sErrorPwdLockNum`,`sLoginTimeout` FROM `saya_system` WHERE ( sId=1 ) LIMIT 1   [ RunTime:0.0006s ]
NOTIC: [8] Undefined index: sCheckCodeSwitch E:\wampserver\www\Plum\1\Application\Personnelsystem\Controller\LoginController.class.php 第 24 行.

[ 2017-07-05T23:17:31+08:00 ] ::1 /Plum/1/Personnelsystem/Login/CheckLogin/
INFO: [ app_init ] --START--
INFO: Run Behavior\BuildLiteBehavior [ RunTime:0.000086s ]
INFO: [ app_init ] --END-- [ RunTime:0.001497s ]
INFO: [ app_begin ] --START--
INFO: Run Behavior\ReadHtmlCacheBehavior [ RunTime:0.001688s ]
INFO: [ app_begin ] --END-- [ RunTime:0.002154s ]
SQL: SHOW COLUMNS FROM `saya_system` [ RunTime:0.0065s ]
SQL: SELECT `sCheckCodeSwitch`,`sErrorPwdLockNum`,`sLoginTimeout` FROM `saya_system` WHERE ( sId=1 ) LIMIT 1   [ RunTime:0.0007s ]
NOTIC: [8] Undefined index: sCheckCodeSwitch E:\wampserver\www\Plum\1\Application\Personnelsystem\Controller\LoginController.class.php 第 24 行.
SQL: SHOW COLUMNS FROM `saya_admin` [ RunTime:0.0062s ]
SQL: SELECT * FROM `saya_admin` WHERE ( aUser='system' OR aTel='system' ) LIMIT 1   [ RunTime:0.0008s ]

[ 2017-07-05T23:19:12+08:00 ] ::1 /Plum/1/Personnelsystem/Login/CheckLogin/
INFO: [ app_init ] --START--
INFO: Run Behavior\BuildLiteBehavior [ RunTime:0.000084s ]
INFO: [ app_init ] --END-- [ RunTime:0.001250s ]
INFO: [ app_begin ] --START--
INFO: Run Behavior\ReadHtmlCacheBehavior [ RunTime:0.002599s ]
INFO: [ app_begin ] --END-- [ RunTime:0.003227s ]
SQL: SHOW COLUMNS FROM `saya_system` [ RunTime:0.0072s ]
SQL: SELECT `sCheckCodeSwitch`,`sErrorPwdLockNum`,`sLoginTimeout` FROM `saya_system` WHERE ( sId=1 ) LIMIT 1   [ RunTime:0.0006s ]
NOTIC: [8] Undefined index: sCheckCodeSwitch E:\wampserver\www\Plum\1\Application\Personnelsystem\Controller\LoginController.class.php 第 24 行.
SQL: SHOW COLUMNS FROM `saya_admin` [ RunTime:0.0063s ]
SQL: SELECT * FROM `saya_admin` WHERE ( aUser='system' OR aTel='system' ) LIMIT 1   [ RunTime:0.0008s ]
NOTIC: [8] Undefined index: aPwd E:\wampserver\www\Plum\1\Application\Personnelsystem\Controller\LoginController.class.php 第 40 行.
NOTIC: [8] Undefined index: aId E:\wampserver\www\Plum\1\Application\Personnelsystem\Controller\LoginController.class.php 第 62 行.
NOTIC: [8] Undefined index: aErrorPwdNum E:\wampserver\www\Plum\1\Application\Personnelsystem\Controller\LoginController.class.php 第 65 行.
SQL: UPDATE `saya_admin` SET `aErrorPwdNum`='1' WHERE ( aUser='system' OR aTel='system' ) [ RunTime:0.0008s ]
NOTIC: [8] Undefined index: sErrorPwdLockNum E:\wampserver\www\Plum\1\Application\Personnelsystem\Controller\LoginController.class.php 第 67 行.
INFO: [ view_parse ] --START--
INFO: [ template_filter ] --START--
INFO: Run Behavior\ContentReplaceBehavior [ RunTime:0.000192s ]
INFO: [ template_filter ] --END-- [ RunTime:0.000562s ]
INFO: Run Behavior\ParseTemplateBehavior [ RunTime:0.016885s ]
INFO: [ view_parse ] --END-- [ RunTime:0.017248s ]
INFO: [ view_filter ] --START--
INFO: Run Behavior\WriteHtmlCacheBehavior [ RunTime:0.001082s ]
INFO: [ view_filter ] --END-- [ RunTime:0.001415s ]

[ 2017-07-05T23:19:19+08:00 ] ::1 /Plum/1/
INFO: [ app_init ] --START--
INFO: Run Behavior\BuildLiteBehavior [ RunTime:0.000085s ]
INFO: [ app_init ] --END-- [ RunTime:0.001347s ]
INFO: [ app_begin ] --START--
INFO: Run Behavior\ReadHtmlCacheBehavior [ RunTime:0.002015s ]
INFO: [ app_begin ] --END-- [ RunTime:0.002603s ]
SQL: SHOW COLUMNS FROM `saya_system` [ RunTime:0.0092s ]
SQL: SELECT `sLoginTimeout` FROM `saya_system` WHERE ( sId=1 ) LIMIT 1   [ RunTime:0.0007s ]
INFO: [ view_parse ] --START--
INFO: [ template_filter ] --START--
INFO: Run Behavior\ContentReplaceBehavior [ RunTime:0.000357s ]
INFO: [ template_filter ] --END-- [ RunTime:0.001105s ]
INFO: Run Behavior\ParseTemplateBehavior [ RunTime:0.019179s ]
INFO: [ view_parse ] --END-- [ RunTime:0.019639s ]
INFO: [ view_filter ] --START--
INFO: Run Behavior\WriteHtmlCacheBehavior [ RunTime:0.001308s ]
INFO: [ view_filter ] --END-- [ RunTime:0.001657s ]

[ 2017-07-05T23:20:03+08:00 ] ::1 /Plum/1/Personnelsystem/Login/CheckLogin/
INFO: [ app_init ] --START--
INFO: Run Behavior\BuildLiteBehavior [ RunTime:0.000084s ]
INFO: [ app_init ] --END-- [ RunTime:0.001434s ]
INFO: [ app_begin ] --START--
INFO: Run Behavior\ReadHtmlCacheBehavior [ RunTime:0.002332s ]
INFO: [ app_begin ] --END-- [ RunTime:0.002866s ]
SQL: SHOW COLUMNS FROM `saya_system` [ RunTime:0.0083s ]
SQL: SELECT `sCheckCodeSwitch`,`sErrorPwdLockNum`,`sLoginTimeout` FROM `saya_system` WHERE ( sId=1 ) LIMIT 1   [ RunTime:0.0007s ]
NOTIC: [8] Undefined index: sCheckCodeSwitch E:\wampserver\www\Plum\1\Application\Personnelsystem\Controller\LoginController.class.php 第 24 行.
SQL: SHOW COLUMNS FROM `saya_admin` [ RunTime:0.0079s ]
SQL: SELECT * FROM `saya_admin` WHERE ( aUser='system' OR aTel='system' ) LIMIT 1   [ RunTime:0.0008s ]
NOTIC: [8] Undefined index: aId E:\wampserver\www\Plum\1\Application\Personnelsystem\Controller\LoginController.class.php 第 62 行.
NOTIC: [8] Undefined index: aErrorPwdNum E:\wampserver\www\Plum\1\Application\Personnelsystem\Controller\LoginController.class.php 第 65 行.
SQL: UPDATE `saya_admin` SET `aErrorPwdNum`='1' WHERE ( aUser='system' OR aTel='system' ) [ RunTime:0.0006s ]
NOTIC: [8] Undefined index: sErrorPwdLockNum E:\wampserver\www\Plum\1\Application\Personnelsystem\Controller\LoginController.class.php 第 67 行.
INFO: [ view_parse ] --START--
INFO: [ template_filter ] --START--
INFO: Run Behavior\ContentReplaceBehavior [ RunTime:0.000189s ]
INFO: [ template_filter ] --END-- [ RunTime:0.000577s ]
INFO: Run Behavior\ParseTemplateBehavior [ RunTime:0.017732s ]
INFO: [ view_parse ] --END-- [ RunTime:0.018167s ]
INFO: [ view_filter ] --START--
INFO: Run Behavior\WriteHtmlCacheBehavior [ RunTime:0.000965s ]
INFO: [ view_filter ] --END-- [ RunTime:0.001322s ]

[ 2017-07-05T23:20:09+08:00 ] ::1 /Plum/1/
INFO: [ app_init ] --START--
INFO: Run Behavior\BuildLiteBehavior [ RunTime:0.000085s ]
INFO: [ app_init ] --END-- [ RunTime:0.001158s ]
INFO: [ app_begin ] --START--
INFO: Run Behavior\ReadHtmlCacheBehavior [ RunTime:0.002171s ]
INFO: [ app_begin ] --END-- [ RunTime:0.002665s ]
SQL: SHOW COLUMNS FROM `saya_system` [ RunTime:0.0080s ]
SQL: SELECT `sLoginTimeout` FROM `saya_system` WHERE ( sId=1 ) LIMIT 1   [ RunTime:0.0007s ]
SQL: SELECT `sLoginTimeout` FROM `saya_system` WHERE ( sId=1 ) LIMIT 1   [ RunTime:0.0006s ]
NOTIC: [8] Undefined index: sLoginTimeout E:\wampserver\www\Plum\1\Application\Personnelsystem\Controller\LoginTrueController.class.php 第 11 行.
SQL: SELECT `sName`,`sDepartment`,`sCopyrightName`,`sCopyrightAuthor`,`sVersion`,`sCopyrightAuthorTel`,`sCopyrightAuthorQQ` FROM `saya_system` WHERE ( sId=1 ) LIMIT 1   [ RunTime:0.0007s ]
ERR: SQLSTATE[42S02]: Base table or view not found: 1146 Table 'saya.saya_admin_role' doesn't exist

[ 2017-07-05T23:20:18+08:00 ] ::1 /Plum/1/Personnelsystem/Login/CheckLogin/
INFO: [ app_init ] --START--
INFO: Run Behavior\BuildLiteBehavior [ RunTime:0.000087s ]
INFO: [ app_init ] --END-- [ RunTime:0.001229s ]
INFO: [ app_begin ] --START--
INFO: Run Behavior\ReadHtmlCacheBehavior [ RunTime:0.002219s ]
INFO: [ app_begin ] --END-- [ RunTime:0.003537s ]
SQL: SHOW COLUMNS FROM `saya_system` [ RunTime:0.0072s ]
SQL: SELECT `sCheckCodeSwitch`,`sErrorPwdLockNum`,`sLoginTimeout` FROM `saya_system` WHERE ( sId=1 ) LIMIT 1   [ RunTime:0.0008s ]
NOTIC: [8] Undefined index: sCheckCodeSwitch E:\wampserver\www\Plum\1\Application\Personnelsystem\Controller\LoginController.class.php 第 24 行.
SQL: SHOW COLUMNS FROM `saya_admin` [ RunTime:0.0076s ]
SQL: SELECT * FROM `saya_admin` WHERE ( aUser='system' OR aTel='system' ) LIMIT 1   [ RunTime:0.0009s ]
NOTIC: [8] Undefined index: aStatic E:\wampserver\www\Plum\1\Application\Personnelsystem\Controller\LoginController.class.php 第 41 行.
INFO: [ view_parse ] --START--
INFO: [ template_filter ] --START--
INFO: Run Behavior\ContentReplaceBehavior [ RunTime:0.000299s ]
INFO: [ template_filter ] --END-- [ RunTime:0.000826s ]
INFO: Run Behavior\ParseTemplateBehavior [ RunTime:0.019196s ]
INFO: [ view_parse ] --END-- [ RunTime:0.019818s ]
INFO: [ view_filter ] --START--
INFO: Run Behavior\WriteHtmlCacheBehavior [ RunTime:0.001363s ]
INFO: [ view_filter ] --END-- [ RunTime:0.001962s ]

[ 2017-07-05T23:20:23+08:00 ] ::1 /Plum/1/
INFO: [ app_init ] --START--
INFO: Run Behavior\BuildLiteBehavior [ RunTime:0.000102s ]
INFO: [ app_init ] --END-- [ RunTime:0.001191s ]
INFO: [ app_begin ] --START--
INFO: Run Behavior\ReadHtmlCacheBehavior [ RunTime:0.001826s ]
INFO: [ app_begin ] --END-- [ RunTime:0.002366s ]
SQL: SHOW COLUMNS FROM `saya_system` [ RunTime:0.0082s ]
SQL: SELECT `sLoginTimeout` FROM `saya_system` WHERE ( sId=1 ) LIMIT 1   [ RunTime:0.0008s ]
INFO: [ view_parse ] --START--
INFO: [ template_filter ] --START--
INFO: Run Behavior\ContentReplaceBehavior [ RunTime:0.000208s ]
INFO: [ template_filter ] --END-- [ RunTime:0.000742s ]
INFO: Run Behavior\ParseTemplateBehavior [ RunTime:0.020422s ]
INFO: [ view_parse ] --END-- [ RunTime:0.020991s ]
INFO: [ view_filter ] --START--
INFO: Run Behavior\WriteHtmlCacheBehavior [ RunTime:0.000924s ]
INFO: [ view_filter ] --END-- [ RunTime:0.001437s ]

[ 2017-07-05T23:28:17+08:00 ] ::1 /Plum/1/Personnelsystem/Login/CheckLogin/
INFO: [ app_init ] --START--
INFO: Run Behavior\BuildLiteBehavior [ RunTime:0.000071s ]
INFO: [ app_init ] --END-- [ RunTime:0.001410s ]
INFO: [ app_begin ] --START--
INFO: Run Behavior\ReadHtmlCacheBehavior [ RunTime:0.001485s ]
INFO: [ app_begin ] --END-- [ RunTime:0.001850s ]
SQL: SHOW COLUMNS FROM `saya_system` [ RunTime:0.0068s ]
SQL: SELECT `sCheckCodeSwitch`,`sErrorPwdLockNum`,`sLoginTimeout` FROM `saya_system` WHERE ( sId=1 ) LIMIT 1   [ RunTime:0.0007s ]
SQL: SHOW COLUMNS FROM `saya_admin` [ RunTime:0.0074s ]
SQL: SELECT * FROM `saya_admin` WHERE ( aUser='system' OR aTel='system' ) LIMIT 1   [ RunTime:0.0007s ]
SQL: UPDATE `saya_admin` SET `aLoginNum`='1',`aErrorPwdNum`='0' WHERE ( aUser='system' OR aTel='system' ) [ RunTime:0.0007s ]
INFO: [ view_parse ] --START--
INFO: [ template_filter ] --START--
INFO: Run Behavior\ContentReplaceBehavior [ RunTime:0.000187s ]
INFO: [ template_filter ] --END-- [ RunTime:0.000551s ]
INFO: Run Behavior\ParseTemplateBehavior [ RunTime:0.019518s ]
INFO: [ view_parse ] --END-- [ RunTime:0.020083s ]
INFO: [ view_filter ] --START--
INFO: Run Behavior\WriteHtmlCacheBehavior [ RunTime:0.001076s ]
INFO: [ view_filter ] --END-- [ RunTime:0.001481s ]
INFO: [ app_end ] --START--
INFO: Run Behavior\ShowPageTraceBehavior [ RunTime:0.001412s ]
INFO: [ app_end ] --END-- [ RunTime:0.001770s ]

[ 2017-07-05T23:28:18+08:00 ] ::1 /Plum/1/Index.html
INFO: [ app_init ] --START--
INFO: Run Behavior\BuildLiteBehavior [ RunTime:0.000138s ]
INFO: [ app_init ] --END-- [ RunTime:0.001547s ]
INFO: [ app_begin ] --START--
INFO: Run Behavior\ReadHtmlCacheBehavior [ RunTime:0.001320s ]
INFO: [ app_begin ] --END-- [ RunTime:0.001711s ]
SQL: SHOW COLUMNS FROM `saya_system` [ RunTime:0.0087s ]
SQL: SELECT `sLoginTimeout` FROM `saya_system` WHERE ( sId=1 ) LIMIT 1   [ RunTime:0.0007s ]
SQL: SELECT `sLoginTimeout` FROM `saya_system` WHERE ( sId=1 ) LIMIT 1   [ RunTime:0.0005s ]
SQL: SELECT `sName`,`sDepartment`,`sCopyrightName`,`sCopyrightAuthor`,`sVersion`,`sCopyrightAuthorTel`,`sCopyrightAuthorQQ` FROM `saya_system` WHERE ( sId=1 ) LIMIT 1   [ RunTime:0.0009s ]
ERR: SQLSTATE[42S02]: Base table or view not found: 1146 Table 'saya.saya_admin_role' doesn't exist

[ 2017-07-05T23:29:37+08:00 ] ::1 /Plum/1/Index.html
INFO: [ app_init ] --START--
INFO: Run Behavior\BuildLiteBehavior [ RunTime:0.000080s ]
INFO: [ app_init ] --END-- [ RunTime:0.001376s ]
INFO: [ app_begin ] --START--
INFO: Run Behavior\ReadHtmlCacheBehavior [ RunTime:0.001937s ]
INFO: [ app_begin ] --END-- [ RunTime:0.002524s ]
SQL: SHOW COLUMNS FROM `saya_system` [ RunTime:0.0066s ]
SQL: SELECT `sLoginTimeout` FROM `saya_system` WHERE ( sId=1 ) LIMIT 1   [ RunTime:0.0006s ]
SQL: SELECT `sLoginTimeout` FROM `saya_system` WHERE ( sId=1 ) LIMIT 1   [ RunTime:0.0007s ]
SQL: SELECT `sName`,`sDepartment`,`sCopyrightName`,`sCopyrightAuthor`,`sVersion`,`sCopyrightAuthorTel`,`sCopyrightAuthorQQ` FROM `saya_system` WHERE ( sId=1 ) LIMIT 1   [ RunTime:0.0007s ]
SQL: SHOW COLUMNS FROM `saya_admin_role` [ RunTime:0.0071s ]
NOTIC: [8] Undefined variable: morepowersValue E:\wampserver\www\Plum\1\Application\Personnelsystem\Controller\IndexController.class.php 第 30 行.
ERR: SQLSTATE[42S02]: Base table or view not found: 1146 Table 'saya.saya_department' doesn't exist

[ 2017-07-05T23:30:22+08:00 ] ::1 /Plum/1/Index.html
INFO: [ app_init ] --START--
INFO: Run Behavior\BuildLiteBehavior [ RunTime:0.000071s ]
INFO: [ app_init ] --END-- [ RunTime:0.001110s ]
INFO: [ app_begin ] --START--
INFO: Run Behavior\ReadHtmlCacheBehavior [ RunTime:0.001602s ]
INFO: [ app_begin ] --END-- [ RunTime:0.001994s ]
SQL: SHOW COLUMNS FROM `saya_system` [ RunTime:0.0066s ]
SQL: SELECT `sLoginTimeout` FROM `saya_system` WHERE ( sId=1 ) LIMIT 1   [ RunTime:0.0008s ]
SQL: SELECT `sLoginTimeout` FROM `saya_system` WHERE ( sId=1 ) LIMIT 1   [ RunTime:0.0006s ]
SQL: SELECT `sName`,`sDepartment`,`sCopyrightName`,`sCopyrightAuthor`,`sVersion`,`sCopyrightAuthorTel`,`sCopyrightAuthorQQ` FROM `saya_system` WHERE ( sId=1 ) LIMIT 1   [ RunTime:0.0007s ]
SQL: SHOW COLUMNS FROM `saya_admin_role` [ RunTime:0.0060s ]
NOTIC: [8] Undefined variable: morepowersValue E:\wampserver\www\Plum\1\Application\Personnelsystem\Controller\IndexController.class.php 第 30 行.
SQL: SHOW COLUMNS FROM `saya_department` [ RunTime:0.0069s ]
SQL: SELECT * FROM `saya_department` WHERE ( dId=0 ) LIMIT 1   [ RunTime:0.0006s ]
SQL: SELECT `sLoginTimeout` FROM `saya_system` WHERE ( sId=1 ) LIMIT 1   [ RunTime:0.0006s ]
SQL: SELECT `sLoginTimeout` FROM `saya_system` WHERE ( sId=1 ) LIMIT 1   [ RunTime:0.0006s ]
ERR: SQLSTATE[42S02]: Base table or view not found: 1146 Table 'saya.saya_staff' doesn't exist

[ 2017-07-05T23:31:15+08:00 ] ::1 /Plum/1/Index.html
INFO: [ app_init ] --START--
INFO: Run Behavior\BuildLiteBehavior [ RunTime:0.000071s ]
INFO: [ app_init ] --END-- [ RunTime:0.001160s ]
INFO: [ app_begin ] --START--
INFO: Run Behavior\ReadHtmlCacheBehavior [ RunTime:0.001383s ]
INFO: [ app_begin ] --END-- [ RunTime:0.001749s ]
SQL: SHOW COLUMNS FROM `saya_system` [ RunTime:0.0063s ]
SQL: SELECT `sLoginTimeout` FROM `saya_system` WHERE ( sId=1 ) LIMIT 1   [ RunTime:0.0006s ]
SQL: SELECT `sLoginTimeout` FROM `saya_system` WHERE ( sId=1 ) LIMIT 1   [ RunTime:0.0004s ]
SQL: SELECT `sName`,`sDepartment`,`sCopyrightName`,`sCopyrightAuthor`,`sVersion`,`sCopyrightAuthorTel`,`sCopyrightAuthorQQ` FROM `saya_system` WHERE ( sId=1 ) LIMIT 1   [ RunTime:0.0006s ]
SQL: SHOW COLUMNS FROM `saya_admin_role` [ RunTime:0.0061s ]
NOTIC: [8] Undefined variable: morepowersValue E:\wampserver\www\Plum\1\Application\Personnelsystem\Controller\IndexController.class.php 第 30 行.
SQL: SHOW COLUMNS FROM `saya_department` [ RunTime:0.0059s ]
SQL: SELECT * FROM `saya_department` WHERE ( dId=0 ) LIMIT 1   [ RunTime:0.0006s ]
SQL: SELECT `sLoginTimeout` FROM `saya_system` WHERE ( sId=1 ) LIMIT 1   [ RunTime:0.0006s ]
SQL: SELECT `sLoginTimeout` FROM `saya_system` WHERE ( sId=1 ) LIMIT 1   [ RunTime:0.0008s ]
SQL: SHOW COLUMNS FROM `saya_staff` [ RunTime:0.0386s ]
SQL: SELECT COUNT(*) AS tp_count FROM `saya_staff` WHERE `stBirthdate` LIKE '%07-05%' AND `stBirthdateType` = 1 LIMIT 1   [ RunTime:0.0168s ]
SQL: SELECT COUNT(*) AS tp_count FROM `saya_staff` WHERE `stBirthdate` LIKE '%06-12%' AND `stBirthdateType` = 2 LIMIT 1   [ RunTime:0.0005s ]
ERR: SQLSTATE[42S02]: Base table or view not found: 1146 Table 'saya.saya_hdmenu' doesn't exist

[ 2017-07-05T23:31:58+08:00 ] ::1 /Plum/1/Index.html
INFO: [ app_init ] --START--
INFO: Run Behavior\BuildLiteBehavior [ RunTime:0.000073s ]
INFO: [ app_init ] --END-- [ RunTime:0.001149s ]
INFO: [ app_begin ] --START--
INFO: Run Behavior\ReadHtmlCacheBehavior [ RunTime:0.001359s ]
INFO: [ app_begin ] --END-- [ RunTime:0.001723s ]
SQL: SHOW COLUMNS FROM `saya_system` [ RunTime:0.0063s ]
SQL: SELECT `sLoginTimeout` FROM `saya_system` WHERE ( sId=1 ) LIMIT 1   [ RunTime:0.0006s ]
SQL: SELECT `sLoginTimeout` FROM `saya_system` WHERE ( sId=1 ) LIMIT 1   [ RunTime:0.0006s ]
SQL: SELECT `sName`,`sDepartment`,`sCopyrightName`,`sCopyrightAuthor`,`sVersion`,`sCopyrightAuthorTel`,`sCopyrightAuthorQQ` FROM `saya_system` WHERE ( sId=1 ) LIMIT 1   [ RunTime:0.0007s ]
SQL: SHOW COLUMNS FROM `saya_admin_role` [ RunTime:0.0055s ]
NOTIC: [8] Undefined variable: morepowersValue E:\wampserver\www\Plum\1\Application\Personnelsystem\Controller\IndexController.class.php 第 30 行.
SQL: SHOW COLUMNS FROM `saya_department` [ RunTime:0.0067s ]
SQL: SELECT * FROM `saya_department` WHERE ( dId=0 ) LIMIT 1   [ RunTime:0.0006s ]
SQL: SELECT `sLoginTimeout` FROM `saya_system` WHERE ( sId=1 ) LIMIT 1   [ RunTime:0.0006s ]
SQL: SELECT `sLoginTimeout` FROM `saya_system` WHERE ( sId=1 ) LIMIT 1   [ RunTime:0.0006s ]
SQL: SHOW COLUMNS FROM `saya_staff` [ RunTime:0.0065s ]
SQL: SELECT COUNT(*) AS tp_count FROM `saya_staff` WHERE `stBirthdate` LIKE '%07-05%' AND `stBirthdateType` = 1 LIMIT 1   [ RunTime:0.0007s ]
SQL: SELECT COUNT(*) AS tp_count FROM `saya_staff` WHERE `stBirthdate` LIKE '%06-12%' AND `stBirthdateType` = 2 LIMIT 1   [ RunTime:0.0006s ]
SQL: SHOW COLUMNS FROM `saya_hdmenu` [ RunTime:0.0139s ]
SQL: SELECT * FROM `saya_hdmenu`  [ RunTime:0.0005s ]
INFO: [ view_parse ] --START--
INFO: [ template_filter ] --START--
INFO: Run Behavior\ContentReplaceBehavior [ RunTime:0.000554s ]
INFO: [ template_filter ] --END-- [ RunTime:0.000925s ]
NOTIC: [8] Undefined variable: rs_users E:\wampserver\www\Plum\1\Application\Runtime\Cache\Personnelsystem\893122f858811a5339e67690bf0a2103.php 第 32 行.
NOTIC: [8] Undefined variable: rs_admin E:\wampserver\www\Plum\1\Application\Runtime\Cache\Personnelsystem\893122f858811a5339e67690bf0a2103.php 第 32 行.
INFO: Run Behavior\ParseTemplateBehavior [ RunTime:0.047713s ]
INFO: [ view_parse ] --END-- [ RunTime:0.048080s ]
INFO: [ view_filter ] --START--
INFO: Run Behavior\WriteHtmlCacheBehavior [ RunTime:0.000867s ]
INFO: [ view_filter ] --END-- [ RunTime:0.001199s ]
INFO: [ app_end ] --START--
INFO: Run Behavior\ShowPageTraceBehavior [ RunTime:0.002089s ]
INFO: [ app_end ] --END-- [ RunTime:0.002702s ]

[ 2017-07-05T23:31:59+08:00 ] ::1 /Plum/1/Index/welcome
INFO: [ app_init ] --START--
INFO: Run Behavior\BuildLiteBehavior [ RunTime:0.000071s ]
INFO: [ app_init ] --END-- [ RunTime:0.001185s ]
INFO: [ app_begin ] --START--
INFO: Run Behavior\ReadHtmlCacheBehavior [ RunTime:0.001489s ]
INFO: [ app_begin ] --END-- [ RunTime:0.002075s ]
SQL: SHOW COLUMNS FROM `saya_system` [ RunTime:0.0084s ]
SQL: SELECT `sLoginTimeout` FROM `saya_system` WHERE ( sId=1 ) LIMIT 1   [ RunTime:0.0006s ]
SQL: SELECT `sLoginTimeout` FROM `saya_system` WHERE ( sId=1 ) LIMIT 1   [ RunTime:0.0005s ]
SQL: SHOW COLUMNS FROM `saya_admin` [ RunTime:0.0063s ]
SQL: SELECT `aLoginNum` FROM `saya_admin` WHERE ( aUser='system' ) LIMIT 1   [ RunTime:0.0007s ]
SQL: SHOW COLUMNS FROM `saya_admin_role` [ RunTime:0.0062s ]
NOTIC: [8] Undefined variable: morepowersValue E:\wampserver\www\Plum\1\Application\Personnelsystem\Controller\IndexController.class.php 第 76 行.
SQL: SHOW COLUMNS FROM `saya_hdmenu` [ RunTime:0.0092s ]
SQL: SELECT * FROM `saya_hdmenu`  [ RunTime:0.0005s ]
SQL: SELECT COUNT(*) AS tp_count FROM `saya_admin_role` LIMIT 1   [ RunTime:0.0009s ]
SQL: SELECT COUNT(*) AS tp_count FROM `saya_admin` LIMIT 1   [ RunTime:0.0005s ]
SQL: SHOW COLUMNS FROM `saya_department` [ RunTime:0.0063s ]
SQL: SELECT COUNT(*) AS tp_count FROM `saya_department` LIMIT 1   [ RunTime:0.0005s ]
SQL: SHOW COLUMNS FROM `saya_staff` [ RunTime:0.0079s ]
SQL: SELECT COUNT(*) AS tp_count FROM `saya_staff` WHERE ( stBlacklist=0 ) LIMIT 1   [ RunTime:0.0005s ]
SQL: SELECT COUNT(*) AS tp_count FROM `saya_staff` WHERE ( stJobState=1 AND stBlacklist=0 ) LIMIT 1   [ RunTime:0.0005s ]
SQL: SELECT COUNT(*) AS tp_count FROM `saya_staff` WHERE ( stJobState=0 AND stBlacklist=0 ) LIMIT 1   [ RunTime:0.0005s ]
SQL: SELECT COUNT(*) AS tp_count FROM `saya_staff` WHERE ( stBlacklist=1 ) LIMIT 1   [ RunTime:0.0004s ]
SQL: SELECT `sName`,`sCopyrightName`,`sCopyrightAuthor`,`sCopyrightAuthorTel`,`sCopyrightAuthorQQ` FROM `saya_system` WHERE ( sId=1 ) LIMIT 1   [ RunTime:0.0006s ]
INFO: [ view_parse ] --START--
INFO: [ template_filter ] --START--
INFO: Run Behavior\ContentReplaceBehavior [ RunTime:0.000641s ]
INFO: [ template_filter ] --END-- [ RunTime:0.001441s ]
INFO: Run Behavior\ParseTemplateBehavior [ RunTime:0.042697s ]
INFO: [ view_parse ] --END-- [ RunTime:0.043092s ]
INFO: [ view_filter ] --START--
INFO: Run Behavior\WriteHtmlCacheBehavior [ RunTime:0.000844s ]
INFO: [ view_filter ] --END-- [ RunTime:0.001205s ]
INFO: [ app_end ] --START--
INFO: Run Behavior\ShowPageTraceBehavior [ RunTime:0.001355s ]
INFO: [ app_end ] --END-- [ RunTime:0.001727s ]

[ 2017-07-05T23:31:59+08:00 ] ::1 /Plum/1/favicon.ico
INFO: [ app_init ] --START--
INFO: Run Behavior\BuildLiteBehavior [ RunTime:0.000075s ]
INFO: [ app_init ] --END-- [ RunTime:0.001281s ]

[ 2017-07-05T23:32:08+08:00 ] ::1 /Plum/1/LoginTrue/ExitLogin
INFO: [ app_init ] --START--
INFO: Run Behavior\BuildLiteBehavior [ RunTime:0.000080s ]
INFO: [ app_init ] --END-- [ RunTime:0.001119s ]
INFO: [ app_begin ] --START--
INFO: Run Behavior\ReadHtmlCacheBehavior [ RunTime:0.001346s ]
INFO: [ app_begin ] --END-- [ RunTime:0.001698s ]
SQL: SHOW COLUMNS FROM `saya_system` [ RunTime:0.0061s ]
SQL: SELECT `sLoginTimeout` FROM `saya_system` WHERE ( sId=1 ) LIMIT 1   [ RunTime:0.0007s ]
SQL: SELECT `sLoginTimeout` FROM `saya_system` WHERE ( sId=1 ) LIMIT 1   [ RunTime:0.0006s ]
INFO: [ view_parse ] --START--
INFO: [ template_filter ] --START--
INFO: Run Behavior\ContentReplaceBehavior [ RunTime:0.000350s ]
INFO: [ template_filter ] --END-- [ RunTime:0.001062s ]
INFO: Run Behavior\ParseTemplateBehavior [ RunTime:0.026335s ]
INFO: [ view_parse ] --END-- [ RunTime:0.026700s ]
INFO: [ view_filter ] --START--
INFO: Run Behavior\WriteHtmlCacheBehavior [ RunTime:0.000899s ]
INFO: [ view_filter ] --END-- [ RunTime:0.001226s ]
INFO: [ app_end ] --START--
INFO: Run Behavior\ShowPageTraceBehavior [ RunTime:0.001355s ]
INFO: [ app_end ] --END-- [ RunTime:0.001672s ]

[ 2017-07-05T23:32:10+08:00 ] ::1 /Plum/1/login/index.html
INFO: [ app_init ] --START--
INFO: Run Behavior\BuildLiteBehavior [ RunTime:0.000116s ]
INFO: [ app_init ] --END-- [ RunTime:0.001579s ]
INFO: [ app_begin ] --START--
INFO: Run Behavior\ReadHtmlCacheBehavior [ RunTime:0.002063s ]
INFO: [ app_begin ] --END-- [ RunTime:0.002707s ]
SQL: SHOW COLUMNS FROM `saya_system` [ RunTime:0.0074s ]
SQL: SELECT `sLogo`,`sName`,`sCopyrightName`,`sCopyrightAuthor`,`sCheckCodeSwitch`,`sVersion`,`sCopyrightAuthorTel`,`sCopyrightAuthorQQ` FROM `saya_system` WHERE ( sId=1 ) LIMIT 1   [ RunTime:0.0008s ]
INFO: [ view_parse ] --START--
INFO: [ template_filter ] --START--
INFO: Run Behavior\ContentReplaceBehavior [ RunTime:0.000399s ]
INFO: [ template_filter ] --END-- [ RunTime:0.001127s ]
NOTIC: [8] Undefined index: sname E:\wampserver\www\Plum\1\Application\Runtime\Cache\Personnelsystem\a451a05b0825cb45a2701106fb08940a.php 第 9 行.
INFO: Run Behavior\ParseTemplateBehavior [ RunTime:0.031362s ]
INFO: [ view_parse ] --END-- [ RunTime:0.031885s ]
INFO: [ view_filter ] --START--
INFO: Run Behavior\WriteHtmlCacheBehavior [ RunTime:0.001896s ]
INFO: [ view_filter ] --END-- [ RunTime:0.002610s ]
INFO: [ app_end ] --START--
INFO: Run Behavior\ShowPageTraceBehavior [ RunTime:0.001596s ]
INFO: [ app_end ] --END-- [ RunTime:0.001938s ]

[ 2017-07-05T23:32:10+08:00 ] ::1 /Plum/1/
INFO: [ app_init ] --START--
INFO: Run Behavior\BuildLiteBehavior [ RunTime:0.000140s ]
INFO: [ app_init ] --END-- [ RunTime:0.001730s ]
INFO: [ app_begin ] --START--
INFO: Run Behavior\ReadHtmlCacheBehavior [ RunTime:0.002102s ]
INFO: [ app_begin ] --END-- [ RunTime:0.002785s ]
SQL: SHOW COLUMNS FROM `saya_system` [ RunTime:0.0089s ]
SQL: SELECT `sLoginTimeout` FROM `saya_system` WHERE ( sId=1 ) LIMIT 1   [ RunTime:0.0007s ]
SQL: SELECT `sLoginTimeout` FROM `saya_system` WHERE ( sId=1 ) LIMIT 1   [ RunTime:0.0007s ]
SQL: SELECT `sName`,`sDepartment`,`sCopyrightName`,`sCopyrightAuthor`,`sVersion`,`sCopyrightAuthorTel`,`sCopyrightAuthorQQ` FROM `saya_system` WHERE ( sId=1 ) LIMIT 1   [ RunTime:0.0008s ]
SQL: SHOW COLUMNS FROM `saya_admin_role` [ RunTime:0.0081s ]
NOTIC: [8] Undefined variable: morepowersValue E:\wampserver\www\Plum\1\Application\Personnelsystem\Controller\IndexController.class.php 第 30 行.
SQL: SHOW COLUMNS FROM `saya_department` [ RunTime:0.0087s ]
ERR: SQLSTATE[42000]: Syntax error or access violation: 1064 You have an error in your SQL syntax; check the manual that corresponds to your MySQL server version for the right syntax to use near ') LIMIT 1' at line 1

[ 2017-07-05T23:32:13+08:00 ] ::1 /Plum/1/Personnelsystem/Login/CheckLogin/
INFO: [ app_init ] --START--
INFO: Run Behavior\BuildLiteBehavior [ RunTime:0.000145s ]
INFO: [ app_init ] --END-- [ RunTime:0.001907s ]
INFO: [ app_begin ] --START--
INFO: Run Behavior\ReadHtmlCacheBehavior [ RunTime:0.001335s ]
INFO: [ app_begin ] --END-- [ RunTime:0.001713s ]
SQL: SHOW COLUMNS FROM `saya_system` [ RunTime:0.0077s ]
SQL: SELECT `sCheckCodeSwitch`,`sErrorPwdLockNum`,`sLoginTimeout` FROM `saya_system` WHERE ( sId=1 ) LIMIT 1   [ RunTime:0.0008s ]
SQL: SHOW COLUMNS FROM `saya_admin` [ RunTime:0.0079s ]
SQL: SELECT * FROM `saya_admin` WHERE ( aUser='system' OR aTel='system' ) LIMIT 1   [ RunTime:0.0008s ]
SQL: UPDATE `saya_admin` SET `aLoginNum`='2',`aErrorPwdNum`='0' WHERE ( aUser='system' OR aTel='system' ) [ RunTime:0.0009s ]
INFO: [ view_parse ] --START--
INFO: [ template_filter ] --START--
INFO: Run Behavior\ContentReplaceBehavior [ RunTime:0.000187s ]
INFO: [ template_filter ] --END-- [ RunTime:0.000570s ]
INFO: Run Behavior\ParseTemplateBehavior [ RunTime:0.017339s ]
INFO: [ view_parse ] --END-- [ RunTime:0.017727s ]
INFO: [ view_filter ] --START--
INFO: Run Behavior\WriteHtmlCacheBehavior [ RunTime:0.000838s ]
INFO: [ view_filter ] --END-- [ RunTime:0.001217s ]
INFO: [ app_end ] --START--
INFO: Run Behavior\ShowPageTraceBehavior [ RunTime:0.001320s ]
INFO: [ app_end ] --END-- [ RunTime:0.001735s ]

[ 2017-07-05T23:32:14+08:00 ] ::1 /Plum/1/Index.html
INFO: [ app_init ] --START--
INFO: Run Behavior\BuildLiteBehavior [ RunTime:0.000075s ]
INFO: [ app_init ] --END-- [ RunTime:0.001174s ]
INFO: [ app_begin ] --START--
INFO: Run Behavior\ReadHtmlCacheBehavior [ RunTime:0.001423s ]
INFO: [ app_begin ] --END-- [ RunTime:0.001786s ]
SQL: SHOW COLUMNS FROM `saya_system` [ RunTime:0.0084s ]
SQL: SELECT `sLoginTimeout` FROM `saya_system` WHERE ( sId=1 ) LIMIT 1   [ RunTime:0.0006s ]
SQL: SELECT `sLoginTimeout` FROM `saya_system` WHERE ( sId=1 ) LIMIT 1   [ RunTime:0.0005s ]
SQL: SELECT `sName`,`sDepartment`,`sCopyrightName`,`sCopyrightAuthor`,`sVersion`,`sCopyrightAuthorTel`,`sCopyrightAuthorQQ` FROM `saya_system` WHERE ( sId=1 ) LIMIT 1   [ RunTime:0.0006s ]
SQL: SHOW COLUMNS FROM `saya_admin_role` [ RunTime:0.0063s ]
NOTIC: [8] Undefined variable: morepowersValue E:\wampserver\www\Plum\1\Application\Personnelsystem\Controller\IndexController.class.php 第 30 行.
SQL: SHOW COLUMNS FROM `saya_department` [ RunTime:0.0063s ]
SQL: SELECT * FROM `saya_department` WHERE ( dId=0 ) LIMIT 1   [ RunTime:0.0008s ]
SQL: SELECT `sLoginTimeout` FROM `saya_system` WHERE ( sId=1 ) LIMIT 1   [ RunTime:0.0009s ]
SQL: SELECT `sLoginTimeout` FROM `saya_system` WHERE ( sId=1 ) LIMIT 1   [ RunTime:0.0007s ]
SQL: SHOW COLUMNS FROM `saya_staff` [ RunTime:0.0092s ]
SQL: SELECT COUNT(*) AS tp_count FROM `saya_staff` WHERE `stBirthdate` LIKE '%07-05%' AND `stBirthdateType` = 1 LIMIT 1   [ RunTime:0.0009s ]
SQL: SELECT COUNT(*) AS tp_count FROM `saya_staff` WHERE `stBirthdate` LIKE '%06-12%' AND `stBirthdateType` = 2 LIMIT 1   [ RunTime:0.0007s ]
SQL: SHOW COLUMNS FROM `saya_hdmenu` [ RunTime:0.0064s ]
SQL: SELECT * FROM `saya_hdmenu`  [ RunTime:0.0005s ]
INFO: [ view_parse ] --START--
INFO: [ template_filter ] --START--
INFO: Run Behavior\ContentReplaceBehavior [ RunTime:0.000540s ]
INFO: [ template_filter ] --END-- [ RunTime:0.000953s ]
NOTIC: [8] Undefined variable: rs_users E:\wampserver\www\Plum\1\Application\Runtime\Cache\Personnelsystem\893122f858811a5339e67690bf0a2103.php 第 32 行.
NOTIC: [8] Undefined variable: rs_admin E:\wampserver\www\Plum\1\Application\Runtime\Cache\Personnelsystem\893122f858811a5339e67690bf0a2103.php 第 32 行.
INFO: Run Behavior\ParseTemplateBehavior [ RunTime:0.055953s ]
INFO: [ view_parse ] --END-- [ RunTime:0.056351s ]
INFO: [ view_filter ] --START--
INFO: Run Behavior\WriteHtmlCacheBehavior [ RunTime:0.000986s ]
INFO: [ view_filter ] --END-- [ RunTime:0.001451s ]
INFO: [ app_end ] --START--
INFO: Run Behavior\ShowPageTraceBehavior [ RunTime:0.001529s ]
INFO: [ app_end ] --END-- [ RunTime:0.001900s ]

[ 2017-07-05T23:32:15+08:00 ] ::1 /Plum/1/Index/welcome
INFO: [ app_init ] --START--
INFO: Run Behavior\BuildLiteBehavior [ RunTime:0.000147s ]
INFO: [ app_init ] --END-- [ RunTime:0.001992s ]
INFO: [ app_begin ] --START--
INFO: Run Behavior\ReadHtmlCacheBehavior [ RunTime:0.001327s ]
INFO: [ app_begin ] --END-- [ RunTime:0.001682s ]
SQL: SHOW COLUMNS FROM `saya_system` [ RunTime:0.0080s ]
SQL: SELECT `sLoginTimeout` FROM `saya_system` WHERE ( sId=1 ) LIMIT 1   [ RunTime:0.0007s ]
SQL: SELECT `sLoginTimeout` FROM `saya_system` WHERE ( sId=1 ) LIMIT 1   [ RunTime:0.0006s ]
SQL: SHOW COLUMNS FROM `saya_admin` [ RunTime:0.0084s ]
SQL: SELECT `aLoginNum` FROM `saya_admin` WHERE ( aUser='system' ) LIMIT 1   [ RunTime:0.0008s ]
SQL: SHOW COLUMNS FROM `saya_admin_role` [ RunTime:0.0082s ]
NOTIC: [8] Undefined variable: morepowersValue E:\wampserver\www\Plum\1\Application\Personnelsystem\Controller\IndexController.class.php 第 76 行.
SQL: SHOW COLUMNS FROM `saya_hdmenu` [ RunTime:0.0094s ]
SQL: SELECT * FROM `saya_hdmenu`  [ RunTime:0.0013s ]
SQL: SELECT COUNT(*) AS tp_count FROM `saya_admin_role` LIMIT 1   [ RunTime:0.0008s ]
SQL: SELECT COUNT(*) AS tp_count FROM `saya_admin` LIMIT 1   [ RunTime:0.0007s ]
SQL: SHOW COLUMNS FROM `saya_department` [ RunTime:0.0079s ]
SQL: SELECT COUNT(*) AS tp_count FROM `saya_department` LIMIT 1   [ RunTime:0.0006s ]
SQL: SHOW COLUMNS FROM `saya_staff` [ RunTime:0.0277s ]
SQL: SELECT COUNT(*) AS tp_count FROM `saya_staff` WHERE ( stBlacklist=0 ) LIMIT 1   [ RunTime:0.0009s ]
SQL: SELECT COUNT(*) AS tp_count FROM `saya_staff` WHERE ( stJobState=1 AND stBlacklist=0 ) LIMIT 1   [ RunTime:0.0007s ]
SQL: SELECT COUNT(*) AS tp_count FROM `saya_staff` WHERE ( stJobState=0 AND stBlacklist=0 ) LIMIT 1   [ RunTime:0.0007s ]
SQL: SELECT COUNT(*) AS tp_count FROM `saya_staff` WHERE ( stBlacklist=1 ) LIMIT 1   [ RunTime:0.0006s ]
SQL: SELECT `sName`,`sCopyrightName`,`sCopyrightAuthor`,`sCopyrightAuthorTel`,`sCopyrightAuthorQQ` FROM `saya_system` WHERE ( sId=1 ) LIMIT 1   [ RunTime:0.0008s ]
INFO: [ view_parse ] --START--
INFO: [ template_filter ] --START--
INFO: Run Behavior\ContentReplaceBehavior [ RunTime:0.000670s ]
INFO: [ template_filter ] --END-- [ RunTime:0.001361s ]
INFO: Run Behavior\ParseTemplateBehavior [ RunTime:0.048739s ]
INFO: [ view_parse ] --END-- [ RunTime:0.049459s ]
INFO: [ view_filter ] --START--
INFO: Run Behavior\WriteHtmlCacheBehavior [ RunTime:0.001448s ]
INFO: [ view_filter ] --END-- [ RunTime:0.002111s ]
INFO: [ app_end ] --START--
INFO: Run Behavior\ShowPageTraceBehavior [ RunTime:0.003555s ]
INFO: [ app_end ] --END-- [ RunTime:0.004230s ]

[ 2017-07-05T23:33:33+08:00 ] ::1 /Plum/1/Department/add
INFO: [ app_init ] --START--
INFO: Run Behavior\BuildLiteBehavior [ RunTime:0.000070s ]
INFO: [ app_init ] --END-- [ RunTime:0.001119s ]
INFO: [ app_begin ] --START--
INFO: Run Behavior\ReadHtmlCacheBehavior [ RunTime:0.001453s ]
INFO: [ app_begin ] --END-- [ RunTime:0.001829s ]
SQL: SHOW COLUMNS FROM `saya_system` [ RunTime:0.0074s ]
SQL: SELECT `sLoginTimeout` FROM `saya_system` WHERE ( sId=1 ) LIMIT 1   [ RunTime:0.0009s ]
SQL: SELECT `sLoginTimeout` FROM `saya_system` WHERE ( sId=1 ) LIMIT 1   [ RunTime:0.0007s ]
SQL: SELECT `sDepartment` FROM `saya_system` WHERE ( sId=1 ) LIMIT 1   [ RunTime:0.0006s ]
INFO: [ view_parse ] --START--
INFO: [ template_filter ] --START--
INFO: Run Behavior\ContentReplaceBehavior [ RunTime:0.000315s ]
INFO: [ template_filter ] --END-- [ RunTime:0.000703s ]
NOTIC: [8] Undefined variable: rs_systemInfo E:\wampserver\www\Plum\1\Application\Runtime\Cache\Personnelsystem\e03550b126576d270e511c26c1942c17.php 第 38 行.
INFO: Run Behavior\ParseTemplateBehavior [ RunTime:0.023849s ]
INFO: [ view_parse ] --END-- [ RunTime:0.024188s ]
INFO: [ view_filter ] --START--
INFO: Run Behavior\WriteHtmlCacheBehavior [ RunTime:0.000858s ]
INFO: [ view_filter ] --END-- [ RunTime:0.001168s ]
INFO: [ app_end ] --START--
INFO: Run Behavior\ShowPageTraceBehavior [ RunTime:0.002015s ]
INFO: [ app_end ] --END-- [ RunTime:0.002417s ]

[ 2017-07-05T23:33:43+08:00 ] ::1 /Plum/1/Staff/lists
INFO: [ app_init ] --START--
INFO: Run Behavior\BuildLiteBehavior [ RunTime:0.000086s ]
INFO: [ app_init ] --END-- [ RunTime:0.001207s ]
INFO: [ app_begin ] --START--
INFO: Run Behavior\ReadHtmlCacheBehavior [ RunTime:0.001597s ]
INFO: [ app_begin ] --END-- [ RunTime:0.002044s ]
NOTIC: [2048] Declaration of Personnelsystem\Controller\StaffController::Show() should be compatible with Think\Controller::show($content, $charset = '', $contentType = '', $prefix = '') E:\wampserver\www\Plum\1\Application\Personnelsystem\Controller\StaffController.class.php 第 7 行.
SQL: SHOW COLUMNS FROM `saya_system` [ RunTime:0.0068s ]
SQL: SELECT `sLoginTimeout` FROM `saya_system` WHERE ( sId=1 ) LIMIT 1   [ RunTime:0.0007s ]
SQL: SELECT `sLoginTimeout` FROM `saya_system` WHERE ( sId=1 ) LIMIT 1   [ RunTime:0.0006s ]
SQL: SHOW COLUMNS FROM `saya_staff` [ RunTime:0.0070s ]
NOTIC: [8] Undefined index: depId E:\wampserver\www\Plum\1\Application\Personnelsystem\Controller\StaffController.class.php 第 170 行.
SQL: SELECT * FROM `saya_staff` WHERE ( stBlacklist=0 )  [ RunTime:0.0009s ]
INFO: [ view_parse ] --START--
INFO: [ template_filter ] --START--
INFO: Run Behavior\ContentReplaceBehavior [ RunTime:0.000403s ]
INFO: [ template_filter ] --END-- [ RunTime:0.000777s ]
INFO: Run Behavior\ParseTemplateBehavior [ RunTime:0.071004s ]
INFO: [ view_parse ] --END-- [ RunTime:0.071395s ]
INFO: [ view_filter ] --START--
INFO: Run Behavior\WriteHtmlCacheBehavior [ RunTime:0.001156s ]
INFO: [ view_filter ] --END-- [ RunTime:0.001496s ]
INFO: [ app_end ] --START--
INFO: Run Behavior\ShowPageTraceBehavior [ RunTime:0.002330s ]
INFO: [ app_end ] --END-- [ RunTime:0.002738s ]

[ 2017-07-05T23:34:00+08:00 ] ::1 /Plum/1/LoginTrue/ExitLogin
INFO: [ app_init ] --START--
INFO: Run Behavior\BuildLiteBehavior [ RunTime:0.000069s ]
INFO: [ app_init ] --END-- [ RunTime:0.001118s ]
INFO: [ app_begin ] --START--
INFO: Run Behavior\ReadHtmlCacheBehavior [ RunTime:0.001364s ]
INFO: [ app_begin ] --END-- [ RunTime:0.001741s ]
SQL: SHOW COLUMNS FROM `saya_system` [ RunTime:0.0066s ]
SQL: SELECT `sLoginTimeout` FROM `saya_system` WHERE ( sId=1 ) LIMIT 1   [ RunTime:0.0006s ]
SQL: SELECT `sLoginTimeout` FROM `saya_system` WHERE ( sId=1 ) LIMIT 1   [ RunTime:0.0006s ]
INFO: [ view_parse ] --START--
INFO: [ template_filter ] --START--
INFO: Run Behavior\ContentReplaceBehavior [ RunTime:0.000234s ]
INFO: [ template_filter ] --END-- [ RunTime:0.000612s ]
INFO: Run Behavior\ParseTemplateBehavior [ RunTime:0.016344s ]
INFO: [ view_parse ] --END-- [ RunTime:0.016719s ]
INFO: [ view_filter ] --START--
INFO: Run Behavior\WriteHtmlCacheBehavior [ RunTime:0.000778s ]
INFO: [ view_filter ] --END-- [ RunTime:0.001116s ]
INFO: [ app_end ] --START--
INFO: Run Behavior\ShowPageTraceBehavior [ RunTime:0.001229s ]
INFO: [ app_end ] --END-- [ RunTime:0.001565s ]

[ 2017-07-05T23:34:01+08:00 ] ::1 /Plum/1/login/index.html
INFO: [ app_init ] --START--
INFO: Run Behavior\BuildLiteBehavior [ RunTime:0.000072s ]
INFO: [ app_init ] --END-- [ RunTime:0.001054s ]
INFO: [ app_begin ] --START--
INFO: Run Behavior\ReadHtmlCacheBehavior [ RunTime:0.001371s ]
INFO: [ app_begin ] --END-- [ RunTime:0.001838s ]
SQL: SHOW COLUMNS FROM `saya_system` [ RunTime:0.0072s ]
SQL: SELECT `sLogo`,`sName`,`sCopyrightName`,`sCopyrightAuthor`,`sCheckCodeSwitch`,`sVersion`,`sCopyrightAuthorTel`,`sCopyrightAuthorQQ` FROM `saya_system` WHERE ( sId=1 ) LIMIT 1   [ RunTime:0.0007s ]
INFO: [ view_parse ] --START--
INFO: [ template_filter ] --START--
INFO: Run Behavior\ContentReplaceBehavior [ RunTime:0.000368s ]
INFO: [ template_filter ] --END-- [ RunTime:0.001005s ]
NOTIC: [8] Undefined index: sname E:\wampserver\www\Plum\1\Application\Runtime\Cache\Personnelsystem\a451a05b0825cb45a2701106fb08940a.php 第 9 行.
INFO: Run Behavior\ParseTemplateBehavior [ RunTime:0.021094s ]
INFO: [ view_parse ] --END-- [ RunTime:0.021690s ]
INFO: [ view_filter ] --START--
INFO: Run Behavior\WriteHtmlCacheBehavior [ RunTime:0.000877s ]
INFO: [ view_filter ] --END-- [ RunTime:0.001469s ]
INFO: [ app_end ] --START--
INFO: Run Behavior\ShowPageTraceBehavior [ RunTime:0.001139s ]
INFO: [ app_end ] --END-- [ RunTime:0.001592s ]

[ 2017-07-05T23:34:02+08:00 ] ::1 /Plum/1/
INFO: [ app_init ] --START--
INFO: Run Behavior\BuildLiteBehavior [ RunTime:0.000135s ]
INFO: [ app_init ] --END-- [ RunTime:0.001754s ]
INFO: [ app_begin ] --START--
INFO: Run Behavior\ReadHtmlCacheBehavior [ RunTime:0.001703s ]
INFO: [ app_begin ] --END-- [ RunTime:0.002514s ]
SQL: SHOW COLUMNS FROM `saya_system` [ RunTime:0.0110s ]
SQL: SELECT `sLoginTimeout` FROM `saya_system` WHERE ( sId=1 ) LIMIT 1   [ RunTime:0.0019s ]
SQL: SELECT `sLoginTimeout` FROM `saya_system` WHERE ( sId=1 ) LIMIT 1   [ RunTime:0.0008s ]
SQL: SELECT `sName`,`sDepartment`,`sCopyrightName`,`sCopyrightAuthor`,`sVersion`,`sCopyrightAuthorTel`,`sCopyrightAuthorQQ` FROM `saya_system` WHERE ( sId=1 ) LIMIT 1   [ RunTime:0.0009s ]
SQL: SHOW COLUMNS FROM `saya_admin_role` [ RunTime:0.0080s ]
NOTIC: [8] Undefined variable: morepowersValue E:\wampserver\www\Plum\1\Application\Personnelsystem\Controller\IndexController.class.php 第 30 行.
SQL: SHOW COLUMNS FROM `saya_department` [ RunTime:0.0083s ]
ERR: SQLSTATE[42000]: Syntax error or access violation: 1064 You have an error in your SQL syntax; check the manual that corresponds to your MySQL server version for the right syntax to use near ') LIMIT 1' at line 1

